C:\lscc\diamond\3.10_x64\synpbase\bin64\c_vhdl.exe  -osyn  D:\Sexto_Semestre\Arquitectura_Computadora\projectMachXO2\lcd01\lcd01\synwork\lcd01_lcd01_hdl_.srs  -top  toplcd00  -prodtype  synplify_pro  -dspmac -fixsmult -infer_seqShift -nram -sdff_counter -divnmod -nostructver  -encrypt  -pro  -dmgen  D:\Sexto_Semestre\Arquitectura_Computadora\projectMachXO2\lcd01\lcd01\dm  -lite -ui -fid2 -ram -sharing on -ll 2000 -autosm  -ignore_undefined_lib  -lib work C:\lscc\diamond\3.10_x64\cae_library\synthesis\vhdl\machxo2.vhd -lib work D:\Sexto_Semestre\Arquitectura_Computadora\projectMachXO2\lcd01\lcd01\source\div00.vhdl -lib work D:\Sexto_Semestre\Arquitectura_Computadora\projectMachXO2\lcd01\lcd01\source\osc00.vhdl -lib work D:\Sexto_Semestre\Arquitectura_Computadora\projectMachXO2\lcd01\lcd01\source\packagediv00.vhdl -lib work D:\Sexto_Semestre\Arquitectura_Computadora\projectMachXO2\lcd01\lcd01\source\topdiv00.vhdl -lib work D:\Sexto_Semestre\Arquitectura_Computadora\projectMachXO2\lcd01\lcd01\source\lcdConfig00.vhd -lib work D:\Sexto_Semestre\Arquitectura_Computadora\projectMachXO2\lcd01\lcd01\source\lcdContConfig00.vhd -lib work D:\Sexto_Semestre\Arquitectura_Computadora\projectMachXO2\lcd01\lcd01\source\lcdContData00.vhd -lib work D:\Sexto_Semestre\Arquitectura_Computadora\projectMachXO2\lcd01\lcd01\source\lcdData00.vhd -lib work D:\Sexto_Semestre\Arquitectura_Computadora\projectMachXO2\lcd01\lcd01\source\lcdmux00.vhd -lib work D:\Sexto_Semestre\Arquitectura_Computadora\projectMachXO2\lcd01\lcdContData01.vhd -lib work D:\Sexto_Semestre\Arquitectura_Computadora\projectMachXO2\lcd01\lcdData01.vhd -lib work D:\Sexto_Semestre\Arquitectura_Computadora\projectMachXO2\lcd01\lcdmux01.vhd -lib work D:\Sexto_Semestre\Arquitectura_Computadora\projectMachXO2\lcd01\lcdContSalto00.vhd -lib work D:\Sexto_Semestre\Arquitectura_Computadora\projectMachXO2\lcd01\lcdSalto00.vhd -lib work D:\Sexto_Semestre\Arquitectura_Computadora\projectMachXO2\lcd01\lcd01\source\packagelcd00.vhd -lib work D:\Sexto_Semestre\Arquitectura_Computadora\projectMachXO2\lcd01\lcd01\source\toplcd00.vhd  -log  D:\Sexto_Semestre\Arquitectura_Computadora\projectMachXO2\lcd01\lcd01\syntax.log  -fileorder  D:\Sexto_Semestre\Arquitectura_Computadora\projectMachXO2\lcd01\lcd01\syntmp\hdlorder.tcl  -jobname  "hdl_info_gen" 
relcom:C:\lscc\diamond\3.10_x64\synpbase\bin64\c_vhdl.exe -osyn ..\synwork\lcd01_lcd01_hdl_.srs -top toplcd00 -prodtype synplify_pro -dspmac -fixsmult -infer_seqShift -nram -sdff_counter -divnmod -nostructver -encrypt -pro -dmgen ..\dm -lite -ui -fid2 -ram -sharing on -ll 2000 -autosm -ignore_undefined_lib -lib work C:\lscc\diamond\3.10_x64\cae_library\synthesis\vhdl\machxo2.vhd -lib work ..\source\div00.vhdl -lib work ..\source\osc00.vhdl -lib work ..\source\packagediv00.vhdl -lib work ..\source\topdiv00.vhdl -lib work ..\source\lcdConfig00.vhd -lib work ..\source\lcdContConfig00.vhd -lib work ..\source\lcdContData00.vhd -lib work ..\source\lcdData00.vhd -lib work ..\source\lcdmux00.vhd -lib work ..\..\lcdContData01.vhd -lib work ..\..\lcdData01.vhd -lib work ..\..\lcdmux01.vhd -lib work ..\..\lcdContSalto00.vhd -lib work ..\..\lcdSalto00.vhd -lib work ..\source\packagelcd00.vhd -lib work ..\source\toplcd00.vhd -log ..\syntax.log -fileorder hdlorder.tcl -jobname "hdl_info_gen"
rc:0 success:1 runtime:0
file:..\synwork\lcd01_lcd01_hdl_.srs|io:o|time:0|size:0|exec:0|csum:
file:C:\lscc\diamond\3.10_x64\cae_library\synthesis\vhdl\machxo2.vhd|io:i|time:1493331104|size:73964|exec:0|csum:CFF92E93E4FE354031DBB4E0E47DD4A6
file:..\source\div00.vhdl|io:i|time:1550611156|size:2061|exec:0|csum:B9EC8F72302176F3EF60997FB69308A8
file:..\source\osc00.vhdl|io:i|time:1550532684|size:501|exec:0|csum:24065153F876BF4F35609D1F50606F51
file:..\source\packagediv00.vhdl|io:i|time:1550611072|size:337|exec:0|csum:CEEC647C41F1C41388FE6DC7197D7712
file:..\source\topdiv00.vhdl|io:i|time:1550611552|size:418|exec:0|csum:E1FEB281333D8E6B004925ED74158DF9
file:..\source\lcdConfig00.vhd|io:i|time:1557706416|size:3635|exec:0|csum:758E5C1AC0C637E7756E949C60342EA7
file:..\source\lcdContConfig00.vhd|io:i|time:1557390541|size:1011|exec:0|csum:AA5A21B7E6B22DF9576ED467B7239CBB
file:..\source\lcdContData00.vhd|io:i|time:1557736509|size:1343|exec:0|csum:980C9B413DF100A69B02BCAE54A97FDC
file:..\source\lcdData00.vhd|io:i|time:1557706673|size:1670|exec:0|csum:41D8EC2CB5CB114EF89FB423F11C6C3D
file:..\source\lcdmux00.vhd|io:i|time:1554158491|size:1155|exec:0|csum:1110D3BD10B4D1594A1BB3A4A25E3C60
file:..\..\lcdContData01.vhd|io:i|time:1557708364|size:1162|exec:0|csum:E4A3708EA86DDCE15104DED284672488
file:..\..\lcdData01.vhd|io:i|time:1557708307|size:1212|exec:0|csum:7C4387E06C5C37656BA4BD937B99C93B
file:..\..\lcdmux01.vhd|io:i|time:1557734843|size:1364|exec:0|csum:2F776E1096F44C92F1EBFC7D2855884D
file:..\..\lcdContSalto00.vhd|io:i|time:1557734078|size:1169|exec:0|csum:138886351B3AFC6110C04F477C12B15A
file:..\..\lcdSalto00.vhd|io:i|time:1557732104|size:1318|exec:0|csum:8CCACA4246D4B6F92F04578E4CC5327D
file:..\source\packagelcd00.vhd|io:i|time:1557732170|size:3219|exec:0|csum:1E90AAEFE596D50C330F03FD7215563A
file:..\source\toplcd00.vhd|io:i|time:1557735705|size:3891|exec:0|csum:BA3BB68A39503474523E463A04F12207
file:..\syntax.log|io:o|time:1557736513|size:1030|exec:0|csum:
file:C:\lscc\diamond\3.10_x64\synpbase\bin64\c_vhdl.exe|io:i|time:1501913710|size:5913600|exec:1|csum:93E5DE52AE488E4DC33E43C149B8DA6C
