C:\lscc\diamond\3.10_x64\synpbase\bin64\c_vhdl.exe  -osyn  D:\Sexto_Semestre\Arquitectura_Computadora\projectMachXO2\alu01\alu01\synwork\alu01_alu01_hdl_.srs  -top  topalu00  -prodtype  synplify_pro  -dspmac -fixsmult -infer_seqShift -nram -sdff_counter -divnmod -nostructver  -encrypt  -pro  -dmgen  D:\Sexto_Semestre\Arquitectura_Computadora\projectMachXO2\alu01\alu01\dm  -lite -ui -fid2 -ram -sharing on -ll 2000 -autosm  -ignore_undefined_lib  -lib work C:\lscc\diamond\3.10_x64\cae_library\synthesis\vhdl\machxo2.vhd -lib work D:\Sexto_Semestre\Arquitectura_Computadora\projectMachXO2\alu01\alu01\source\xor00.vhdl -lib work D:\Sexto_Semestre\Arquitectura_Computadora\projectMachXO2\alu01\alu01\source\xnor00.vhdl -lib work D:\Sexto_Semestre\Arquitectura_Computadora\projectMachXO2\alu01\xora00.vhd -lib work D:\Sexto_Semestre\Arquitectura_Computadora\projectMachXO2\alu01\alu01\source\or00.vhdl -lib work D:\Sexto_Semestre\Arquitectura_Computadora\projectMachXO2\alu01\alu01\source\and00.vhdl -lib work D:\Sexto_Semestre\Arquitectura_Computadora\projectMachXO2\alu01\alu01\source\anda00.vhd -lib work D:\Sexto_Semestre\Arquitectura_Computadora\projectMachXO2\alu01\alu01\source\ora00.vhd -lib work D:\Sexto_Semestre\Arquitectura_Computadora\projectMachXO2\alu01\nota00.vhd -lib work D:\Sexto_Semestre\Arquitectura_Computadora\projectMachXO2\alu01\xnora00.vhd -lib work D:\Sexto_Semestre\Arquitectura_Computadora\projectMachXO2\alu01\nora00.vhd -lib work D:\Sexto_Semestre\Arquitectura_Computadora\projectMachXO2\alu01\nanda00.vhd -lib work D:\Sexto_Semestre\Arquitectura_Computadora\projectMachXO2\alu01\alu01\source\div00.vhdl -lib work D:\Sexto_Semestre\Arquitectura_Computadora\projectMachXO2\alu01\alu01\source\osc00.vhdl -lib work D:\Sexto_Semestre\Arquitectura_Computadora\projectMachXO2\alu01\alu01\source\packagediv00.vhdl -lib work D:\Sexto_Semestre\Arquitectura_Computadora\projectMachXO2\alu01\alu01\source\topdiv00.vhdl -lib work D:\Sexto_Semestre\Arquitectura_Computadora\projectMachXO2\alu01\alu01\source\packageha00.vhdl -lib work D:\Sexto_Semestre\Arquitectura_Computadora\projectMachXO2\alu01\alu01\source\ha00.vhdl -lib work D:\Sexto_Semestre\Arquitectura_Computadora\projectMachXO2\alu01\alu01\source\packagefa00.vhdl -lib work D:\Sexto_Semestre\Arquitectura_Computadora\projectMachXO2\alu01\alu01\source\fa00.vhdl -lib work D:\Sexto_Semestre\Arquitectura_Computadora\projectMachXO2\alu01\alu01\source\packageadder8bit00.vhdl -lib work D:\Sexto_Semestre\Arquitectura_Computadora\projectMachXO2\alu01\alu01\source\topadder8bit00.vhdl -lib work D:\Sexto_Semestre\Arquitectura_Computadora\projectMachXO2\alu01\alu01\source\packagemult8bit00.vhdl -lib work D:\Sexto_Semestre\Arquitectura_Computadora\projectMachXO2\alu01\alu01\source\mult8bit00.vhdl -lib work D:\Sexto_Semestre\Arquitectura_Computadora\projectMachXO2\alu01\subst00.vhd -lib work D:\Sexto_Semestre\Arquitectura_Computadora\projectMachXO2\alu01\adda00.vhd -lib work D:\Sexto_Semestre\Arquitectura_Computadora\projectMachXO2\alu01\alu01\source\multa00.vhd -lib work D:\Sexto_Semestre\Arquitectura_Computadora\projectMachXO2\alu01\alu01\source\ac00.vhd -lib work D:\Sexto_Semestre\Arquitectura_Computadora\projectMachXO2\alu01\alu01\source\packagealu00.vhd -lib work D:\Sexto_Semestre\Arquitectura_Computadora\projectMachXO2\alu01\alu01\source\topalu00.vhd  -log  D:\Sexto_Semestre\Arquitectura_Computadora\projectMachXO2\alu01\alu01\syntax.log  -fileorder  D:\Sexto_Semestre\Arquitectura_Computadora\projectMachXO2\alu01\alu01\syntmp\hdlorder.tcl  -jobname  "hdl_info_gen" 
relcom:C:\lscc\diamond\3.10_x64\synpbase\bin64\c_vhdl.exe -osyn ..\synwork\alu01_alu01_hdl_.srs -top topalu00 -prodtype synplify_pro -dspmac -fixsmult -infer_seqShift -nram -sdff_counter -divnmod -nostructver -encrypt -pro -dmgen ..\dm -lite -ui -fid2 -ram -sharing on -ll 2000 -autosm -ignore_undefined_lib -lib work C:\lscc\diamond\3.10_x64\cae_library\synthesis\vhdl\machxo2.vhd -lib work ..\source\xor00.vhdl -lib work ..\source\xnor00.vhdl -lib work ..\..\xora00.vhd -lib work ..\source\or00.vhdl -lib work ..\source\and00.vhdl -lib work ..\source\anda00.vhd -lib work ..\source\ora00.vhd -lib work ..\..\nota00.vhd -lib work ..\..\xnora00.vhd -lib work ..\..\nora00.vhd -lib work ..\..\nanda00.vhd -lib work ..\source\div00.vhdl -lib work ..\source\osc00.vhdl -lib work ..\source\packagediv00.vhdl -lib work ..\source\topdiv00.vhdl -lib work ..\source\packageha00.vhdl -lib work ..\source\ha00.vhdl -lib work ..\source\packagefa00.vhdl -lib work ..\source\fa00.vhdl -lib work ..\source\packageadder8bit00.vhdl -lib work ..\source\topadder8bit00.vhdl -lib work ..\source\packagemult8bit00.vhdl -lib work ..\source\mult8bit00.vhdl -lib work ..\..\subst00.vhd -lib work ..\..\adda00.vhd -lib work ..\source\multa00.vhd -lib work ..\source\ac00.vhd -lib work ..\source\packagealu00.vhd -lib work ..\source\topalu00.vhd -log ..\syntax.log -fileorder hdlorder.tcl -jobname "hdl_info_gen"
rc:0 success:1 runtime:0
file:..\synwork\alu01_alu01_hdl_.srs|io:o|time:0|size:0|exec:0|csum:
file:C:\lscc\diamond\3.10_x64\cae_library\synthesis\vhdl\machxo2.vhd|io:i|time:1493331104|size:73964|exec:0|csum:CFF92E93E4FE354031DBB4E0E47DD4A6
file:..\source\xor00.vhdl|io:i|time:1548977230|size:246|exec:0|csum:D124732DAFBF711A74FC3383050A9D24
file:..\source\xnor00.vhdl|io:i|time:1549379976|size:271|exec:0|csum:061CF78849CC0160049135138E0AAD91
file:..\..\xora00.vhd|io:i|time:1559250608|size:959|exec:0|csum:C08C742EA61DC4B79988D2B0628156C2
file:..\source\or00.vhdl|io:i|time:1549378052|size:259|exec:0|csum:D9B6215378A102389ED63B425D14F67B
file:..\source\and00.vhdl|io:i|time:1548977234|size:263|exec:0|csum:A317B73BD906D2043C3D36BBD60A16F7
file:..\source\anda00.vhd|io:i|time:1557841870|size:942|exec:0|csum:B1FEE25C06036F0B97FEA763FD70A5E2
file:..\source\ora00.vhd|io:i|time:1559249816|size:931|exec:0|csum:A15473656B595BA5343EBE40BF974CCE
file:..\..\nota00.vhd|io:i|time:1559249831|size:907|exec:0|csum:C34F240600AD79820B6577AE1CE2E05D
file:..\..\xnora00.vhd|io:i|time:1559249842|size:987|exec:0|csum:A521C1D40C838158C92FA5F98B0A4EAC
file:..\..\nora00.vhd|io:i|time:1559249856|size:979|exec:0|csum:A9BC989862D116158A3E4686063158B8
file:..\..\nanda00.vhd|io:i|time:1559249864|size:963|exec:0|csum:3B8987CAF1DC79F01C1FDB6B44D862C1
file:..\source\div00.vhdl|io:i|time:1550611156|size:2061|exec:0|csum:B9EC8F72302176F3EF60997FB69308A8
file:..\source\osc00.vhdl|io:i|time:1550532684|size:501|exec:0|csum:24065153F876BF4F35609D1F50606F51
file:..\source\packagediv00.vhdl|io:i|time:1550611072|size:337|exec:0|csum:CEEC647C41F1C41388FE6DC7197D7712
file:..\source\topdiv00.vhdl|io:i|time:1550611552|size:418|exec:0|csum:E1FEB281333D8E6B004925ED74158DF9
file:..\source\packageha00.vhdl|io:i|time:1548978130|size:371|exec:0|csum:67D008B6149113D12B9072EEAB9E20A9
file:..\source\ha00.vhdl|io:i|time:1557436676|size:413|exec:0|csum:AABDA64D53489FAAFE0219D927143176
file:..\source\packagefa00.vhdl|io:i|time:1549379162|size:366|exec:0|csum:C8CB751223B81A2E082022DDC33CA4BA
file:..\source\fa00.vhdl|io:i|time:1550004340|size:588|exec:0|csum:095BAF2FBA70F529BF86122FC016A9B1
file:..\source\packageadder8bit00.vhdl|io:i|time:1550803880|size:725|exec:0|csum:79E534505672E007C3A0C395F39C02E8
file:..\source\topadder8bit00.vhdl|io:i|time:1557815572|size:2370|exec:0|csum:A4B2494916E128CB64F4DDFAB86B7E65
file:..\source\packagemult8bit00.vhdl|io:i|time:1550267204|size:412|exec:0|csum:BBB7BFFF382CF9F6D0E5E40E25612422
file:..\source\mult8bit00.vhdl|io:i|time:1557834975|size:12450|exec:0|csum:0F7DF8477E7EB8EC73A3A4651507F7EF
file:..\..\subst00.vhd|io:i|time:1559250061|size:1505|exec:0|csum:6FE665CBF85D678F69695444AF9B0C70
file:..\..\adda00.vhd|io:i|time:1559071291|size:1510|exec:0|csum:8A85F199D8D45D783BD34A0EF057072B
file:..\source\multa00.vhd|io:i|time:1559251601|size:1419|exec:0|csum:92EEAA32347E1D300BF6E5DB1F0A79A8
file:..\source\ac00.vhd|io:i|time:1559249419|size:1251|exec:0|csum:33A66EB7A08A2F6D7EB9101FA9CA1782
file:..\source\packagealu00.vhd|io:i|time:1557835059|size:5024|exec:0|csum:EA0EB0ECD8060CF97FE83AF6868E17BB
file:..\source\topalu00.vhd|io:i|time:1557843465|size:4187|exec:0|csum:1A2FCB9A525F603C721520B31938CB9D
file:..\syntax.log|io:o|time:1559251604|size:1028|exec:0|csum:
file:C:\lscc\diamond\3.10_x64\synpbase\bin64\c_vhdl.exe|io:i|time:1501913710|size:5913600|exec:1|csum:93E5DE52AE488E4DC33E43C149B8DA6C
