
synpwrap -msg -prj "div00_div00_synplify.tcl" -log "div00_div00.srf"
Copyright (C) 1992-2017 Lattice Semiconductor Corporation. All rights reserved.
Lattice Diamond Version 3.10.0.111.2
    <postMsg mid="2011000" type="Info"    dynamic="0" navigation="0"  />

==contents of div00_div00.srf
#Build: Synplify Pro (R) M-2017.03L-SP1-1, Build 086R, Aug  4 2017
#install: C:\lscc\diamond\3.10_x64\synpbase
#OS: Windows 7 6.1
#Hostname: VICTOR-PC

# Fri Feb 22 04:52:18 2019

#Implementation: div00

Synopsys HDL Compiler, version comp2017q2p1, Build 190R, built Aug  4 2017
@N|Running in 64-bit mode
Copyright (C) 1994-2017 Synopsys, Inc. This Synopsys software and all associated documentation are proprietary to Synopsys, Inc. and may only be used pursuant to the terms and conditions of a written license agreement with Synopsys, Inc. All other use, reproduction, modification, or distribution of the Synopsys software or the associated documentation is strictly prohibited.

Synopsys VHDL Compiler, version comp2017q2p1, Build 190R, built Aug  4 2017
@N|Running in 64-bit mode
Copyright (C) 1994-2017 Synopsys, Inc. This Synopsys software and all associated documentation are proprietary to Synopsys, Inc. and may only be used pursuant to the terms and conditions of a written license agreement with Synopsys, Inc. All other use, reproduction, modification, or distribution of the Synopsys software or the associated documentation is strictly prohibited.

@N: CD720 :"C:\lscc\diamond\3.10_x64\synpbase\lib\vhd\std.vhd":123:18:123:21|Setting time resolution to ps
@N:"D:\Sexto_Semestre\Arquitectura_Computadora\projectMachXO2\div00_1Hz\topdiv00.vhdl":7:7:7:14|Top entity is set to topdiv00.
Options changed - recompiling
VHDL syntax check successful!
Options changed - recompiling
@N: CD630 :"D:\Sexto_Semestre\Arquitectura_Computadora\projectMachXO2\div00_1Hz\topdiv00.vhdl":7:7:7:14|Synthesizing work.topdiv00.topdiv0.
@N: CD630 :"D:\Sexto_Semestre\Arquitectura_Computadora\projectMachXO2\div00_1Hz\div00.vhdl":9:7:9:11|Synthesizing work.div00.div0.
@N: CD364 :"D:\Sexto_Semestre\Arquitectura_Computadora\projectMachXO2\div00_1Hz\div00.vhdl":29:6:29:11|Removing redundant assignment.
Post processing for work.div00.div0
@N: CD630 :"D:\Sexto_Semestre\Arquitectura_Computadora\projectMachXO2\div00_1Hz\osc00.vhdl":7:7:7:11|Synthesizing work.osc00.osc0.
@W: CD276 :"C:\lscc\diamond\3.10_x64\cae_library\synthesis\vhdl\machxo2.vhd":2297:8:2297:15|Map for port sedstdby of component osch not found
@N: CD630 :"C:\lscc\diamond\3.10_x64\cae_library\synthesis\vhdl\machxo2.vhd":2291:10:2291:13|Synthesizing work.osch.syn_black_box.
Post processing for work.osch.syn_black_box
Post processing for work.osc00.osc0
Post processing for work.topdiv00.topdiv0

At c_vhdl Exit (Real Time elapsed 0h:00m:00s; CPU Time elapsed 0h:00m:00s; Memory used current: 74MB peak: 75MB)

Process took 0h:00m:01s realtime, 0h:00m:01s cputime

Process completed successfully.
# Fri Feb 22 04:52:18 2019

###########################################################]
Synopsys Netlist Linker, version comp2017q2p1, Build 190R, built Aug  4 2017
@N|Running in 64-bit mode
File D:\Sexto_Semestre\Arquitectura_Computadora\projectMachXO2\div00\div00\synwork\layer0.srs changed - recompiling

At syn_nfilter Exit (Real Time elapsed 0h:00m:00s; CPU Time elapsed 0h:00m:00s; Memory used current: 67MB peak: 68MB)

Process took 0h:00m:01s realtime, 0h:00m:01s cputime

Process completed successfully.
# Fri Feb 22 04:52:18 2019

###########################################################]
@END

At c_hdl Exit (Real Time elapsed 0h:00m:00s; CPU Time elapsed 0h:00m:00s; Memory used current: 3MB peak: 4MB)

Process took 0h:00m:01s realtime, 0h:00m:01s cputime

Process completed successfully.
# Fri Feb 22 04:52:18 2019

###########################################################]
Synopsys Netlist Linker, version comp2017q2p1, Build 190R, built Aug  4 2017
@N|Running in 64-bit mode
File D:\Sexto_Semestre\Arquitectura_Computadora\projectMachXO2\div00\div00\synwork\div00_div00_comp.srs changed - recompiling

At syn_nfilter Exit (Real Time elapsed 0h:00m:00s; CPU Time elapsed 0h:00m:00s; Memory used current: 67MB peak: 68MB)

Process took 0h:00m:01s realtime, 0h:00m:01s cputime

Process completed successfully.
# Fri Feb 22 04:52:20 2019

###########################################################]
Pre-mapping Report

# Fri Feb 22 04:52:20 2019

Synopsys Lattice Technology Pre-mapping, Version maplat, Build 1796R, Built Aug  4 2017 11:10:16
Copyright (C) 1994-2017 Synopsys, Inc. This Synopsys software and all associated documentation are proprietary to Synopsys, Inc. and may only be used pursuant to the terms and conditions of a written license agreement with Synopsys, Inc. All other use, reproduction, modification, or distribution of the Synopsys software or the associated documentation is strictly prohibited.
Product Version M-2017.03L-SP1-1

Mapper Startup Complete (Real Time elapsed 0h:00m:00s; CPU Time elapsed 0h:00m:00s; Memory used current: 99MB peak: 100MB)

@A: MF827 |No constraint file specified.
@L: D:\Sexto_Semestre\Arquitectura_Computadora\projectMachXO2\div00_1Hz\div00\div00_div00_scck.rpt 
Printing clock  summary report in "D:\Sexto_Semestre\Arquitectura_Computadora\projectMachXO2\div00_1Hz\div00\div00_div00_scck.rpt" file 
@N: MF248 |Running in 64-bit mode.
@N: MF666 |Clock conversion enabled. (Command "set_option -fix_gated_and_generated_clocks 1" in the project file.)

Design Input Complete (Real Time elapsed 0h:00m:00s; CPU Time elapsed 0h:00m:00s; Memory used current: 99MB peak: 102MB)


Mapper Initialization Complete (Real Time elapsed 0h:00m:00s; CPU Time elapsed 0h:00m:00s; Memory used current: 99MB peak: 102MB)


Start loading timing files (Real Time elapsed 0h:00m:00s; CPU Time elapsed 0h:00m:00s; Memory used current: 111MB peak: 112MB)


Finished loading timing files (Real Time elapsed 0h:00m:00s; CPU Time elapsed 0h:00m:00s; Memory used current: 111MB peak: 114MB)

ICG Latch Removal Summary:
Number of ICG latches removed:	0
Number of ICG latches not removed:	0
syn_allowed_resources : blockrams=26  set on top level netlist topdiv00

Finished netlist restructuring (Real Time elapsed 0h:00m:00s; CPU Time elapsed 0h:00m:00s; Memory used current: 139MB peak: 141MB)



Clock Summary
******************

          Start                            Requested     Requested     Clock        Clock                   Clock
Level     Clock                            Frequency     Period        Type         Group                   Load 
-----------------------------------------------------------------------------------------------------------------
0 -       osc00|osc_int_inferred_clock     2.1 MHz       480.769       inferred     Inferred_clkgroup_0     22   
=================================================================================================================

@W: MT529 :"d:\sexto_semestre\arquitectura_computadora\projectmachxo2\div00_1hz\div00.vhdl":23:2:23:3|Found inferred clock osc00|osc_int_inferred_clock which controls 22 sequential elements including OS01.sdiv[20:0]. This clock has no specified timing constraint which may prevent conversion of gated or generated clocks and may adversely impact design performance. 

Finished Pre Mapping Phase.

Starting constraint checker (Real Time elapsed 0h:00m:00s; CPU Time elapsed 0h:00m:00s; Memory used current: 139MB peak: 141MB)


Finished constraint checker preprocessing (Real Time elapsed 0h:00m:00s; CPU Time elapsed 0h:00m:00s; Memory used current: 139MB peak: 141MB)

None
None

Finished constraint checker (Real Time elapsed 0h:00m:00s; CPU Time elapsed 0h:00m:00s; Memory used current: 139MB peak: 141MB)

Pre-mapping successful!

At Mapper Exit (Real Time elapsed 0h:00m:00s; CPU Time elapsed 0h:00m:00s; Memory used current: 55MB peak: 141MB)

Process took 0h:00m:01s realtime, 0h:00m:01s cputime
# Fri Feb 22 04:52:21 2019

###########################################################]
Map & Optimize Report

# Fri Feb 22 04:52:21 2019

Synopsys Lattice Technology Mapper, Version maplat, Build 1796R, Built Aug  4 2017 11:10:16
Copyright (C) 1994-2017 Synopsys, Inc. This Synopsys software and all associated documentation are proprietary to Synopsys, Inc. and may only be used pursuant to the terms and conditions of a written license agreement with Synopsys, Inc. All other use, reproduction, modification, or distribution of the Synopsys software or the associated documentation is strictly prohibited.
Product Version M-2017.03L-SP1-1

Mapper Startup Complete (Real Time elapsed 0h:00m:00s; CPU Time elapsed 0h:00m:00s; Memory used current: 99MB peak: 99MB)

@N: MF248 |Running in 64-bit mode.
@N: MF666 |Clock conversion enabled. (Command "set_option -fix_gated_and_generated_clocks 1" in the project file.)

Design Input Complete (Real Time elapsed 0h:00m:00s; CPU Time elapsed 0h:00m:00s; Memory used current: 98MB peak: 100MB)


Mapper Initialization Complete (Real Time elapsed 0h:00m:00s; CPU Time elapsed 0h:00m:00s; Memory used current: 98MB peak: 100MB)


Start loading timing files (Real Time elapsed 0h:00m:00s; CPU Time elapsed 0h:00m:00s; Memory used current: 111MB peak: 112MB)


Finished loading timing files (Real Time elapsed 0h:00m:00s; CPU Time elapsed 0h:00m:00s; Memory used current: 111MB peak: 114MB)



Starting Optimization and Mapping (Real Time elapsed 0h:00m:00s; CPU Time elapsed 0h:00m:00s; Memory used current: 139MB peak: 141MB)


Available hyper_sources - for debug and ip models
	None Found


Finished RTL optimizations (Real Time elapsed 0h:00m:00s; CPU Time elapsed 0h:00m:00s; Memory used current: 139MB peak: 141MB)


Starting factoring (Real Time elapsed 0h:00m:00s; CPU Time elapsed 0h:00m:00s; Memory used current: 139MB peak: 141MB)


Finished factoring (Real Time elapsed 0h:00m:00s; CPU Time elapsed 0h:00m:00s; Memory used current: 139MB peak: 141MB)


Starting gated-clock and generated-clock conversion (Real Time elapsed 0h:00m:00s; CPU Time elapsed 0h:00m:00s; Memory used current: 139MB peak: 141MB)


Finished gated-clock and generated-clock conversion (Real Time elapsed 0h:00m:00s; CPU Time elapsed 0h:00m:00s; Memory used current: 139MB peak: 141MB)


Finished generic timing optimizations - Pass 1 (Real Time elapsed 0h:00m:00s; CPU Time elapsed 0h:00m:00s; Memory used current: 139MB peak: 141MB)


Starting Early Timing Optimization (Real Time elapsed 0h:00m:00s; CPU Time elapsed 0h:00m:00s; Memory used current: 140MB peak: 141MB)


Finished Early Timing Optimization (Real Time elapsed 0h:00m:00s; CPU Time elapsed 0h:00m:00s; Memory used current: 140MB peak: 141MB)


Finished generic timing optimizations - Pass 2 (Real Time elapsed 0h:00m:00s; CPU Time elapsed 0h:00m:00s; Memory used current: 139MB peak: 141MB)


Finished preparing to map (Real Time elapsed 0h:00m:00s; CPU Time elapsed 0h:00m:00s; Memory used current: 139MB peak: 141MB)


Finished technology mapping (Real Time elapsed 0h:00m:00s; CPU Time elapsed 0h:00m:00s; Memory used current: 139MB peak: 141MB)

Pass		 CPU time		Worst Slack		Luts / Registers
------------------------------------------------------------
   1		0h:00m:00s		   475.32ns		  11 /        22

Finished technology timing optimizations and critical path resynthesis (Real Time elapsed 0h:00m:00s; CPU Time elapsed 0h:00m:00s; Memory used current: 139MB peak: 141MB)

@N: FX164 |The option to pack registers in the IOB has not been specified. Please set syn_useioff attribute.  

Finished restoring hierarchy (Real Time elapsed 0h:00m:00s; CPU Time elapsed 0h:00m:00s; Memory used current: 139MB peak: 141MB)



@S |Clock Optimization Summary


#### START OF CLOCK OPTIMIZATION REPORT #####[

0 non-gated/non-generated clock tree(s) driving 0 clock pin(s) of sequential element(s)
1 gated/generated clock tree(s) driving 22 clock pin(s) of sequential element(s)
0 instances converted, 22 sequential instances remain driven by gated/generated clocks

================================================================================================= Gated/Generated Clocks =================================================================================================
Clock Tree ID     Driving Element     Drive Element Type     Fanout     Sample Instance     Explanation                                                                                                                   
--------------------------------------------------------------------------------------------------------------------------------------------------------------------------------------------------------------------------
@K:CKID0001       OS00.OSCInst0       OSCH                   22         OS01.outdiv         Gating structure creates improper gating logic. See the Gated Clocks description in the user guide for conversion requirements
==========================================================================================================================================================================================================================


##### END OF CLOCK OPTIMIZATION REPORT ######]


Start Writing Netlists (Real Time elapsed 0h:00m:00s; CPU Time elapsed 0h:00m:00s; Memory used current: 107MB peak: 141MB)

Writing Analyst data base D:\Sexto_Semestre\Arquitectura_Computadora\projectMachXO2\div00_1Hz\div00\synwork\div00_div00_m.srm

Finished Writing Netlist Databases (Real Time elapsed 0h:00m:00s; CPU Time elapsed 0h:00m:00s; Memory used current: 138MB peak: 141MB)

Writing EDIF Netlist and constraint files
@N: FX1056 |Writing EDF file: D:\Sexto_Semestre\Arquitectura_Computadora\projectMachXO2\div00_1Hz\div00\div00_div00.edi
M-2017.03L-SP1-1
@N: BW106 |Synplicity Constraint File capacitance units using default value of 1pF 

Finished Writing EDIF Netlist and constraint files (Real Time elapsed 0h:00m:01s; CPU Time elapsed 0h:00m:01s; Memory used current: 142MB peak: 144MB)


Start final timing analysis (Real Time elapsed 0h:00m:01s; CPU Time elapsed 0h:00m:01s; Memory used current: 144MB peak: 144MB)

@W: MT420 |Found inferred clock osc00|osc_int_inferred_clock with period 480.77ns. Please declare a user-defined clock on object "n:OS00.osc_int"


##### START OF TIMING REPORT #####[
# Timing Report written on Fri Feb 22 04:52:23 2019
#


Top view:               topdiv00
Requested Frequency:    2.1 MHz
Wire load mode:         top
Paths requested:        5
Constraint File(s):    
@N: MT320 |This timing report is an estimate of place and route data. For final timing results, use the FPGA vendor place and route report.

@N: MT322 |Clock constraints include only register-to-register paths associated with each individual clock.



Performance Summary
*******************


Worst slack in design: 474.755

                                 Requested     Estimated     Requested     Estimated                 Clock        Clock              
Starting Clock                   Frequency     Frequency     Period        Period        Slack       Type         Group              
-------------------------------------------------------------------------------------------------------------------------------------
osc00|osc_int_inferred_clock     2.1 MHz       166.3 MHz     480.769       6.014         474.755     inferred     Inferred_clkgroup_0
=====================================================================================================================================





Clock Relationships
*******************

Clocks                                                      |    rise  to  rise     |    fall  to  fall   |    rise  to  fall   |    fall  to  rise 
----------------------------------------------------------------------------------------------------------------------------------------------------
Starting                      Ending                        |  constraint  slack    |  constraint  slack  |  constraint  slack  |  constraint  slack
----------------------------------------------------------------------------------------------------------------------------------------------------
osc00|osc_int_inferred_clock  osc00|osc_int_inferred_clock  |  480.769     474.755  |  No paths    -      |  No paths    -      |  No paths    -    
====================================================================================================================================================
 Note: 'No paths' indicates there are no paths in the design for that pair of clock edges.
       'Diff grp' indicates that paths exist but the starting clock and ending clock are in different clock groups.



Interface Information 
*********************

No IO constraint found



====================================
Detailed Report for Clock: osc00|osc_int_inferred_clock
====================================



Starting Points with Worst Slack
********************************

                 Starting                                                         Arrival            
Instance         Reference                        Type        Pin     Net         Time        Slack  
                 Clock                                                                               
-----------------------------------------------------------------------------------------------------
OS01.sdiv[0]     osc00|osc_int_inferred_clock     FD1S3AX     Q       sdiv[0]     1.108       474.755
OS01.sdiv[1]     osc00|osc_int_inferred_clock     FD1S3AX     Q       sdiv[1]     1.044       474.962
OS01.sdiv[2]     osc00|osc_int_inferred_clock     FD1S3AX     Q       sdiv[2]     1.044       474.962
OS01.sdiv[3]     osc00|osc_int_inferred_clock     FD1S3AX     Q       sdiv[3]     1.044       475.104
OS01.sdiv[4]     osc00|osc_int_inferred_clock     FD1S3AX     Q       sdiv[4]     1.044       475.104
OS01.sdiv[5]     osc00|osc_int_inferred_clock     FD1S3AX     Q       sdiv[5]     1.044       475.247
OS01.sdiv[6]     osc00|osc_int_inferred_clock     FD1S3AX     Q       sdiv[6]     1.044       475.247
OS01.sdiv[7]     osc00|osc_int_inferred_clock     FD1S3AX     Q       sdiv[7]     1.044       475.390
OS01.sdiv[8]     osc00|osc_int_inferred_clock     FD1S3AX     Q       sdiv[8]     1.044       475.390
OS01.sdiv[9]     osc00|osc_int_inferred_clock     FD1S3AX     Q       sdiv[9]     1.044       475.533
=====================================================================================================


Ending Points with Worst Slack
******************************

                  Starting                                                              Required            
Instance          Reference                        Type        Pin     Net              Time         Slack  
                  Clock                                                                                     
------------------------------------------------------------------------------------------------------------
OS01.sdiv[20]     osc00|osc_int_inferred_clock     FD1S3AX     D       sdiv_3[20]       480.858      474.755
OS01.sdiv[19]     osc00|osc_int_inferred_clock     FD1S3AX     D       un3_sdiv[19]     480.664      475.177
OS01.sdiv[17]     osc00|osc_int_inferred_clock     FD1S3AX     D       un3_sdiv[17]     480.664      475.320
OS01.sdiv[18]     osc00|osc_int_inferred_clock     FD1S3AX     D       un3_sdiv[18]     480.664      475.320
OS01.sdiv[15]     osc00|osc_int_inferred_clock     FD1S3AX     D       un3_sdiv[15]     480.664      475.463
OS01.sdiv[16]     osc00|osc_int_inferred_clock     FD1S3AX     D       un3_sdiv[16]     480.664      475.463
OS01.sdiv[13]     osc00|osc_int_inferred_clock     FD1S3AX     D       un3_sdiv[13]     480.664      475.606
OS01.sdiv[14]     osc00|osc_int_inferred_clock     FD1S3AX     D       un3_sdiv[14]     480.664      475.606
OS01.sdiv[11]     osc00|osc_int_inferred_clock     FD1S3AX     D       un3_sdiv[11]     480.664      475.748
OS01.sdiv[12]     osc00|osc_int_inferred_clock     FD1S3AX     D       un3_sdiv[12]     480.664      475.748
============================================================================================================



Worst Path Information
***********************


Path information for path number 1: 
      Requested Period:                      480.769
    - Setup time:                            -0.089
    + Clock delay at ending point:           0.000 (ideal)
    = Required time:                         480.858

    - Propagation time:                      6.103
    - Clock delay at starting point:         0.000 (ideal)
    = Slack (critical) :                     474.755

    Number of logic level(s):                12
    Starting point:                          OS01.sdiv[0] / Q
    Ending point:                            OS01.sdiv[20] / D
    The start point is clocked by            osc00|osc_int_inferred_clock [rising] on pin CK
    The end   point is clocked by            osc00|osc_int_inferred_clock [rising] on pin CK

Instance / Net                          Pin      Pin               Arrival     No. of    
Name                       Type         Name     Dir     Delay     Time        Fan Out(s)
-----------------------------------------------------------------------------------------
OS01.sdiv[0]               FD1S3AX      Q        Out     1.108     1.108       -         
sdiv[0]                    Net          -        -       -         -           3         
OS01.un3_sdiv_cry_0_0      CCU2D        A1       In      0.000     1.108       -         
OS01.un3_sdiv_cry_0_0      CCU2D        COUT     Out     1.544     2.652       -         
un3_sdiv_cry_0             Net          -        -       -         -           1         
OS01.un3_sdiv_cry_1_0      CCU2D        CIN      In      0.000     2.652       -         
OS01.un3_sdiv_cry_1_0      CCU2D        COUT     Out     0.143     2.795       -         
un3_sdiv_cry_2             Net          -        -       -         -           1         
OS01.un3_sdiv_cry_3_0      CCU2D        CIN      In      0.000     2.795       -         
OS01.un3_sdiv_cry_3_0      CCU2D        COUT     Out     0.143     2.938       -         
un3_sdiv_cry_4             Net          -        -       -         -           1         
OS01.un3_sdiv_cry_5_0      CCU2D        CIN      In      0.000     2.938       -         
OS01.un3_sdiv_cry_5_0      CCU2D        COUT     Out     0.143     3.081       -         
un3_sdiv_cry_6             Net          -        -       -         -           1         
OS01.un3_sdiv_cry_7_0      CCU2D        CIN      In      0.000     3.081       -         
OS01.un3_sdiv_cry_7_0      CCU2D        COUT     Out     0.143     3.224       -         
un3_sdiv_cry_8             Net          -        -       -         -           1         
OS01.un3_sdiv_cry_9_0      CCU2D        CIN      In      0.000     3.224       -         
OS01.un3_sdiv_cry_9_0      CCU2D        COUT     Out     0.143     3.366       -         
un3_sdiv_cry_10            Net          -        -       -         -           1         
OS01.un3_sdiv_cry_11_0     CCU2D        CIN      In      0.000     3.366       -         
OS01.un3_sdiv_cry_11_0     CCU2D        COUT     Out     0.143     3.509       -         
un3_sdiv_cry_12            Net          -        -       -         -           1         
OS01.un3_sdiv_cry_13_0     CCU2D        CIN      In      0.000     3.509       -         
OS01.un3_sdiv_cry_13_0     CCU2D        COUT     Out     0.143     3.652       -         
un3_sdiv_cry_14            Net          -        -       -         -           1         
OS01.un3_sdiv_cry_15_0     CCU2D        CIN      In      0.000     3.652       -         
OS01.un3_sdiv_cry_15_0     CCU2D        COUT     Out     0.143     3.795       -         
un3_sdiv_cry_16            Net          -        -       -         -           1         
OS01.un3_sdiv_cry_17_0     CCU2D        CIN      In      0.000     3.795       -         
OS01.un3_sdiv_cry_17_0     CCU2D        COUT     Out     0.143     3.938       -         
un3_sdiv_cry_18            Net          -        -       -         -           1         
OS01.un3_sdiv_cry_19_0     CCU2D        CIN      In      0.000     3.938       -         
OS01.un3_sdiv_cry_19_0     CCU2D        S1       Out     1.549     5.487       -         
un3_sdiv_cry_19_0_S1       Net          -        -       -         -           1         
OS01.sdiv_3[20]            ORCALUT4     A        In      0.000     5.487       -         
OS01.sdiv_3[20]            ORCALUT4     Z        Out     0.617     6.103       -         
sdiv_3[20]                 Net          -        -       -         -           1         
OS01.sdiv[20]              FD1S3AX      D        In      0.000     6.103       -         
=========================================================================================



##### END OF TIMING REPORT #####]

Timing exceptions that could not be applied
None

Finished final timing analysis (Real Time elapsed 0h:00m:01s; CPU Time elapsed 0h:00m:01s; Memory used current: 144MB peak: 145MB)


Finished timing report (Real Time elapsed 0h:00m:01s; CPU Time elapsed 0h:00m:01s; Memory used current: 144MB peak: 145MB)

---------------------------------------
Resource Usage Report
Part: lcmxo2_7000he-5

Register bits: 22 of 6864 (0%)
PIC Latch:       0
I/O cells:       1


Details:
CCU2D:          11
FD1S3AX:        22
GSR:            1
INV:            1
OB:             1
ORCALUT4:       10
OSCH:           1
PUR:            1
VHI:            3
VLO:            3
Mapper successful!

At Mapper Exit (Real Time elapsed 0h:00m:01s; CPU Time elapsed 0h:00m:01s; Memory used current: 31MB peak: 145MB)

Process took 0h:00m:01s realtime, 0h:00m:01s cputime
# Fri Feb 22 04:52:23 2019

###########################################################]


Synthesis exit by 0.

edif2ngd  -l "MachXO2" -d LCMXO2-7000HE -path "D:/Sexto_Semestre/Arquitectura_Computadora/projectMachXO2/div00_1Hz/div00" -path "D:/Sexto_Semestre/Arquitectura_Computadora/projectMachXO2/div00_1Hz"   "D:/Sexto_Semestre/Arquitectura_Computadora/projectMachXO2/div00_1Hz/div00/div00_div00.edi" "div00_div00.ngo"   
edif2ngd:  version Diamond (64-bit) 3.10.0.111.2

Copyright (c) 1991-1994 by NeoCAD Inc. All rights reserved.
Copyright (c) 1995 AT&T Corp.   All rights reserved.
Copyright (c) 1995-2001 Lucent Technologies Inc.  All rights reserved.
Copyright (c) 2001 Agere Systems   All rights reserved.
Copyright (c) 2002-2017 Lattice Semiconductor Corporation,  All rights reserved.
Writing the design to div00_div00.ngo...

Total CPU Time: 0 secs  

Total REAL Time: 0 secs  


ngdbuild  -a "MachXO2" -d LCMXO2-7000HE  -p "C:/lscc/diamond/3.10_x64/ispfpga/xo2c00/data"  -p "D:/Sexto_Semestre/Arquitectura_Computadora/projectMachXO2/div00_1Hz/div00" -p "D:/Sexto_Semestre/Arquitectura_Computadora/projectMachXO2/div00_1Hz"  "div00_div00.ngo" "div00_div00.ngd"  	
ngdbuild:  version Diamond (64-bit) 3.10.0.111.2

Copyright (c) 1991-1994 by NeoCAD Inc. All rights reserved.
Copyright (c) 1995 AT&T Corp.   All rights reserved.
Copyright (c) 1995-2001 Lucent Technologies Inc.  All rights reserved.
Copyright (c) 2001 Agere Systems   All rights reserved.
Copyright (c) 2002-2017 Lattice Semiconductor Corporation,  All rights reserved.
Reading 'div00_div00.ngo' ...
Loading NGL library 'C:/lscc/diamond/3.10_x64/ispfpga/xo2c00a/data/xo2alib.ngl'...
Loading NGL library 'C:/lscc/diamond/3.10_x64/ispfpga/xo2c00/data/xo2clib.ngl'...
Loading NGL library 'C:/lscc/diamond/3.10_x64/ispfpga/mg5g00/data/mg5glib.ngl'...
Loading NGL library 'C:/lscc/diamond/3.10_x64/ispfpga/or5g00/data/orc5glib.ngl'...


Running DRC...

    <postMsg mid="1166052" type="Warning" dynamic="2" navigation="1" arg0="logical" arg1="OS00/OSCInst0_SEDSTDBY" arg2="OS00/OSCInst0_SEDSTDBY"  />
    <postMsg mid="1163101" type="Warning" dynamic="1" navigation="0" arg0="1"  />

Design Results:
     53 blocks expanded
Complete the first expansion.
Writing 'div00_div00.ngd' ...
Total CPU Time: 0 secs  

Total REAL Time: 0 secs  


map -a "MachXO2" -p LCMXO2-7000HE -t TQFP144 -s 5 -oc Commercial   "div00_div00.ngd" -o "div00_div00_map.ncd" -pr "div00_div00.prf" -mp "div00_div00.mrp" -lpf "D:/Sexto_Semestre/Arquitectura_Computadora/projectMachXO2/div00_1Hz/div00/div00_div00_synplify.lpf" -lpf "D:/Sexto_Semestre/Arquitectura_Computadora/projectMachXO2/div00_1Hz/div00.lpf" -c 0            
map:  version Diamond (64-bit) 3.10.0.111.2

Copyright (c) 1991-1994 by NeoCAD Inc. All rights reserved.
Copyright (c) 1995 AT&T Corp.   All rights reserved.
Copyright (c) 1995-2001 Lucent Technologies Inc.  All rights reserved.
Copyright (c) 2001 Agere Systems   All rights reserved.
Copyright (c) 2002-2017 Lattice Semiconductor Corporation,  All rights reserved.
   Process the file: div00_div00.ngd
   Picdevice="LCMXO2-7000HE"

   Pictype="TQFP144"

   Picspeed=5

   Remove unused logic

   Do not produce over sized NCDs.

Part used: LCMXO2-7000HETQFP144, Performance used: 5.

    <postMsg mid="1100679" type="Warning" dynamic="2" navigation="2" arg0="D:/Sexto_Semestre/Arquitectura_Computadora/projectMachXO2/div00_1Hz/div00.lpf(4): Semantic error in &quot;LOCATE COMP &quot;cdiv0[4]&quot; SITE &quot;67&quot; ;&quot;: " arg1="cdiv0[4]" arg2="D:/Sexto_Semestre/Arquitectura_Computadora/projectMachXO2/div00_1Hz/div00.lpf" arg3="4"  />
    <postMsg mid="1100679" type="Warning" dynamic="2" navigation="2" arg0="D:/Sexto_Semestre/Arquitectura_Computadora/projectMachXO2/div00_1Hz/div00.lpf(5): Semantic error in &quot;LOCATE COMP &quot;cdiv0[3]&quot; SITE &quot;68&quot; ;&quot;: " arg1="cdiv0[3]" arg2="D:/Sexto_Semestre/Arquitectura_Computadora/projectMachXO2/div00_1Hz/div00.lpf" arg3="5"  />
    <postMsg mid="1100679" type="Warning" dynamic="2" navigation="2" arg0="D:/Sexto_Semestre/Arquitectura_Computadora/projectMachXO2/div00_1Hz/div00.lpf(6): Semantic error in &quot;LOCATE COMP &quot;cdiv0[2]&quot; SITE &quot;70&quot; ;&quot;: " arg1="cdiv0[2]" arg2="D:/Sexto_Semestre/Arquitectura_Computadora/projectMachXO2/div00_1Hz/div00.lpf" arg3="6"  />
    <postMsg mid="1100679" type="Warning" dynamic="2" navigation="2" arg0="D:/Sexto_Semestre/Arquitectura_Computadora/projectMachXO2/div00_1Hz/div00.lpf(7): Semantic error in &quot;LOCATE COMP &quot;cdiv0[1]&quot; SITE &quot;69&quot; ;&quot;: " arg1="cdiv0[1]" arg2="D:/Sexto_Semestre/Arquitectura_Computadora/projectMachXO2/div00_1Hz/div00.lpf" arg3="7"  />
    <postMsg mid="1100679" type="Warning" dynamic="2" navigation="2" arg0="D:/Sexto_Semestre/Arquitectura_Computadora/projectMachXO2/div00_1Hz/div00.lpf(8): Semantic error in &quot;LOCATE COMP &quot;cdiv0[0]&quot; SITE &quot;71&quot; ;&quot;: " arg1="cdiv0[0]" arg2="D:/Sexto_Semestre/Arquitectura_Computadora/projectMachXO2/div00_1Hz/div00.lpf" arg3="8"  />
Loading device for application map from file 'xo2c7000.nph' in environment: C:/lscc/diamond/3.10_x64/ispfpga.
Package Status:                     Final          Version 1.39.

Running general design DRC...

Removing unused logic...

Optimizing...

1 CCU2 constant inputs absorbed.




Design Summary:
   Number of registers:     22 out of  7209 (0%)
      PFU registers:           22 out of  6864 (0%)
      PIO registers:            0 out of   345 (0%)
   Number of SLICEs:        17 out of  3432 (0%)
      SLICEs as Logic/ROM:     17 out of  3432 (0%)
      SLICEs as RAM:            0 out of  2574 (0%)
      SLICEs as Carry:         11 out of  3432 (0%)
   Number of LUT4s:         33 out of  6864 (0%)
      Number used as logic LUTs:         11
      Number used as distributed RAM:     0
      Number used as ripple logic:       22
      Number used as shift registers:     0
   Number of PIO sites used: 1 + 4(JTAG) out of 115 (4%)
   Number of block RAMs:  0 out of 26 (0%)
   Number of GSRs:  0 out of 1 (0%)
   EFB used :       No
   JTAG used :      No
   Readback used :  No
   Oscillator used :  Yes
   Startup used :   No
   POR :            On
   Bandgap :        On
   Number of Power Controller:  0 out of 1 (0%)
   Number of Dynamic Bank Controller (BCINRD):  0 out of 6 (0%)
   Number of Dynamic Bank Controller (BCLVDSO):  0 out of 1 (0%)
   Number of DCCA:  0 out of 8 (0%)
   Number of DCMA:  0 out of 2 (0%)
   Number of PLLs:  0 out of 2 (0%)
   Number of DQSDLLs:  0 out of 2 (0%)
   Number of CLKDIVC:  0 out of 4 (0%)
   Number of ECLKSYNCA:  0 out of 4 (0%)
   Number of ECLKBRIDGECS:  0 out of 2 (0%)
   Notes:-
      1. Total number of LUT4s = (Number of logic LUT4s) + 2*(Number of distributed RAMs) + 2*(Number of ripple logic)
      2. Number of logic LUT4s does not include count of distributed RAM and ripple logic.
   Number of clocks:  1
     Net sclk: 13 loads, 13 rising, 0 falling (Driver: OS00/OSCInst0 )
   Number of Clock Enables:  0
   Number of LSRs:  0
   Number of nets driven by tri-state buffers:  0
   Top 10 highest fanout non-clock nets:
     Net OS01/sdiv8: 3 loads
     Net OS01/sdiv[0]: 3 loads
     Net clk0_c: 2 loads
     Net OS01/sdiv[13]: 2 loads
     Net OS01/sdiv[14]: 2 loads
     Net OS01/sdiv[15]: 2 loads
     Net OS01/sdiv[1]: 2 loads
     Net OS01/sdiv[2]: 2 loads
     Net OS01/sdiv[3]: 2 loads
     Net OS01/sdiv[4]: 2 loads
 

   Number of warnings:  5
   Number of errors:    0



Total CPU Time: 0 secs  
Total REAL Time: 0 secs  
Peak Memory Usage: 56 MB

Dumping design to file div00_div00_map.ncd.

mpartrce -p "div00_div00.p2t" -f "div00_div00.p3t" -tf "div00_div00.pt" "div00_div00_map.ncd" "div00_div00.ncd"

---- MParTrce Tool ----
Removing old design directory at request of -rem command line option to this program.
Running par. Please wait . . .

Lattice Place and Route Report for Design "div00_div00_map.ncd"
Fri Feb 22 04:52:25 2019

PAR: Place And Route Diamond (64-bit) 3.10.0.111.2.
Command Line: par -w -l 5 -i 6 -t 1 -c 0 -e 0 -gui -msgset D:/Sexto_Semestre/Arquitectura_Computadora/projectMachXO2/div00_1Hz/promote.xml -exp parUseNBR=1:parCDP=0:parCDR=0:parPathBased=OFF div00_div00_map.ncd div00_div00.dir/5_1.ncd div00_div00.prf
Preference file: div00_div00.prf.
Placement level-cost: 5-1.
Routing Iterations: 6

Loading design for application par from file div00_div00_map.ncd.
Design name: topdiv00
NCD version: 3.3
Vendor:      LATTICE
Device:      LCMXO2-7000HE
Package:     TQFP144
Performance: 5
Loading device for application par from file 'xo2c7000.nph' in environment: C:/lscc/diamond/3.10_x64/ispfpga.
Package Status:                     Final          Version 1.39.
Performance Hardware Data Status:   Final          Version 34.4.
License checked out.


Ignore Preference Error(s):  True
Device utilization summary:

   PIO (prelim)    1+4(JTAG)/336     1% used
                   1+4(JTAG)/115     4% bonded

   SLICE             17/3432         <1% used

   OSC                1/1           100% used


Number of Signals: 64
Number of Connections: 101

Pin Constraint Summary:
   1 out of 1 pins locked (100% locked).

The following 1 signal is selected to use the primary clock routing resources:
    sclk (driver: OS00/OSCInst0, clk load #: 13)


No signal is selected as secondary clock.

No signal is selected as Global Set/Reset.
Starting Placer Phase 0.

Finished Placer Phase 0.  REAL time: 0 secs 

Starting Placer Phase 1.
..................
Placer score = 3410.
Finished Placer Phase 1.  REAL time: 4 secs 

Starting Placer Phase 2.
.
Placer score =  3405
Finished Placer Phase 2.  REAL time: 4 secs 


------------------ Clock Report ------------------

Global Clock Resources:
  CLK_PIN    : 0 out of 8 (0%)
  PLL        : 0 out of 2 (0%)
  DCM        : 0 out of 2 (0%)
  DCC        : 0 out of 8 (0%)

Quadrants All (TL, TR, BL, BR) - Global Clocks:
  PRIMARY "sclk" from OSC on comp "OS00/OSCInst0" on site "OSC", clk load = 13

  PRIMARY  : 1 out of 8 (12%)
  SECONDARY: 0 out of 8 (0%)

Edge Clocks:
  No edge clock selected.

--------------- End of Clock Report ---------------


I/O Usage Summary (final):
   1 + 4(JTAG) out of 336 (1.5%) PIO sites used.
   1 + 4(JTAG) out of 115 (4.3%) bonded PIO sites used.
   Number of PIO comps: 1; differential: 0.
   Number of Vref pins used: 0.

I/O Bank Usage Summary:
+----------+---------------+------------+-----------+
| I/O Bank | Usage         | Bank Vccio | Bank Vref |
+----------+---------------+------------+-----------+
| 0        | 0 / 28 (  0%) | -          | -         |
| 1        | 1 / 29 (  3%) | 2.5V       | -         |
| 2        | 0 / 29 (  0%) | -          | -         |
| 3        | 0 / 9 (  0%)  | -          | -         |
| 4        | 0 / 10 (  0%) | -          | -         |
| 5        | 0 / 10 (  0%) | -          | -         |
+----------+---------------+------------+-----------+

Total placer CPU time: 3 secs 

Dumping design to file div00_div00.dir/5_1.ncd.

0 connections routed; 101 unrouted.
Starting router resource preassignment

Completed router resource preassignment. Real time: 5 secs 

Start NBR router at 04:52:30 02/22/19

*****************************************************************
Info: NBR allows conflicts(one node used by more than one signal)
      in the earlier iterations. In each iteration, it tries to  
      solve the conflicts while keeping the critical connections 
      routed as short as possible. The routing process is said to
      be completed when no conflicts exist and all connections   
      are routed.                                                
Note: NBR uses a different method to calculate timing slacks. The
      worst slack and total negative slack may not be the same as
      that in TRCE report. You should always run TRCE to verify  
      your design.                                               
*****************************************************************

Start NBR special constraint process at 04:52:30 02/22/19

Start NBR section for initial routing at 04:52:30 02/22/19
Level 4, iteration 1
1(0.00%) conflict; 0(0.00%) untouched conn; 0 (nbr) score; 
Estimated worst slack/total negative slack<setup>: 474.754ns/0.000ns; real time: 5 secs 

Info: Initial congestion level at 75% usage is 0
Info: Initial congestion area  at 75% usage is 0 (0.00%)

Start NBR section for normal routing at 04:52:31 02/22/19
Level 4, iteration 1
0(0.00%) conflict; 0(0.00%) untouched conn; 0 (nbr) score; 
Estimated worst slack/total negative slack<setup>: 474.754ns/0.000ns; real time: 6 secs 

Start NBR section for setup/hold timing optimization with effort level 3 at 04:52:31 02/22/19

Start NBR section for re-routing at 04:52:31 02/22/19
Level 4, iteration 1
0(0.00%) conflict; 0(0.00%) untouched conn; 0 (nbr) score; 
Estimated worst slack/total negative slack<setup>: 474.754ns/0.000ns; real time: 6 secs 

Start NBR section for post-routing at 04:52:31 02/22/19

End NBR router with 0 unrouted connection

NBR Summary
-----------
  Number of unrouted connections : 0 (0.00%)
  Number of connections with timing violations : 0 (0.00%)
  Estimated worst slack<setup> : 474.754ns
  Timing score<setup> : 0
-----------
Notes: The timing info is calculated for SETUP only and all PAR_ADJs are ignored.



Total CPU time 5 secs 
Total REAL time: 6 secs 
Completely routed.
End of route.  101 routed (100.00%); 0 unrouted.

Hold time timing score: 0, hold timing errors: 0

Timing score: 0 

Dumping design to file div00_div00.dir/5_1.ncd.


PAR_SUMMARY::Run status = Success
PAR_SUMMARY::Number of unrouted conns = 0
PAR_SUMMARY::Worst  slack<setup/<ns>> = 474.754
PAR_SUMMARY::Timing score<setup/<ns>> = 0.000
PAR_SUMMARY::Worst  slack<hold /<ns>> = 0.379
PAR_SUMMARY::Timing score<hold /<ns>> = 0.000
PAR_SUMMARY::Number of errors = 0

Total CPU  time to completion: 5 secs 
Total REAL time to completion: 6 secs 

par done!

Copyright (c) 1991-1994 by NeoCAD Inc. All rights reserved.
Copyright (c) 1995 AT&T Corp.   All rights reserved.
Copyright (c) 1995-2001 Lucent Technologies Inc.  All rights reserved.
Copyright (c) 2001 Agere Systems   All rights reserved.
Copyright (c) 2002-2017 Lattice Semiconductor Corporation,  All rights reserved.
Exiting par with exit code 0
Exiting mpartrce with exit code 0

bitgen -f "div00_div00.t2b" -w "div00_div00.ncd" -jedec "div00_div00.prf"


BITGEN: Bitstream Generator Diamond (64-bit) 3.10.0.111.2
Copyright (c) 1991-1994 by NeoCAD Inc. All rights reserved.
Copyright (c) 1995 AT&T Corp.   All rights reserved.
Copyright (c) 1995-2001 Lucent Technologies Inc.  All rights reserved.
Copyright (c) 2001 Agere Systems   All rights reserved.
Copyright (c) 2002-2017 Lattice Semiconductor Corporation,  All rights reserved.


Loading design for application Bitgen from file div00_div00.ncd.
Design name: topdiv00
NCD version: 3.3
Vendor:      LATTICE
Device:      LCMXO2-7000HE
Package:     TQFP144
Performance: 5
Loading device for application Bitgen from file 'xo2c7000.nph' in environment: C:/lscc/diamond/3.10_x64/ispfpga.
Package Status:                     Final          Version 1.39.
Performance Hardware Data Status:   Final          Version 34.4.

Running DRC.
DRC detected 0 errors and 0 warnings.
Reading Preference File from div00_div00.prf.

Preference Summary:
+---------------------------------+---------------------------------+
|  Preference                     |  Current Setting                |
+---------------------------------+---------------------------------+
|                         RamCfg  |                        Reset**  |
+---------------------------------+---------------------------------+
|                     MCCLK_FREQ  |                         2.08**  |
+---------------------------------+---------------------------------+
|                  CONFIG_SECURE  |                          OFF**  |
+---------------------------------+---------------------------------+
|                          INBUF  |                           ON**  |
+---------------------------------+---------------------------------+
|                      JTAG_PORT  |                       ENABLE**  |
+---------------------------------+---------------------------------+
|                       SDM_PORT  |                      DISABLE**  |
+---------------------------------+---------------------------------+
|                 SLAVE_SPI_PORT  |                      DISABLE**  |
+---------------------------------+---------------------------------+
|                MASTER_SPI_PORT  |                      DISABLE**  |
+---------------------------------+---------------------------------+
|                       I2C_PORT  |                      DISABLE**  |
+---------------------------------+---------------------------------+
|        MUX_CONFIGURATION_PORTS  |                      DISABLE**  |
+---------------------------------+---------------------------------+
|                  CONFIGURATION  |                          CFG**  |
+---------------------------------+---------------------------------+
|                COMPRESS_CONFIG  |                           ON**  |
+---------------------------------+---------------------------------+
|                        MY_ASSP  |                          OFF**  |
+---------------------------------+---------------------------------+
|               ONE_TIME_PROGRAM  |                          OFF**  |
+---------------------------------+---------------------------------+
|                 ENABLE_TRANSFR  |                      DISABLE**  |
+---------------------------------+---------------------------------+
|                  SHAREDEBRINIT  |                      DISABLE**  |
+---------------------------------+---------------------------------+
|            BACKGROUND_RECONFIG  |                          OFF**  |
+---------------------------------+---------------------------------+
 *  Default setting.
 ** The specified setting matches the default setting.


Creating bit map...
 
Bitstream Status: Final           Version 1.94.
 
Saving bit stream in "div00_div00.jed".
 
===========
UFM Summary.
===========
UFM Size:        2046 Pages (128*2046 Bits).
UFM Utilization: General Purpose Flash Memory.
 
Available General Purpose Flash Memory: 2046 Pages (Page 0 to Page 2045).
Initialized UFM Pages:                     0 Page.
 
