Running in Lattice mode

Starting:    C:\lscc\diamond\3.10_x64\synpbase\bin64\mbin\synbatch.exe
Install:     C:\lscc\diamond\3.10_x64\synpbase
Hostname:    VICTOR-PC
Date:        Thu Feb 21 19:55:54 2019
Version:     M-2017.03L-SP1-1

Arguments:   -product synplify_pro -batch compuertas00_compuertas00_synplify.tcl
ProductType: synplify_pro




Copied D:\Sexto_Semestre\Arquitectura_Computadora\projectMachXO2\compuertas00\compuertas00\compuertas00_compuertas00.srr to D:\Sexto_Semestre\Arquitectura_Computadora\projectMachXO2\compuertas00\compuertas00\backup\compuertas00_compuertas00.srr
log file: "D:\Sexto_Semestre\Arquitectura_Computadora\projectMachXO2\compuertas00\compuertas00\compuertas00_compuertas00.srr"
Running: hdl_info_gen in foreground

Generating HDL info...

hdl_info_gen completed
# Thu Feb 21 19:55:55 2019

Return Code: 0
Run Time:00h:00m:01s
Copied D:\Sexto_Semestre\Arquitectura_Computadora\projectMachXO2\compuertas00\compuertas00\compuertas00_compuertas00.srr to D:\Sexto_Semestre\Arquitectura_Computadora\projectMachXO2\compuertas00\compuertas00\compuertas00_compuertas00.srf
log file: "D:\Sexto_Semestre\Arquitectura_Computadora\projectMachXO2\compuertas00\compuertas00\compuertas00_compuertas00.srr"
Running: compuertas00 in foreground

Running proj_1|compuertas00

Running: compile (Compile) on proj_1|compuertas00
# Thu Feb 21 19:55:55 2019

Running: compile_flow (Compile Process) on proj_1|compuertas00
# Thu Feb 21 19:55:55 2019

Running: compiler (Compile Input) on proj_1|compuertas00
# Thu Feb 21 19:55:55 2019
Copied D:\Sexto_Semestre\Arquitectura_Computadora\projectMachXO2\compuertas00\compuertas00\synwork\compuertas00_compuertas00_comp.srs to D:\Sexto_Semestre\Arquitectura_Computadora\projectMachXO2\compuertas00\compuertas00\compuertas00_compuertas00.srs

compiler completed
# Thu Feb 21 19:55:57 2019

Return Code: 0
Run Time:00h:00m:02s

Running: multi_srs_gen (Multi-srs Generator) on proj_1|compuertas00
# Thu Feb 21 19:55:57 2019

multi_srs_gen completed
# Thu Feb 21 19:55:57 2019

Return Code: 0
Run Time:00h:00m:00s
Copied D:\Sexto_Semestre\Arquitectura_Computadora\projectMachXO2\compuertas00\compuertas00\synwork\compuertas00_compuertas00_mult.srs to D:\Sexto_Semestre\Arquitectura_Computadora\projectMachXO2\compuertas00\compuertas00\compuertas00_compuertas00.srs
Copied D:\Sexto_Semestre\Arquitectura_Computadora\projectMachXO2\compuertas00\compuertas00\compuertas00_compuertas00.srr to D:\Sexto_Semestre\Arquitectura_Computadora\projectMachXO2\compuertas00\compuertas00\compuertas00_compuertas00.srf
Complete: Compile Process on proj_1|compuertas00

Running: premap (Pre-mapping) on proj_1|compuertas00
# Thu Feb 21 19:55:57 2019

premap completed
# Thu Feb 21 19:55:58 2019

Return Code: 0
Run Time:00h:00m:01s
Complete: Compile on proj_1|compuertas00

Running: map (Map) on proj_1|compuertas00
# Thu Feb 21 19:55:58 2019
License granted for 4 parallel jobs

Running: fpga_mapper (Map & Optimize) on proj_1|compuertas00
# Thu Feb 21 19:55:58 2019
Copied D:\Sexto_Semestre\Arquitectura_Computadora\projectMachXO2\compuertas00\compuertas00\synwork\compuertas00_compuertas00_m.srm to D:\Sexto_Semestre\Arquitectura_Computadora\projectMachXO2\compuertas00\compuertas00\compuertas00_compuertas00.srm

fpga_mapper completed
# Thu Feb 21 19:56:00 2019

Return Code: 0
Run Time:00h:00m:02s
Complete: Map on proj_1|compuertas00
Copied D:\Sexto_Semestre\Arquitectura_Computadora\projectMachXO2\compuertas00\compuertas00\compuertas00_compuertas00.srr to D:\Sexto_Semestre\Arquitectura_Computadora\projectMachXO2\compuertas00\compuertas00\compuertas00_compuertas00.srf
Complete: Logic Synthesis on proj_1|compuertas00
TCL script complete: "compuertas00_compuertas00_synplify.tcl"
exit status=0
exit status=0
Save changes for project:
D:\Sexto_Semestre\Arquitectura_Computadora\projectMachXO2\compuertas00\compuertas00\proj_1.prj
batch mode default:no
