
synpwrap -msg -prj "shifters00_shifters00_synplify.tcl" -log "shifters00_shifters00.srf"
Copyright (C) 1992-2017 Lattice Semiconductor Corporation. All rights reserved.
Lattice Diamond Version 3.10.0.111.2
    <postMsg mid="2011000" type="Info"    dynamic="0" navigation="0"  />

==contents of shifters00_shifters00.srf
#Build: Synplify Pro (R) M-2017.03L-SP1-1, Build 086R, Aug  4 2017
#install: C:\lscc\diamond\3.10_x64\synpbase
#OS: Windows 7 6.1
#Hostname: VICTOR-PC

# Tue Feb 26 15:03:19 2019

#Implementation: shifters00

Synopsys HDL Compiler, version comp2017q2p1, Build 190R, built Aug  4 2017
@N|Running in 64-bit mode
Copyright (C) 1994-2017 Synopsys, Inc. This Synopsys software and all associated documentation are proprietary to Synopsys, Inc. and may only be used pursuant to the terms and conditions of a written license agreement with Synopsys, Inc. All other use, reproduction, modification, or distribution of the Synopsys software or the associated documentation is strictly prohibited.

Synopsys VHDL Compiler, version comp2017q2p1, Build 190R, built Aug  4 2017
@N|Running in 64-bit mode
Copyright (C) 1994-2017 Synopsys, Inc. This Synopsys software and all associated documentation are proprietary to Synopsys, Inc. and may only be used pursuant to the terms and conditions of a written license agreement with Synopsys, Inc. All other use, reproduction, modification, or distribution of the Synopsys software or the associated documentation is strictly prohibited.

@N: CD720 :"C:\lscc\diamond\3.10_x64\synpbase\lib\vhd\std.vhd":123:18:123:21|Setting time resolution to ps
@N:"D:\Sexto_Semestre\Arquitectura_Computadora\projectMachXO2\shifters\shifters00\source\topshiftRL00.vhdl":7:7:7:18|Top entity is set to topshiftRL00.
File C:\lscc\diamond\3.10_x64\synpbase\lib\cpld\lattice.vhd changed - recompiling
File D:\Sexto_Semestre\Arquitectura_Computadora\projectMachXO2\shifters\shifters00\source\osc00.vhdl changed - recompiling
File D:\Sexto_Semestre\Arquitectura_Computadora\projectMachXO2\shifters\shifters00\source\packagediv00.vhdl changed - recompiling
File D:\Sexto_Semestre\Arquitectura_Computadora\projectMachXO2\shifters\shifters00\source\shiftRL00.vhdl changed - recompiling
File D:\Sexto_Semestre\Arquitectura_Computadora\projectMachXO2\shifters\topshiftRD00.vhdl changed - recompiling
File D:\Sexto_Semestre\Arquitectura_Computadora\projectMachXO2\shifters\toprotIzq.vhd changed - recompiling
File D:\Sexto_Semestre\Arquitectura_Computadora\projectMachXO2\shifters\toprotDer00.vhdl changed - recompiling
File D:\Sexto_Semestre\Arquitectura_Computadora\projectMachXO2\shifters\barrelIzq.vhd changed - recompiling
File D:\Sexto_Semestre\Arquitectura_Computadora\projectMachXO2\shifters\barrelDer.vhd changed - recompiling
File D:\Sexto_Semestre\Arquitectura_Computadora\projectMachXO2\shifters\barrelrIzq.vhd changed - recompiling
File D:\Sexto_Semestre\Arquitectura_Computadora\projectMachXO2\shifters\barrelrDer.vhd changed - recompiling
File D:\Sexto_Semestre\Arquitectura_Computadora\projectMachXO2\shifters\shifters00\source\packageshitfRL00.vhdl changed - recompiling
File D:\Sexto_Semestre\Arquitectura_Computadora\projectMachXO2\shifters\shifters00\source\topdiv00.vhdl changed - recompiling
File D:\Sexto_Semestre\Arquitectura_Computadora\projectMachXO2\shifters\shifters00\source\topshiftRL00.vhdl changed - recompiling
VHDL syntax check successful!
File D:\Sexto_Semestre\Arquitectura_Computadora\projectMachXO2\shifters\barrelIzq.vhd changed - recompiling
File D:\Sexto_Semestre\Arquitectura_Computadora\projectMachXO2\shifters\barrelDer.vhd changed - recompiling
File D:\Sexto_Semestre\Arquitectura_Computadora\projectMachXO2\shifters\barrelrIzq.vhd changed - recompiling
File D:\Sexto_Semestre\Arquitectura_Computadora\projectMachXO2\shifters\barrelrDer.vhd changed - recompiling
@N: CD630 :"D:\Sexto_Semestre\Arquitectura_Computadora\projectMachXO2\shifters\shifters00\source\topshiftRL00.vhdl":7:7:7:18|Synthesizing work.topshiftrl00.topshiftrl0.
@N: CD630 :"D:\Sexto_Semestre\Arquitectura_Computadora\projectMachXO2\shifters\barrelrDer.vhd":8:7:8:16|Synthesizing work.barrelrder.barrelrder0.
@N: CD364 :"D:\Sexto_Semestre\Arquitectura_Computadora\projectMachXO2\shifters\barrelrDer.vhd":37:5:37:12|Removing redundant assignment.
Post processing for work.barrelrder.barrelrder0
@N: CD630 :"D:\Sexto_Semestre\Arquitectura_Computadora\projectMachXO2\shifters\barrelrIzq.vhd":8:7:8:16|Synthesizing work.barrelrizq.barrelrizq0.
@N: CD364 :"D:\Sexto_Semestre\Arquitectura_Computadora\projectMachXO2\shifters\barrelrIzq.vhd":37:5:37:12|Removing redundant assignment.
Post processing for work.barrelrizq.barrelrizq0
@N: CD630 :"D:\Sexto_Semestre\Arquitectura_Computadora\projectMachXO2\shifters\barrelDer.vhd":8:7:8:15|Synthesizing work.barrelder.barrelder0.
@N: CD364 :"D:\Sexto_Semestre\Arquitectura_Computadora\projectMachXO2\shifters\barrelDer.vhd":37:5:37:12|Removing redundant assignment.
Post processing for work.barrelder.barrelder0
@N: CD630 :"D:\Sexto_Semestre\Arquitectura_Computadora\projectMachXO2\shifters\barrelIzq.vhd":8:7:8:15|Synthesizing work.barrelizq.barrelizq0.
@N: CD364 :"D:\Sexto_Semestre\Arquitectura_Computadora\projectMachXO2\shifters\barrelIzq.vhd":37:5:37:12|Removing redundant assignment.
Post processing for work.barrelizq.barrelizq0
@N: CD630 :"D:\Sexto_Semestre\Arquitectura_Computadora\projectMachXO2\shifters\toprotDer00.vhdl":6:7:6:17|Synthesizing work.toprotder00.toprotder0.
Post processing for work.toprotder00.toprotder0
@N: CD630 :"D:\Sexto_Semestre\Arquitectura_Computadora\projectMachXO2\shifters\toprotIzq.vhd":6:7:6:15|Synthesizing work.toprotizq.toprotizq0.
Post processing for work.toprotizq.toprotizq0
@N: CD630 :"D:\Sexto_Semestre\Arquitectura_Computadora\projectMachXO2\shifters\topshiftRD00.vhdl":6:7:6:15|Synthesizing work.shiftrd00.shiftrd0.
Post processing for work.shiftrd00.shiftrd0
@N: CD630 :"D:\Sexto_Semestre\Arquitectura_Computadora\projectMachXO2\shifters\shifters00\source\shiftRL00.vhdl":6:7:6:15|Synthesizing work.shiftrl00.shiftrl0.
Post processing for work.shiftrl00.shiftrl0
@N: CD630 :"D:\Sexto_Semestre\Arquitectura_Computadora\projectMachXO2\shifters\shifters00\source\topdiv00.vhdl":7:7:7:14|Synthesizing work.topdiv00.topdiv0.
@N: CD630 :"D:\Sexto_Semestre\Arquitectura_Computadora\projectMachXO2\shifters\shifters00\source\div00.vhdl":9:7:9:11|Synthesizing work.div00.div0.
@N: CD364 :"D:\Sexto_Semestre\Arquitectura_Computadora\projectMachXO2\shifters\shifters00\source\div00.vhdl":32:6:32:11|Removing redundant assignment.
@N: CD364 :"D:\Sexto_Semestre\Arquitectura_Computadora\projectMachXO2\shifters\shifters00\source\div00.vhdl":40:6:40:11|Removing redundant assignment.
@N: CD364 :"D:\Sexto_Semestre\Arquitectura_Computadora\projectMachXO2\shifters\shifters00\source\div00.vhdl":48:6:48:11|Removing redundant assignment.
@N: CD364 :"D:\Sexto_Semestre\Arquitectura_Computadora\projectMachXO2\shifters\shifters00\source\div00.vhdl":56:6:56:11|Removing redundant assignment.
@N: CD364 :"D:\Sexto_Semestre\Arquitectura_Computadora\projectMachXO2\shifters\shifters00\source\div00.vhdl":64:6:64:11|Removing redundant assignment.
@N: CD364 :"D:\Sexto_Semestre\Arquitectura_Computadora\projectMachXO2\shifters\shifters00\source\div00.vhdl":72:6:72:11|Removing redundant assignment.
@N: CD364 :"D:\Sexto_Semestre\Arquitectura_Computadora\projectMachXO2\shifters\shifters00\source\div00.vhdl":80:6:80:11|Removing redundant assignment.
@N: CD364 :"D:\Sexto_Semestre\Arquitectura_Computadora\projectMachXO2\shifters\shifters00\source\div00.vhdl":88:6:88:11|Removing redundant assignment.
Post processing for work.div00.div0
@N: CD630 :"D:\Sexto_Semestre\Arquitectura_Computadora\projectMachXO2\shifters\shifters00\source\osc00.vhdl":7:7:7:11|Synthesizing work.osc00.osc0.
@W: CD276 :"C:\lscc\diamond\3.10_x64\cae_library\synthesis\vhdl\machxo2.vhd":2297:8:2297:15|Map for port sedstdby of component osch not found
@N: CD630 :"C:\lscc\diamond\3.10_x64\cae_library\synthesis\vhdl\machxo2.vhd":2291:10:2291:13|Synthesizing work.osch.syn_black_box.
Post processing for work.osch.syn_black_box
Post processing for work.osc00.osc0
Post processing for work.topdiv00.topdiv0
Post processing for work.topshiftrl00.topshiftrl0

At c_vhdl Exit (Real Time elapsed 0h:00m:00s; CPU Time elapsed 0h:00m:00s; Memory used current: 77MB peak: 80MB)

Process took 0h:00m:01s realtime, 0h:00m:01s cputime

Process completed successfully.
# Tue Feb 26 15:03:19 2019

###########################################################]
Synopsys Netlist Linker, version comp2017q2p1, Build 190R, built Aug  4 2017
@N|Running in 64-bit mode
File D:\Sexto_Semestre\Arquitectura_Computadora\projectMachXO2\shifters\shifters00\synwork\layer0.srs changed - recompiling

At syn_nfilter Exit (Real Time elapsed 0h:00m:00s; CPU Time elapsed 0h:00m:00s; Memory used current: 67MB peak: 68MB)

Process took 0h:00m:01s realtime, 0h:00m:01s cputime

Process completed successfully.
# Tue Feb 26 15:03:20 2019

###########################################################]
@END

At c_hdl Exit (Real Time elapsed 0h:00m:01s; CPU Time elapsed 0h:00m:00s; Memory used current: 3MB peak: 4MB)

Process took 0h:00m:01s realtime, 0h:00m:01s cputime

Process completed successfully.
# Tue Feb 26 15:03:20 2019

###########################################################]
Synopsys Netlist Linker, version comp2017q2p1, Build 190R, built Aug  4 2017
@N|Running in 64-bit mode
File D:\Sexto_Semestre\Arquitectura_Computadora\projectMachXO2\shifters\shifters00\synwork\shifters00_shifters00_comp.srs changed - recompiling

At syn_nfilter Exit (Real Time elapsed 0h:00m:00s; CPU Time elapsed 0h:00m:00s; Memory used current: 67MB peak: 68MB)

Process took 0h:00m:01s realtime, 0h:00m:01s cputime

Process completed successfully.
# Tue Feb 26 15:03:21 2019

###########################################################]
Pre-mapping Report

# Tue Feb 26 15:03:22 2019

Synopsys Lattice Technology Pre-mapping, Version maplat, Build 1796R, Built Aug  4 2017 11:10:16
Copyright (C) 1994-2017 Synopsys, Inc. This Synopsys software and all associated documentation are proprietary to Synopsys, Inc. and may only be used pursuant to the terms and conditions of a written license agreement with Synopsys, Inc. All other use, reproduction, modification, or distribution of the Synopsys software or the associated documentation is strictly prohibited.
Product Version M-2017.03L-SP1-1

Mapper Startup Complete (Real Time elapsed 0h:00m:00s; CPU Time elapsed 0h:00m:00s; Memory used current: 99MB peak: 100MB)

@A: MF827 |No constraint file specified.
@L: D:\Sexto_Semestre\Arquitectura_Computadora\projectMachXO2\shifters\shifters00\shifters00_shifters00_scck.rpt 
Printing clock  summary report in "D:\Sexto_Semestre\Arquitectura_Computadora\projectMachXO2\shifters\shifters00\shifters00_shifters00_scck.rpt" file 
@N: MF248 |Running in 64-bit mode.
@N: MF666 |Clock conversion enabled. (Command "set_option -fix_gated_and_generated_clocks 1" in the project file.)

Design Input Complete (Real Time elapsed 0h:00m:00s; CPU Time elapsed 0h:00m:00s; Memory used current: 100MB peak: 102MB)


Mapper Initialization Complete (Real Time elapsed 0h:00m:00s; CPU Time elapsed 0h:00m:00s; Memory used current: 100MB peak: 102MB)


Start loading timing files (Real Time elapsed 0h:00m:00s; CPU Time elapsed 0h:00m:00s; Memory used current: 113MB peak: 113MB)


Finished loading timing files (Real Time elapsed 0h:00m:00s; CPU Time elapsed 0h:00m:00s; Memory used current: 113MB peak: 115MB)

ICG Latch Removal Summary:
Number of ICG latches removed:	0
Number of ICG latches not removed:	0
syn_allowed_resources : blockrams=26  set on top level netlist topshiftRL00

Finished netlist restructuring (Real Time elapsed 0h:00m:00s; CPU Time elapsed 0h:00m:00s; Memory used current: 140MB peak: 142MB)



Clock Summary
******************

          Start                            Requested     Requested     Clock                                           Clock                   Clock
Level     Clock                            Frequency     Period        Type                                            Group                   Load 
----------------------------------------------------------------------------------------------------------------------------------------------------
0 -       osc00|osc_int_inferred_clock     2.1 MHz       480.769       inferred                                        Inferred_clkgroup_0     22   
1 .         div00|outdiv_derived_clock     2.1 MHz       480.769       derived (from osc00|osc_int_inferred_clock)     Inferred_clkgroup_0     144  
====================================================================================================================================================

@W: MT529 :"d:\sexto_semestre\arquitectura_computadora\projectmachxo2\shifters\shifters00\source\div00.vhdl":24:2:24:3|Found inferred clock osc00|osc_int_inferred_clock which controls 22 sequential elements including SRL00.OS01.sdiv[20:0]. This clock has no specified timing constraint which may prevent conversion of gated or generated clocks and may adversely impact design performance. 

Finished Pre Mapping Phase.

Starting constraint checker (Real Time elapsed 0h:00m:00s; CPU Time elapsed 0h:00m:00s; Memory used current: 140MB peak: 142MB)


Finished constraint checker preprocessing (Real Time elapsed 0h:00m:00s; CPU Time elapsed 0h:00m:00s; Memory used current: 140MB peak: 142MB)

None
None

Finished constraint checker (Real Time elapsed 0h:00m:00s; CPU Time elapsed 0h:00m:00s; Memory used current: 140MB peak: 142MB)

Pre-mapping successful!

At Mapper Exit (Real Time elapsed 0h:00m:00s; CPU Time elapsed 0h:00m:00s; Memory used current: 56MB peak: 142MB)

Process took 0h:00m:01s realtime, 0h:00m:01s cputime
# Tue Feb 26 15:03:23 2019

###########################################################]
Map & Optimize Report

# Tue Feb 26 15:03:23 2019

Synopsys Lattice Technology Mapper, Version maplat, Build 1796R, Built Aug  4 2017 11:10:16
Copyright (C) 1994-2017 Synopsys, Inc. This Synopsys software and all associated documentation are proprietary to Synopsys, Inc. and may only be used pursuant to the terms and conditions of a written license agreement with Synopsys, Inc. All other use, reproduction, modification, or distribution of the Synopsys software or the associated documentation is strictly prohibited.
Product Version M-2017.03L-SP1-1

Mapper Startup Complete (Real Time elapsed 0h:00m:00s; CPU Time elapsed 0h:00m:00s; Memory used current: 99MB peak: 100MB)

@N: MF248 |Running in 64-bit mode.
@N: MF666 |Clock conversion enabled. (Command "set_option -fix_gated_and_generated_clocks 1" in the project file.)

Design Input Complete (Real Time elapsed 0h:00m:00s; CPU Time elapsed 0h:00m:00s; Memory used current: 99MB peak: 100MB)


Mapper Initialization Complete (Real Time elapsed 0h:00m:00s; CPU Time elapsed 0h:00m:00s; Memory used current: 99MB peak: 100MB)


Start loading timing files (Real Time elapsed 0h:00m:00s; CPU Time elapsed 0h:00m:00s; Memory used current: 112MB peak: 112MB)


Finished loading timing files (Real Time elapsed 0h:00m:00s; CPU Time elapsed 0h:00m:00s; Memory used current: 112MB peak: 114MB)



Starting Optimization and Mapping (Real Time elapsed 0h:00m:00s; CPU Time elapsed 0h:00m:00s; Memory used current: 139MB peak: 142MB)


Available hyper_sources - for debug and ip models
	None Found


Finished RTL optimizations (Real Time elapsed 0h:00m:00s; CPU Time elapsed 0h:00m:00s; Memory used current: 140MB peak: 142MB)


Starting factoring (Real Time elapsed 0h:00m:00s; CPU Time elapsed 0h:00m:00s; Memory used current: 140MB peak: 142MB)


Finished factoring (Real Time elapsed 0h:00m:00s; CPU Time elapsed 0h:00m:00s; Memory used current: 141MB peak: 142MB)


Starting gated-clock and generated-clock conversion (Real Time elapsed 0h:00m:00s; CPU Time elapsed 0h:00m:00s; Memory used current: 141MB peak: 142MB)


Finished gated-clock and generated-clock conversion (Real Time elapsed 0h:00m:00s; CPU Time elapsed 0h:00m:00s; Memory used current: 141MB peak: 142MB)


Finished generic timing optimizations - Pass 1 (Real Time elapsed 0h:00m:00s; CPU Time elapsed 0h:00m:00s; Memory used current: 142MB peak: 142MB)


Starting Early Timing Optimization (Real Time elapsed 0h:00m:00s; CPU Time elapsed 0h:00m:00s; Memory used current: 142MB peak: 143MB)


Finished Early Timing Optimization (Real Time elapsed 0h:00m:00s; CPU Time elapsed 0h:00m:00s; Memory used current: 142MB peak: 143MB)


Finished generic timing optimizations - Pass 2 (Real Time elapsed 0h:00m:00s; CPU Time elapsed 0h:00m:00s; Memory used current: 142MB peak: 143MB)


Finished preparing to map (Real Time elapsed 0h:00m:00s; CPU Time elapsed 0h:00m:00s; Memory used current: 142MB peak: 143MB)


Finished technology mapping (Real Time elapsed 0h:00m:01s; CPU Time elapsed 0h:00m:01s; Memory used current: 149MB peak: 152MB)

Pass		 CPU time		Worst Slack		Luts / Registers
------------------------------------------------------------
   1		0h:00m:01s		   468.48ns		 174 /       166

Finished technology timing optimizations and critical path resynthesis (Real Time elapsed 0h:00m:01s; CPU Time elapsed 0h:00m:01s; Memory used current: 149MB peak: 152MB)

@N: FX164 |The option to pack registers in the IOB has not been specified. Please set syn_useioff attribute.  

Finished restoring hierarchy (Real Time elapsed 0h:00m:01s; CPU Time elapsed 0h:00m:01s; Memory used current: 150MB peak: 152MB)

@N: MT611 :|Automatically generated clock div00|outdiv_derived_clock is not used and is being removed


@S |Clock Optimization Summary


#### START OF CLOCK OPTIMIZATION REPORT #####[

0 non-gated/non-generated clock tree(s) driving 0 clock pin(s) of sequential element(s)
1 gated/generated clock tree(s) driving 166 clock pin(s) of sequential element(s)
0 instances converted, 166 sequential instances remain driven by gated/generated clocks

==================================================================================================== Gated/Generated Clocks ====================================================================================================
Clock Tree ID     Driving Element         Drive Element Type     Fanout     Sample Instance       Explanation                                                                                                                   
--------------------------------------------------------------------------------------------------------------------------------------------------------------------------------------------------------------------------------
@K:CKID0001       SRL00.OS00.OSCInst0     OSCH                   166        SRL00.OS01.outdiv     Gating structure creates improper gating logic. See the Gated Clocks description in the user guide for conversion requirements
================================================================================================================================================================================================================================


##### END OF CLOCK OPTIMIZATION REPORT ######]


Start Writing Netlists (Real Time elapsed 0h:00m:01s; CPU Time elapsed 0h:00m:01s; Memory used current: 117MB peak: 152MB)

Writing Analyst data base D:\Sexto_Semestre\Arquitectura_Computadora\projectMachXO2\shifters\shifters00\synwork\shifters00_shifters00_m.srm

Finished Writing Netlist Databases (Real Time elapsed 0h:00m:01s; CPU Time elapsed 0h:00m:01s; Memory used current: 149MB peak: 152MB)

Writing EDIF Netlist and constraint files
@N: FX1056 |Writing EDF file: D:\Sexto_Semestre\Arquitectura_Computadora\projectMachXO2\shifters\shifters00\shifters00_shifters00.edi
M-2017.03L-SP1-1
@N: BW106 |Synplicity Constraint File capacitance units using default value of 1pF 

Finished Writing EDIF Netlist and constraint files (Real Time elapsed 0h:00m:02s; CPU Time elapsed 0h:00m:02s; Memory used current: 154MB peak: 156MB)


Start final timing analysis (Real Time elapsed 0h:00m:02s; CPU Time elapsed 0h:00m:02s; Memory used current: 154MB peak: 156MB)

@W: MT420 |Found inferred clock osc00|osc_int_inferred_clock with period 480.77ns. Please declare a user-defined clock on object "n:SRL00.OS00.osc_int"


##### START OF TIMING REPORT #####[
# Timing Report written on Tue Feb 26 15:03:25 2019
#


Top view:               topshiftRL00
Requested Frequency:    2.1 MHz
Wire load mode:         top
Paths requested:        5
Constraint File(s):    
@N: MT320 |This timing report is an estimate of place and route data. For final timing results, use the FPGA vendor place and route report.

@N: MT322 |Clock constraints include only register-to-register paths associated with each individual clock.



Performance Summary
*******************


Worst slack in design: 468.644

                                 Requested     Estimated     Requested     Estimated                 Clock        Clock              
Starting Clock                   Frequency     Frequency     Period        Period        Slack       Type         Group              
-------------------------------------------------------------------------------------------------------------------------------------
osc00|osc_int_inferred_clock     2.1 MHz       82.5 MHz      480.769       12.125        468.644     inferred     Inferred_clkgroup_0
=====================================================================================================================================





Clock Relationships
*******************

Clocks                                                      |    rise  to  rise     |    fall  to  fall   |    rise  to  fall   |    fall  to  rise 
----------------------------------------------------------------------------------------------------------------------------------------------------
Starting                      Ending                        |  constraint  slack    |  constraint  slack  |  constraint  slack  |  constraint  slack
----------------------------------------------------------------------------------------------------------------------------------------------------
osc00|osc_int_inferred_clock  osc00|osc_int_inferred_clock  |  480.769     468.644  |  No paths    -      |  No paths    -      |  No paths    -    
====================================================================================================================================================
 Note: 'No paths' indicates there are no paths in the design for that pair of clock edges.
       'Diff grp' indicates that paths exist but the starting clock and ending clock are in different clock groups.



Interface Information 
*********************

No IO constraint found



====================================
Detailed Report for Clock: osc00|osc_int_inferred_clock
====================================



Starting Points with Worst Slack
********************************

                        Starting                                                          Arrival            
Instance                Reference                        Type        Pin     Net          Time        Slack  
                        Clock                                                                                
-------------------------------------------------------------------------------------------------------------
SRL00.OS01.sdiv[0]      osc00|osc_int_inferred_clock     FD1S3IX     Q       sdiv[0]      1.044       468.644
SRL00.OS01.sdiv[1]      osc00|osc_int_inferred_clock     FD1S3IX     Q       sdiv[1]      1.044       468.644
SRL00.OS01.sdiv[2]      osc00|osc_int_inferred_clock     FD1S3IX     Q       sdiv[2]      1.044       468.644
SRL00.OS01.sdiv[3]      osc00|osc_int_inferred_clock     FD1S3IX     Q       sdiv[3]      1.044       468.644
SRL00.OS01.sdiv[6]      osc00|osc_int_inferred_clock     FD1S3IX     Q       sdiv[6]      1.044       468.644
SRL00.OS01.sdiv[7]      osc00|osc_int_inferred_clock     FD1S3IX     Q       sdiv[7]      1.044       468.644
SRL00.OS01.sdiv[8]      osc00|osc_int_inferred_clock     FD1S3IX     Q       sdiv[8]      1.108       469.637
SRL00.OS01.sdiv[9]      osc00|osc_int_inferred_clock     FD1S3IX     Q       sdiv[9]      1.108       469.637
SRL00.OS01.sdiv[10]     osc00|osc_int_inferred_clock     FD1S3IX     Q       sdiv[10]     1.108       469.637
SRL00.OS01.sdiv[11]     osc00|osc_int_inferred_clock     FD1S3IX     Q       sdiv[11]     1.108       469.637
=============================================================================================================


Ending Points with Worst Slack
******************************

                        Starting                                                              Required            
Instance                Reference                        Type        Pin     Net              Time         Slack  
                        Clock                                                                                     
------------------------------------------------------------------------------------------------------------------
SRL00.OS01.sdiv[19]     osc00|osc_int_inferred_clock     FD1S3IX     D       un1_sdiv[20]     480.664      468.644
SRL00.OS01.sdiv[20]     osc00|osc_int_inferred_clock     FD1S3IX     D       un1_sdiv[21]     480.664      468.644
SRL00.OS01.sdiv[17]     osc00|osc_int_inferred_clock     FD1S3IX     D       un1_sdiv[18]     480.664      468.787
SRL00.OS01.sdiv[18]     osc00|osc_int_inferred_clock     FD1S3IX     D       un1_sdiv[19]     480.664      468.787
SRL00.OS01.sdiv[15]     osc00|osc_int_inferred_clock     FD1S3IX     D       un1_sdiv[16]     480.664      468.930
SRL00.OS01.sdiv[16]     osc00|osc_int_inferred_clock     FD1S3IX     D       un1_sdiv[17]     480.664      468.930
SRL00.OS01.sdiv[13]     osc00|osc_int_inferred_clock     FD1S3IX     D       un1_sdiv[14]     480.664      469.073
SRL00.OS01.sdiv[14]     osc00|osc_int_inferred_clock     FD1S3IX     D       un1_sdiv[15]     480.664      469.073
SRL00.OS01.sdiv[11]     osc00|osc_int_inferred_clock     FD1S3IX     D       un1_sdiv[12]     480.664      469.216
SRL00.OS01.sdiv[12]     osc00|osc_int_inferred_clock     FD1S3IX     D       un1_sdiv[13]     480.664      469.216
==================================================================================================================



Worst Path Information
***********************


Path information for path number 1: 
      Requested Period:                      480.769
    - Setup time:                            0.106
    + Clock delay at ending point:           0.000 (ideal)
    = Required time:                         480.664

    - Propagation time:                      12.019
    - Clock delay at starting point:         0.000 (ideal)
    = Slack (critical) :                     468.644

    Number of logic level(s):                17
    Starting point:                          SRL00.OS01.sdiv[0] / Q
    Ending point:                            SRL00.OS01.sdiv[20] / D
    The start point is clocked by            osc00|osc_int_inferred_clock [rising] on pin CK
    The end   point is clocked by            osc00|osc_int_inferred_clock [rising] on pin CK

Instance / Net                                        Pin      Pin               Arrival     No. of    
Name                                     Type         Name     Dir     Delay     Time        Fan Out(s)
-------------------------------------------------------------------------------------------------------
SRL00.OS01.sdiv[0]                       FD1S3IX      Q        Out     1.044     1.044       -         
sdiv[0]                                  Net          -        -       -         -           2         
SRL00.OS01.pdiv\.sdiv57lto9_i_a2_8_4     ORCALUT4     A        In      0.000     1.044       -         
SRL00.OS01.pdiv\.sdiv57lto9_i_a2_8_4     ORCALUT4     Z        Out     1.017     2.061       -         
sdiv57lto9_i_a2_8_4                      Net          -        -       -         -           1         
SRL00.OS01.pdiv\.sdiv57lto9_i_a2_8       ORCALUT4     B        In      0.000     2.061       -         
SRL00.OS01.pdiv\.sdiv57lto9_i_a2_8       ORCALUT4     Z        Out     1.193     3.253       -         
N_21_8                                   Net          -        -       -         -           4         
SRL00.OS01.pdiv\.sdiv15lto18_i_a2_17     ORCALUT4     B        In      0.000     3.253       -         
SRL00.OS01.pdiv\.sdiv15lto18_i_a2_17     ORCALUT4     Z        Out     1.193     4.446       -         
N_3_18                                   Net          -        -       -         -           4         
SRL00.OS01.outdiv_0_sqmuxa_3             ORCALUT4     A        In      0.000     4.446       -         
SRL00.OS01.outdiv_0_sqmuxa_3             ORCALUT4     Z        Out     1.089     5.535       -         
outdiv_0_sqmuxa_3                        Net          -        -       -         -           2         
SRL00.OS01.un1_sdiv69_1_0                ORCALUT4     A        In      0.000     5.535       -         
SRL00.OS01.un1_sdiv69_1_0                ORCALUT4     Z        Out     1.089     6.624       -         
un1_sdiv69_1_0                           Net          -        -       -         -           2         
SRL00.OS01.un1_sdiv69_i                  ORCALUT4     A        In      0.000     6.624       -         
SRL00.OS01.un1_sdiv69_i                  ORCALUT4     Z        Out     1.017     7.641       -         
un1_sdiv69_i                             Net          -        -       -         -           1         
SRL00.OS01.un1_sdiv_cry_0_0              CCU2D        B0       In      0.000     7.641       -         
SRL00.OS01.un1_sdiv_cry_0_0              CCU2D        COUT     Out     1.544     9.185       -         
un1_sdiv_cry_0                           Net          -        -       -         -           1         
SRL00.OS01.un1_sdiv_cry_1_0              CCU2D        CIN      In      0.000     9.185       -         
SRL00.OS01.un1_sdiv_cry_1_0              CCU2D        COUT     Out     0.143     9.328       -         
un1_sdiv_cry_2                           Net          -        -       -         -           1         
SRL00.OS01.un1_sdiv_cry_3_0              CCU2D        CIN      In      0.000     9.328       -         
SRL00.OS01.un1_sdiv_cry_3_0              CCU2D        COUT     Out     0.143     9.471       -         
un1_sdiv_cry_4                           Net          -        -       -         -           1         
SRL00.OS01.un1_sdiv_cry_5_0              CCU2D        CIN      In      0.000     9.471       -         
SRL00.OS01.un1_sdiv_cry_5_0              CCU2D        COUT     Out     0.143     9.614       -         
un1_sdiv_cry_6                           Net          -        -       -         -           1         
SRL00.OS01.un1_sdiv_cry_7_0              CCU2D        CIN      In      0.000     9.614       -         
SRL00.OS01.un1_sdiv_cry_7_0              CCU2D        COUT     Out     0.143     9.756       -         
un1_sdiv_cry_8                           Net          -        -       -         -           1         
SRL00.OS01.un1_sdiv_cry_9_0              CCU2D        CIN      In      0.000     9.756       -         
SRL00.OS01.un1_sdiv_cry_9_0              CCU2D        COUT     Out     0.143     9.899       -         
un1_sdiv_cry_10                          Net          -        -       -         -           1         
SRL00.OS01.un1_sdiv_cry_11_0             CCU2D        CIN      In      0.000     9.899       -         
SRL00.OS01.un1_sdiv_cry_11_0             CCU2D        COUT     Out     0.143     10.042      -         
un1_sdiv_cry_12                          Net          -        -       -         -           1         
SRL00.OS01.un1_sdiv_cry_13_0             CCU2D        CIN      In      0.000     10.042      -         
SRL00.OS01.un1_sdiv_cry_13_0             CCU2D        COUT     Out     0.143     10.185      -         
un1_sdiv_cry_14                          Net          -        -       -         -           1         
SRL00.OS01.un1_sdiv_cry_15_0             CCU2D        CIN      In      0.000     10.185      -         
SRL00.OS01.un1_sdiv_cry_15_0             CCU2D        COUT     Out     0.143     10.328      -         
un1_sdiv_cry_16                          Net          -        -       -         -           1         
SRL00.OS01.un1_sdiv_cry_17_0             CCU2D        CIN      In      0.000     10.328      -         
SRL00.OS01.un1_sdiv_cry_17_0             CCU2D        COUT     Out     0.143     10.470      -         
un1_sdiv_cry_18                          Net          -        -       -         -           1         
SRL00.OS01.un1_sdiv_cry_19_0             CCU2D        CIN      In      0.000     10.470      -         
SRL00.OS01.un1_sdiv_cry_19_0             CCU2D        S1       Out     1.549     12.019      -         
un1_sdiv[21]                             Net          -        -       -         -           1         
SRL00.OS01.sdiv[20]                      FD1S3IX      D        In      0.000     12.019      -         
=======================================================================================================



##### END OF TIMING REPORT #####]

Timing exceptions that could not be applied
None

Finished final timing analysis (Real Time elapsed 0h:00m:02s; CPU Time elapsed 0h:00m:02s; Memory used current: 154MB peak: 156MB)


Finished timing report (Real Time elapsed 0h:00m:02s; CPU Time elapsed 0h:00m:02s; Memory used current: 154MB peak: 156MB)

---------------------------------------
Resource Usage Report
Part: lcmxo2_7000he-5

Register bits: 166 of 6864 (2%)
PIC Latch:       0
I/O cells:       30


Details:
CCU2D:          23
FD1P3AX:        64
FD1P3IX:        80
FD1S3AX:        1
FD1S3IX:        21
GSR:            1
IB:             21
INV:            1
L6MUX21:        8
OB:             9
ORCALUT4:       171
OSCH:           1
PFUMX:          16
PUR:            1
VHI:            12
VLO:            12
Mapper successful!

At Mapper Exit (Real Time elapsed 0h:00m:02s; CPU Time elapsed 0h:00m:02s; Memory used current: 33MB peak: 156MB)

Process took 0h:00m:02s realtime, 0h:00m:02s cputime
# Tue Feb 26 15:03:25 2019

###########################################################]


Synthesis exit by 0.

edif2ngd  -l "MachXO2" -d LCMXO2-7000HE -path "D:/Sexto_Semestre/Arquitectura_Computadora/projectMachXO2/shifters/shifters00" -path "D:/Sexto_Semestre/Arquitectura_Computadora/projectMachXO2/shifters"   "D:/Sexto_Semestre/Arquitectura_Computadora/projectMachXO2/shifters/shifters00/shifters00_shifters00.edi" "shifters00_shifters00.ngo"   
edif2ngd:  version Diamond (64-bit) 3.10.0.111.2

Copyright (c) 1991-1994 by NeoCAD Inc. All rights reserved.
Copyright (c) 1995 AT&T Corp.   All rights reserved.
Copyright (c) 1995-2001 Lucent Technologies Inc.  All rights reserved.
Copyright (c) 2001 Agere Systems   All rights reserved.
Copyright (c) 2002-2017 Lattice Semiconductor Corporation,  All rights reserved.
Writing the design to shifters00_shifters00.ngo...

Total CPU Time: 0 secs  

Total REAL Time: 0 secs  


ngdbuild  -a "MachXO2" -d LCMXO2-7000HE  -p "C:/lscc/diamond/3.10_x64/ispfpga/xo2c00/data"  -p "D:/Sexto_Semestre/Arquitectura_Computadora/projectMachXO2/shifters/shifters00" -p "D:/Sexto_Semestre/Arquitectura_Computadora/projectMachXO2/shifters"  "shifters00_shifters00.ngo" "shifters00_shifters00.ngd"  	
ngdbuild:  version Diamond (64-bit) 3.10.0.111.2

Copyright (c) 1991-1994 by NeoCAD Inc. All rights reserved.
Copyright (c) 1995 AT&T Corp.   All rights reserved.
Copyright (c) 1995-2001 Lucent Technologies Inc.  All rights reserved.
Copyright (c) 2001 Agere Systems   All rights reserved.
Copyright (c) 2002-2017 Lattice Semiconductor Corporation,  All rights reserved.
Reading 'shifters00_shifters00.ngo' ...
Loading NGL library 'C:/lscc/diamond/3.10_x64/ispfpga/xo2c00a/data/xo2alib.ngl'...
Loading NGL library 'C:/lscc/diamond/3.10_x64/ispfpga/xo2c00/data/xo2clib.ngl'...
Loading NGL library 'C:/lscc/diamond/3.10_x64/ispfpga/mg5g00/data/mg5glib.ngl'...
Loading NGL library 'C:/lscc/diamond/3.10_x64/ispfpga/or5g00/data/orc5glib.ngl'...


Running DRC...

    <postMsg mid="1166052" type="Warning" dynamic="2" navigation="1" arg0="logical" arg1="SRL00/OS00/OSCInst0_SEDSTDBY" arg2="SRL00/OS00/OSCInst0_SEDSTDBY"  />
    <postMsg mid="1163101" type="Warning" dynamic="1" navigation="0" arg0="1"  />

Design Results:
    441 blocks expanded
Complete the first expansion.
Writing 'shifters00_shifters00.ngd' ...
Total CPU Time: 0 secs  

Total REAL Time: 0 secs  


map -a "MachXO2" -p LCMXO2-7000HE -t TQFP144 -s 5 -oc Commercial   "shifters00_shifters00.ngd" -o "shifters00_shifters00_map.ncd" -pr "shifters00_shifters00.prf" -mp "shifters00_shifters00.mrp" -lpf "D:/Sexto_Semestre/Arquitectura_Computadora/projectMachXO2/shifters/shifters00/shifters00_shifters00_synplify.lpf" -lpf "D:/Sexto_Semestre/Arquitectura_Computadora/projectMachXO2/shifters/shifters00.lpf" -c 0            
map:  version Diamond (64-bit) 3.10.0.111.2

Copyright (c) 1991-1994 by NeoCAD Inc. All rights reserved.
Copyright (c) 1995 AT&T Corp.   All rights reserved.
Copyright (c) 1995-2001 Lucent Technologies Inc.  All rights reserved.
Copyright (c) 2001 Agere Systems   All rights reserved.
Copyright (c) 2002-2017 Lattice Semiconductor Corporation,  All rights reserved.
   Process the file: shifters00_shifters00.ngd
   Picdevice="LCMXO2-7000HE"

   Pictype="TQFP144"

   Picspeed=5

   Remove unused logic

   Do not produce over sized NCDs.

Part used: LCMXO2-7000HETQFP144, Performance used: 5.

Loading device for application map from file 'xo2c7000.nph' in environment: C:/lscc/diamond/3.10_x64/ispfpga.
Package Status:                     Final          Version 1.39.

Running general design DRC...

Removing unused logic...

Optimizing...




Design Summary:
   Number of registers:    166 out of  7209 (2%)
      PFU registers:          166 out of  6864 (2%)
      PIO registers:            0 out of   345 (0%)
   Number of SLICEs:       109 out of  3432 (3%)
      SLICEs as Logic/ROM:    109 out of  3432 (3%)
      SLICEs as RAM:            0 out of  2574 (0%)
      SLICEs as Carry:         23 out of  3432 (1%)
   Number of LUT4s:        218 out of  6864 (3%)
      Number used as logic LUTs:        172
      Number used as distributed RAM:     0
      Number used as ripple logic:       46
      Number used as shift registers:     0
   Number of PIO sites used: 30 + 4(JTAG) out of 115 (30%)
   Number of block RAMs:  0 out of 26 (0%)
   Number of GSRs:  0 out of 1 (0%)
   EFB used :       No
   JTAG used :      No
   Readback used :  No
   Oscillator used :  Yes
   Startup used :   No
   POR :            On
   Bandgap :        On
   Number of Power Controller:  0 out of 1 (0%)
   Number of Dynamic Bank Controller (BCINRD):  0 out of 6 (0%)
   Number of Dynamic Bank Controller (BCLVDSO):  0 out of 1 (0%)
   Number of DCCA:  0 out of 8 (0%)
   Number of DCMA:  0 out of 2 (0%)
   Number of PLLs:  0 out of 2 (0%)
   Number of DQSDLLs:  0 out of 2 (0%)
   Number of CLKDIVC:  0 out of 4 (0%)
   Number of ECLKSYNCA:  0 out of 4 (0%)
   Number of ECLKBRIDGECS:  0 out of 2 (0%)
   Notes:-
      1. Total number of LUT4s = (Number of logic LUT4s) + 2*(Number of distributed RAMs) + 2*(Number of ripple logic)
      2. Number of logic LUT4s does not include count of distributed RAM and ripple logic.
   Number of clocks:  1
     Net SRL00.sclk_0: 84 loads, 84 rising, 0 falling (Driver: SRL00/OS00/OSCInst0 )
   Number of Clock Enables:  9
     Net SRL08/un5_contador_cry_3_0_RNIBULA1: 4 loads, 4 LSLICEs
     Net SRL08/un5_contador_cry_3_0_RNIK7K21: 4 loads, 4 LSLICEs
     Net un1_outdiv_0_sqmuxa_1_2_RNII84R: 40 loads, 40 LSLICEs
     Net SRL07/un5_contador_cry_3_0_RNIA2RI1: 4 loads, 4 LSLICEs
     Net SRL07/un5_contador_cry_3_0_RNIJBPA1: 4 loads, 4 LSLICEs
     Net SRL06/un5_contador_cry_3_0_RNI960B1: 4 loads, 4 LSLICEs
     Net SRL06/un5_contador_cry_3_0_RNIIFU21: 4 loads, 4 LSLICEs
     Net SRL05/un5_contador_cry_3_0_RNI8A5J1: 4 loads, 4 LSLICEs
     Net SRL05/un5_contador_cry_3_0_RNIHJ3B1: 4 loads, 4 LSLICEs
   Number of LSRs:  2
     Net un1_outdiv_0_sqmuxa_1_2_RNI9V531: 40 loads, 40 LSLICEs
     Net SRL00/OS01/un1_sdiv69_RNI19L51: 11 loads, 11 LSLICEs
   Number of nets driven by tri-state buffers:  0
   Top 10 highest fanout non-clock nets:
     Net en0_c: 67 loads
     Net un1_outdiv_0_sqmuxa_1_2_RNII84R: 49 loads
     Net un1_outdiv_0_sqmuxa_1_2_RNI9V531: 40 loads
     Net sel_c[2]: 32 loads
     Net sel_c[1]: 16 loads
     Net barrelP_c[0]: 11 loads
     Net SRL00/OS01/un1_sdiv69_RNI19L51: 11 loads
     Net ins0_c[1]: 8 loads
     Net ins0_c[2]: 8 loads
     Net ins0_c[3]: 8 loads
 

   Number of warnings:  0
   Number of errors:    0



Total CPU Time: 0 secs  
Total REAL Time: 0 secs  
Peak Memory Usage: 57 MB

Dumping design to file shifters00_shifters00_map.ncd.

mpartrce -p "shifters00_shifters00.p2t" -f "shifters00_shifters00.p3t" -tf "shifters00_shifters00.pt" "shifters00_shifters00_map.ncd" "shifters00_shifters00.ncd"

---- MParTrce Tool ----
Removing old design directory at request of -rem command line option to this program.
Running par. Please wait . . .

Lattice Place and Route Report for Design "shifters00_shifters00_map.ncd"
Tue Feb 26 15:03:28 2019

PAR: Place And Route Diamond (64-bit) 3.10.0.111.2.
Command Line: par -w -l 5 -i 6 -t 1 -c 0 -e 0 -gui -msgset D:/Sexto_Semestre/Arquitectura_Computadora/projectMachXO2/shifters/promote.xml -exp parUseNBR=1:parCDP=0:parCDR=0:parPathBased=OFF shifters00_shifters00_map.ncd shifters00_shifters00.dir/5_1.ncd shifters00_shifters00.prf
Preference file: shifters00_shifters00.prf.
Placement level-cost: 5-1.
Routing Iterations: 6

Loading design for application par from file shifters00_shifters00_map.ncd.
Design name: topshiftRL00
NCD version: 3.3
Vendor:      LATTICE
Device:      LCMXO2-7000HE
Package:     TQFP144
Performance: 5
Loading device for application par from file 'xo2c7000.nph' in environment: C:/lscc/diamond/3.10_x64/ispfpga.
Package Status:                     Final          Version 1.39.
Performance Hardware Data Status:   Final          Version 34.4.
License checked out.


Ignore Preference Error(s):  True
Device utilization summary:

   PIO (prelim)   30+4(JTAG)/336     10% used
                  30+4(JTAG)/115     30% bonded

   SLICE            109/3432          3% used

   OSC                1/1           100% used


Number of Signals: 395
Number of Connections: 1038

Pin Constraint Summary:
   30 out of 30 pins locked (100% locked).

The following 1 signal is selected to use the primary clock routing resources:
    SRL00.sclk_0 (driver: SRL00/OS00/OSCInst0, clk load #: 84)


The following 3 signals are selected to use the secondary clock routing resources:
    un1_outdiv_0_sqmuxa_1_2_RNI9V531 (driver: SLICE_134, clk load #: 0, sr load #: 40, ce load #: 0)
    un1_outdiv_0_sqmuxa_1_2_RNII84R (driver: SLICE_114, clk load #: 0, sr load #: 0, ce load #: 40)
    SRL00/OS01/un1_sdiv69_RNI19L51 (driver: SRL00/OS01/SLICE_119, clk load #: 0, sr load #: 11, ce load #: 0)

No signal is selected as Global Set/Reset.
Starting Placer Phase 0.
......
Finished Placer Phase 0.  REAL time: 2 secs 

Starting Placer Phase 1.
....................
Placer score = 76053.
Finished Placer Phase 1.  REAL time: 7 secs 

Starting Placer Phase 2.
.
Placer score =  70172
Finished Placer Phase 2.  REAL time: 7 secs 


------------------ Clock Report ------------------

Global Clock Resources:
  CLK_PIN    : 0 out of 8 (0%)
  PLL        : 0 out of 2 (0%)
  DCM        : 0 out of 2 (0%)
  DCC        : 0 out of 8 (0%)

Quadrants All (TL, TR, BL, BR) - Global Clocks:
  PRIMARY "SRL00.sclk_0" from OSC on comp "SRL00/OS00/OSCInst0" on site "OSC", clk load = 84
  SECONDARY "un1_outdiv_0_sqmuxa_1_2_RNI9V531" from F1 on comp "SLICE_134" on site "R14C20B", clk load = 0, ce load = 0, sr load = 40
  SECONDARY "un1_outdiv_0_sqmuxa_1_2_RNII84R" from F1 on comp "SLICE_114" on site "R14C20A", clk load = 0, ce load = 40, sr load = 0
  SECONDARY "SRL00/OS01/un1_sdiv69_RNI19L51" from F0 on comp "SRL00/OS01/SLICE_119" on site "R14C20C", clk load = 0, ce load = 0, sr load = 11

  PRIMARY  : 1 out of 8 (12%)
  SECONDARY: 3 out of 8 (37%)

Edge Clocks:
  No edge clock selected.

--------------- End of Clock Report ---------------


I/O Usage Summary (final):
   30 + 4(JTAG) out of 336 (10.1%) PIO sites used.
   30 + 4(JTAG) out of 115 (29.6%) bonded PIO sites used.
   Number of PIO comps: 30; differential: 0.
   Number of Vref pins used: 0.

I/O Bank Usage Summary:
+----------+----------------+------------+-----------+
| I/O Bank | Usage          | Bank Vccio | Bank Vref |
+----------+----------------+------------+-----------+
| 0        | 9 / 28 ( 32%)  | 2.5V       | -         |
| 1        | 0 / 29 (  0%)  | -          | -         |
| 2        | 21 / 29 ( 72%) | 2.5V       | -         |
| 3        | 0 / 9 (  0%)   | -          | -         |
| 4        | 0 / 10 (  0%)  | -          | -         |
| 5        | 0 / 10 (  0%)  | -          | -         |
+----------+----------------+------------+-----------+

Total placer CPU time: 7 secs 

Dumping design to file shifters00_shifters00.dir/5_1.ncd.

0 connections routed; 1038 unrouted.
Starting router resource preassignment

Completed router resource preassignment. Real time: 10 secs 

Start NBR router at 15:03:38 02/26/19

*****************************************************************
Info: NBR allows conflicts(one node used by more than one signal)
      in the earlier iterations. In each iteration, it tries to  
      solve the conflicts while keeping the critical connections 
      routed as short as possible. The routing process is said to
      be completed when no conflicts exist and all connections   
      are routed.                                                
Note: NBR uses a different method to calculate timing slacks. The
      worst slack and total negative slack may not be the same as
      that in TRCE report. You should always run TRCE to verify  
      your design.                                               
*****************************************************************

Start NBR special constraint process at 15:03:38 02/26/19

Start NBR section for initial routing at 15:03:38 02/26/19
Level 4, iteration 1
55(0.01%) conflicts; 0(0.00%) untouched conn; 0 (nbr) score; 
Estimated worst slack/total negative slack<setup>: 462.945ns/0.000ns; real time: 11 secs 

Info: Initial congestion level at 75% usage is 0
Info: Initial congestion area  at 75% usage is 0 (0.00%)

Start NBR section for normal routing at 15:03:39 02/26/19
Level 4, iteration 1
28(0.01%) conflicts; 0(0.00%) untouched conn; 0 (nbr) score; 
Estimated worst slack/total negative slack<setup>: 462.804ns/0.000ns; real time: 11 secs 
Level 4, iteration 2
18(0.00%) conflicts; 0(0.00%) untouched conn; 0 (nbr) score; 
Estimated worst slack/total negative slack<setup>: 462.804ns/0.000ns; real time: 11 secs 
Level 4, iteration 3
6(0.00%) conflicts; 0(0.00%) untouched conn; 0 (nbr) score; 
Estimated worst slack/total negative slack<setup>: 462.804ns/0.000ns; real time: 11 secs 
Level 4, iteration 4
0(0.00%) conflict; 0(0.00%) untouched conn; 0 (nbr) score; 
Estimated worst slack/total negative slack<setup>: 462.804ns/0.000ns; real time: 11 secs 

Start NBR section for setup/hold timing optimization with effort level 3 at 15:03:39 02/26/19

Start NBR section for re-routing at 15:03:39 02/26/19
Level 4, iteration 1
0(0.00%) conflict; 0(0.00%) untouched conn; 0 (nbr) score; 
Estimated worst slack/total negative slack<setup>: 462.804ns/0.000ns; real time: 11 secs 

Start NBR section for post-routing at 15:03:39 02/26/19

End NBR router with 0 unrouted connection

NBR Summary
-----------
  Number of unrouted connections : 0 (0.00%)
  Number of connections with timing violations : 0 (0.00%)
  Estimated worst slack<setup> : 462.804ns
  Timing score<setup> : 0
-----------
Notes: The timing info is calculated for SETUP only and all PAR_ADJs are ignored.



Total CPU time 11 secs 
Total REAL time: 12 secs 
Completely routed.
End of route.  1038 routed (100.00%); 0 unrouted.

Hold time timing score: 0, hold timing errors: 0

Timing score: 0 

Dumping design to file shifters00_shifters00.dir/5_1.ncd.


PAR_SUMMARY::Run status = Success
PAR_SUMMARY::Number of unrouted conns = 0
PAR_SUMMARY::Worst  slack<setup/<ns>> = 462.804
PAR_SUMMARY::Timing score<setup/<ns>> = 0.000
PAR_SUMMARY::Worst  slack<hold /<ns>> = 0.304
PAR_SUMMARY::Timing score<hold /<ns>> = 0.000
PAR_SUMMARY::Number of errors = 0

Total CPU  time to completion: 12 secs 
Total REAL time to completion: 12 secs 

par done!

Copyright (c) 1991-1994 by NeoCAD Inc. All rights reserved.
Copyright (c) 1995 AT&T Corp.   All rights reserved.
Copyright (c) 1995-2001 Lucent Technologies Inc.  All rights reserved.
Copyright (c) 2001 Agere Systems   All rights reserved.
Copyright (c) 2002-2017 Lattice Semiconductor Corporation,  All rights reserved.
Exiting par with exit code 0
Exiting mpartrce with exit code 0

bitgen -f "shifters00_shifters00.t2b" -w "shifters00_shifters00.ncd" -jedec "shifters00_shifters00.prf"


BITGEN: Bitstream Generator Diamond (64-bit) 3.10.0.111.2
Copyright (c) 1991-1994 by NeoCAD Inc. All rights reserved.
Copyright (c) 1995 AT&T Corp.   All rights reserved.
Copyright (c) 1995-2001 Lucent Technologies Inc.  All rights reserved.
Copyright (c) 2001 Agere Systems   All rights reserved.
Copyright (c) 2002-2017 Lattice Semiconductor Corporation,  All rights reserved.


Loading design for application Bitgen from file shifters00_shifters00.ncd.
Design name: topshiftRL00
NCD version: 3.3
Vendor:      LATTICE
Device:      LCMXO2-7000HE
Package:     TQFP144
Performance: 5
Loading device for application Bitgen from file 'xo2c7000.nph' in environment: C:/lscc/diamond/3.10_x64/ispfpga.
Package Status:                     Final          Version 1.39.
Performance Hardware Data Status:   Final          Version 34.4.

Running DRC.
DRC detected 0 errors and 0 warnings.
Reading Preference File from shifters00_shifters00.prf.

Preference Summary:
+---------------------------------+---------------------------------+
|  Preference                     |  Current Setting                |
+---------------------------------+---------------------------------+
|                         RamCfg  |                        Reset**  |
+---------------------------------+---------------------------------+
|                     MCCLK_FREQ  |                         2.08**  |
+---------------------------------+---------------------------------+
|                  CONFIG_SECURE  |                          OFF**  |
+---------------------------------+---------------------------------+
|                          INBUF  |                           ON**  |
+---------------------------------+---------------------------------+
|                      JTAG_PORT  |                       ENABLE**  |
+---------------------------------+---------------------------------+
|                       SDM_PORT  |                      DISABLE**  |
+---------------------------------+---------------------------------+
|                 SLAVE_SPI_PORT  |                      DISABLE**  |
+---------------------------------+---------------------------------+
|                MASTER_SPI_PORT  |                      DISABLE**  |
+---------------------------------+---------------------------------+
|                       I2C_PORT  |                      DISABLE**  |
+---------------------------------+---------------------------------+
|        MUX_CONFIGURATION_PORTS  |                      DISABLE**  |
+---------------------------------+---------------------------------+
|                  CONFIGURATION  |                          CFG**  |
+---------------------------------+---------------------------------+
|                COMPRESS_CONFIG  |                           ON**  |
+---------------------------------+---------------------------------+
|                        MY_ASSP  |                          OFF**  |
+---------------------------------+---------------------------------+
|               ONE_TIME_PROGRAM  |                          OFF**  |
+---------------------------------+---------------------------------+
|                 ENABLE_TRANSFR  |                      DISABLE**  |
+---------------------------------+---------------------------------+
|                  SHAREDEBRINIT  |                      DISABLE**  |
+---------------------------------+---------------------------------+
|            BACKGROUND_RECONFIG  |                          OFF**  |
+---------------------------------+---------------------------------+
 *  Default setting.
 ** The specified setting matches the default setting.


Creating bit map...
 
Bitstream Status: Final           Version 1.94.
 
Saving bit stream in "shifters00_shifters00.jed".
 
===========
UFM Summary.
===========
UFM Size:        2046 Pages (128*2046 Bits).
UFM Utilization: General Purpose Flash Memory.
 
Available General Purpose Flash Memory: 2046 Pages (Page 0 to Page 2045).
Initialized UFM Pages:                     0 Page.
 
