
        Lattice Mapping Report File for Design Module 'topadder8bit00'


Design Information
------------------

Command line:   map -a MachXO2 -p LCMXO2-7000HE -t TQFP144 -s 5 -oc Commercial
     adder8bit00_adder8bit00.ngd -o adder8bit00_adder8bit00_map.ncd -pr
     adder8bit00_adder8bit00.prf -mp adder8bit00_adder8bit00.mrp -lpf D:/Sexto_S
     emestre/Arquitectura_Computadora/projectMachXO2/adder8bit00/adder8bit00/add
     er8bit00_adder8bit00_synplify.lpf -lpf D:/Sexto_Semestre/Arquitectura_Compu
     tadora/projectMachXO2/adder8bit00/adder8bit00.lpf -c 0 -gui -msgset D:/Sext
     o_Semestre/Arquitectura_Computadora/projectMachXO2/adder8bit00/promote.xml
     
Target Vendor:  LATTICE
Target Device:  LCMXO2-7000HETQFP144
Target Performance:   5
Mapper:  xo2c00,  version:  Diamond (64-bit) 3.10.0.111.2
Mapped on:  02/21/19  13:58:43

Design Summary
--------------

   Number of registers:      0 out of  7209 (0%)
      PFU registers:            0 out of  6864 (0%)
      PIO registers:            0 out of   345 (0%)
   Number of SLICEs:         5 out of  3432 (0%)
      SLICEs as Logic/ROM:      5 out of  3432 (0%)
      SLICEs as RAM:            0 out of  2574 (0%)
      SLICEs as Carry:          0 out of  3432 (0%)
   Number of LUT4s:         10 out of  6864 (0%)
      Number used as logic LUTs:         10
      Number used as distributed RAM:     0
      Number used as ripple logic:        0
      Number used as shift registers:     0
   Number of PIO sites used: 26 + 4(JTAG) out of 115 (26%)
   Number of block RAMs:  0 out of 26 (0%)
   Number of GSRs:  0 out of 1 (0%)
   EFB used :       No
   JTAG used :      No
   Readback used :  No
   Oscillator used :  No
   Startup used :   No
   POR :            On
   Bandgap :        On
   Number of Power Controller:  0 out of 1 (0%)
   Number of Dynamic Bank Controller (BCINRD):  0 out of 6 (0%)
   Number of Dynamic Bank Controller (BCLVDSO):  0 out of 1 (0%)
   Number of DCCA:  0 out of 8 (0%)
   Number of DCMA:  0 out of 2 (0%)
   Number of PLLs:  0 out of 2 (0%)
   Number of DQSDLLs:  0 out of 2 (0%)
   Number of CLKDIVC:  0 out of 4 (0%)
   Number of ECLKSYNCA:  0 out of 4 (0%)
   Number of ECLKBRIDGECS:  0 out of 2 (0%)
   Notes:-
      1. Total number of LUT4s = (Number of logic LUT4s) + 2*(Number of
     distributed RAMs) + 2*(Number of ripple logic)
      2. Number of logic LUT4s does not include count of distributed RAM and
     ripple logic.
   Number of clocks:  0

                                    Page 1




Design:  topadder8bit00                                Date:  02/21/19  13:58:43

Design Summary (cont)
---------------------
   Number of Clock Enables:  0
   Number of LSRs:  0
   Number of nets driven by tri-state buffers:  0
   Top 10 highest fanout non-clock nets:
     Net LED_c: 8 loads
     Net SL_c: 3 loads
     Net Ai_c[6]: 2 loads
     Net Ai_c[7]: 2 loads
     Net Bi_c[6]: 2 loads
     Net Bi_c[7]: 2 loads
     Net CS[7]: 2 loads
     Net Ai_c[0]: 1 loads
     Net So_c[0]: 1 loads
     Net So_c[7]: 1 loads




   Number of warnings:  0
   Number of errors:    0
     

Design Errors/Warnings
----------------------

   No errors or warnings present.

IO (PIO) Attributes
-------------------

+---------------------+-----------+-----------+------------+
| IO Name             | Direction | Levelmode | IO         |
|                     |           |  IO_TYPE  | Register   |
+---------------------+-----------+-----------+------------+
| So[0]               | OUTPUT    | LVCMOS25  |            |
+---------------------+-----------+-----------+------------+
| Ai[0]               | INPUT     | LVCMOS25  |            |
+---------------------+-----------+-----------+------------+
| LED                 | OUTPUT    | LVCMOS25  |            |
+---------------------+-----------+-----------+------------+
| So[7]               | OUTPUT    | LVCMOS25  |            |
+---------------------+-----------+-----------+------------+
| So[6]               | OUTPUT    | LVCMOS25  |            |
+---------------------+-----------+-----------+------------+
| So[5]               | OUTPUT    | LVCMOS25  |            |
+---------------------+-----------+-----------+------------+
| So[4]               | OUTPUT    | LVCMOS25  |            |
+---------------------+-----------+-----------+------------+
| So[3]               | OUTPUT    | LVCMOS25  |            |
+---------------------+-----------+-----------+------------+
| So[2]               | OUTPUT    | LVCMOS25  |            |
+---------------------+-----------+-----------+------------+
| So[1]               | OUTPUT    | LVCMOS25  |            |
+---------------------+-----------+-----------+------------+
| SL                  | INPUT     | LVCMOS25  |            |
+---------------------+-----------+-----------+------------+

                                    Page 2




Design:  topadder8bit00                                Date:  02/21/19  13:58:43

IO (PIO) Attributes (cont)
--------------------------
| Bi[7]               | INPUT     | LVCMOS25  |            |
+---------------------+-----------+-----------+------------+
| Bi[6]               | INPUT     | LVCMOS25  |            |
+---------------------+-----------+-----------+------------+
| Bi[5]               | INPUT     | LVCMOS25  |            |
+---------------------+-----------+-----------+------------+
| Bi[4]               | INPUT     | LVCMOS25  |            |
+---------------------+-----------+-----------+------------+
| Bi[3]               | INPUT     | LVCMOS25  |            |
+---------------------+-----------+-----------+------------+
| Bi[2]               | INPUT     | LVCMOS25  |            |
+---------------------+-----------+-----------+------------+
| Bi[1]               | INPUT     | LVCMOS25  |            |
+---------------------+-----------+-----------+------------+
| Bi[0]               | INPUT     | LVCMOS25  |            |
+---------------------+-----------+-----------+------------+
| Ai[7]               | INPUT     | LVCMOS25  |            |
+---------------------+-----------+-----------+------------+
| Ai[6]               | INPUT     | LVCMOS25  |            |
+---------------------+-----------+-----------+------------+
| Ai[5]               | INPUT     | LVCMOS25  |            |
+---------------------+-----------+-----------+------------+
| Ai[4]               | INPUT     | LVCMOS25  |            |
+---------------------+-----------+-----------+------------+
| Ai[3]               | INPUT     | LVCMOS25  |            |
+---------------------+-----------+-----------+------------+
| Ai[2]               | INPUT     | LVCMOS25  |            |
+---------------------+-----------+-----------+------------+
| Ai[1]               | INPUT     | LVCMOS25  |            |
+---------------------+-----------+-----------+------------+

Removed logic
-------------

Block VCC undriven or does not drive anything - clipped.
Block GSR_INST undriven or does not drive anything - clipped.
Block GND undriven or does not drive anything - clipped.
Block AD15/GND undriven or does not drive anything - clipped.
Block AD15/VCC undriven or does not drive anything - clipped.
Block AD15/F02/VCC undriven or does not drive anything - clipped.
Block AD15/F02/GND undriven or does not drive anything - clipped.
Block AD16/VCC undriven or does not drive anything - clipped.
Block AD16/GND undriven or does not drive anything - clipped.
Block AD17/VCC undriven or does not drive anything - clipped.
Block AD17/GND undriven or does not drive anything - clipped.
Block AD18/VCC undriven or does not drive anything - clipped.
Block AD18/GND undriven or does not drive anything - clipped.
Block AD19/VCC undriven or does not drive anything - clipped.
Block AD19/GND undriven or does not drive anything - clipped.
Block AD20/VCC undriven or does not drive anything - clipped.
Block AD20/GND undriven or does not drive anything - clipped.
Block AD21/VCC undriven or does not drive anything - clipped.
Block AD21/GND undriven or does not drive anything - clipped.
Block AD22/GND undriven or does not drive anything - clipped.
Block AD22/VCC undriven or does not drive anything - clipped.
Block AD23/VCC undriven or does not drive anything - clipped.

                                    Page 3




Design:  topadder8bit00                                Date:  02/21/19  13:58:43

Removed logic (cont)
--------------------
Block AD23/GND undriven or does not drive anything - clipped.
Block AD24/GND undriven or does not drive anything - clipped.
Block AD24/VCC undriven or does not drive anything - clipped.
Signal VCC undriven or does not drive anything - clipped.

Memory Usage
------------


     

Run Time and Memory Usage
-------------------------

   Total CPU Time: 0 secs  
   Total REAL Time: 0 secs  
   Peak Memory Usage: 55 MB
        







































                                    Page 4


Copyright (c) 1991-1994 by NeoCAD Inc. All rights reserved.
     Copyright (c) 1995 AT&T Corp.   All rights reserved.
     Copyright (c) 1995-2001 Lucent Technologies Inc.  All rights reserved.
     Copyright (c) 2001 Agere Systems   All rights reserved.
     Copyright (c) 2002-2017 Lattice Semiconductor Corporation,  All rights
     reserved.
