Running in Lattice mode

Starting:    C:\lscc\diamond\3.10_x64\synpbase\bin64\mbin\synbatch.exe
Install:     C:\lscc\diamond\3.10_x64\synpbase
Hostname:    VICTOR-PC
Date:        Thu Feb 21 13:30:41 2019
Version:     M-2017.03L-SP1-1

Arguments:   -product synplify_pro -batch adder8bit00_adder8bit00_synplify.tcl
ProductType: synplify_pro




Copied D:\Sexto_Semestre\Arquitectura_Computadora\projectMachXO2\adder8bit00\adder8bit00\adder8bit00_adder8bit00.srr to D:\Sexto_Semestre\Arquitectura_Computadora\projectMachXO2\adder8bit00\adder8bit00\backup\adder8bit00_adder8bit00.srr
log file: "D:\Sexto_Semestre\Arquitectura_Computadora\projectMachXO2\adder8bit00\adder8bit00\adder8bit00_adder8bit00.srr"
Running: hdl_info_gen in foreground

Generating HDL info...

hdl_info_gen completed
# Thu Feb 21 13:30:42 2019

Return Code: 0
Run Time:00h:00m:01s
Copied D:\Sexto_Semestre\Arquitectura_Computadora\projectMachXO2\adder8bit00\adder8bit00\adder8bit00_adder8bit00.srr to D:\Sexto_Semestre\Arquitectura_Computadora\projectMachXO2\adder8bit00\adder8bit00\adder8bit00_adder8bit00.srf
log file: "D:\Sexto_Semestre\Arquitectura_Computadora\projectMachXO2\adder8bit00\adder8bit00\adder8bit00_adder8bit00.srr"
Running: adder8bit00 in foreground

Running proj_1|adder8bit00

Running: compile (Compile) on proj_1|adder8bit00
# Thu Feb 21 13:30:42 2019

Running: compile_flow (Compile Process) on proj_1|adder8bit00
# Thu Feb 21 13:30:42 2019

Running: compiler (Compile Input) on proj_1|adder8bit00
# Thu Feb 21 13:30:42 2019
Copied D:\Sexto_Semestre\Arquitectura_Computadora\projectMachXO2\adder8bit00\adder8bit00\synwork\adder8bit00_adder8bit00_comp.srs to D:\Sexto_Semestre\Arquitectura_Computadora\projectMachXO2\adder8bit00\adder8bit00\adder8bit00_adder8bit00.srs

compiler completed
# Thu Feb 21 13:30:44 2019

Return Code: 0
Run Time:00h:00m:02s

Running: multi_srs_gen (Multi-srs Generator) on proj_1|adder8bit00
# Thu Feb 21 13:30:44 2019

multi_srs_gen completed
# Thu Feb 21 13:30:44 2019

Return Code: 0
Run Time:00h:00m:00s
Copied D:\Sexto_Semestre\Arquitectura_Computadora\projectMachXO2\adder8bit00\adder8bit00\synwork\adder8bit00_adder8bit00_mult.srs to D:\Sexto_Semestre\Arquitectura_Computadora\projectMachXO2\adder8bit00\adder8bit00\adder8bit00_adder8bit00.srs
Copied D:\Sexto_Semestre\Arquitectura_Computadora\projectMachXO2\adder8bit00\adder8bit00\adder8bit00_adder8bit00.srr to D:\Sexto_Semestre\Arquitectura_Computadora\projectMachXO2\adder8bit00\adder8bit00\adder8bit00_adder8bit00.srf
Complete: Compile Process on proj_1|adder8bit00

Running: premap (Pre-mapping) on proj_1|adder8bit00
# Thu Feb 21 13:30:44 2019

premap completed
# Thu Feb 21 13:30:45 2019

Return Code: 0
Run Time:00h:00m:01s
Complete: Compile on proj_1|adder8bit00

Running: map (Map) on proj_1|adder8bit00
# Thu Feb 21 13:30:45 2019
License granted for 4 parallel jobs

Running: fpga_mapper (Map & Optimize) on proj_1|adder8bit00
# Thu Feb 21 13:30:45 2019
Copied D:\Sexto_Semestre\Arquitectura_Computadora\projectMachXO2\adder8bit00\adder8bit00\synwork\adder8bit00_adder8bit00_m.srm to D:\Sexto_Semestre\Arquitectura_Computadora\projectMachXO2\adder8bit00\adder8bit00\adder8bit00_adder8bit00.srm

fpga_mapper completed
# Thu Feb 21 13:30:48 2019

Return Code: 0
Run Time:00h:00m:03s
Complete: Map on proj_1|adder8bit00
Copied D:\Sexto_Semestre\Arquitectura_Computadora\projectMachXO2\adder8bit00\adder8bit00\adder8bit00_adder8bit00.srr to D:\Sexto_Semestre\Arquitectura_Computadora\projectMachXO2\adder8bit00\adder8bit00\adder8bit00_adder8bit00.srf
Complete: Logic Synthesis on proj_1|adder8bit00
TCL script complete: "adder8bit00_adder8bit00_synplify.tcl"
exit status=0
exit status=0
Save changes for project:
D:\Sexto_Semestre\Arquitectura_Computadora\projectMachXO2\adder8bit00\adder8bit00\proj_1.prj
batch mode default:no
