C:\lscc\diamond\3.10_x64\synpbase\bin64\c_vhdl.exe  -osyn  D:\Sexto_Semestre\Arquitectura_Computadora\projectMachXO2\shifters\shifters00\synwork\shifters00_shifters00_hdl_.srs  -top  topshiftRL00  -prodtype  synplify_pro  -dspmac -fixsmult -infer_seqShift -nram -sdff_counter -divnmod -nostructver  -encrypt  -pro  -dmgen  D:\Sexto_Semestre\Arquitectura_Computadora\projectMachXO2\shifters\shifters00\dm  -lite -ui -fid2 -ram -sharing on -ll 2000 -autosm  -ignore_undefined_lib  -lib work C:\lscc\diamond\3.10_x64\cae_library\synthesis\vhdl\machxo2.vhd -lib work D:\Sexto_Semestre\Arquitectura_Computadora\projectMachXO2\shifters\shifters00\source\div00.vhdl -lib work D:\Sexto_Semestre\Arquitectura_Computadora\projectMachXO2\shifters\shifters00\source\osc00.vhdl -lib work D:\Sexto_Semestre\Arquitectura_Computadora\projectMachXO2\shifters\shifters00\source\packagediv00.vhdl -lib work D:\Sexto_Semestre\Arquitectura_Computadora\projectMachXO2\shifters\shifters00\source\topdiv00.vhdl -lib work D:\Sexto_Semestre\Arquitectura_Computadora\projectMachXO2\shifters\shifters00\source\shiftRL00.vhdl -lib work D:\Sexto_Semestre\Arquitectura_Computadora\projectMachXO2\shifters\topshiftRD00.vhdl -lib work D:\Sexto_Semestre\Arquitectura_Computadora\projectMachXO2\shifters\toprotIzq.vhd -lib work D:\Sexto_Semestre\Arquitectura_Computadora\projectMachXO2\shifters\toprotDer00.vhdl -lib work D:\Sexto_Semestre\Arquitectura_Computadora\projectMachXO2\shifters\barrelIzq.vhd -lib work D:\Sexto_Semestre\Arquitectura_Computadora\projectMachXO2\shifters\barrelDer.vhd -lib work D:\Sexto_Semestre\Arquitectura_Computadora\projectMachXO2\shifters\barrelrIzq.vhd -lib work D:\Sexto_Semestre\Arquitectura_Computadora\projectMachXO2\shifters\barrelrDer.vhd -lib work D:\Sexto_Semestre\Arquitectura_Computadora\projectMachXO2\shifters\shifters00\source\packageshitfRL00.vhdl -lib work D:\Sexto_Semestre\Arquitectura_Computadora\projectMachXO2\shifters\shifters00\source\topshiftRL00.vhdl  -log  D:\Sexto_Semestre\Arquitectura_Computadora\projectMachXO2\shifters\shifters00\syntax.log  -fileorder  D:\Sexto_Semestre\Arquitectura_Computadora\projectMachXO2\shifters\shifters00\syntmp\hdlorder.tcl  -jobname  "hdl_info_gen" 
relcom:C:\lscc\diamond\3.10_x64\synpbase\bin64\c_vhdl.exe -osyn ..\synwork\shifters00_shifters00_hdl_.srs -top topshiftRL00 -prodtype synplify_pro -dspmac -fixsmult -infer_seqShift -nram -sdff_counter -divnmod -nostructver -encrypt -pro -dmgen ..\dm -lite -ui -fid2 -ram -sharing on -ll 2000 -autosm -ignore_undefined_lib -lib work C:\lscc\diamond\3.10_x64\cae_library\synthesis\vhdl\machxo2.vhd -lib work ..\source\div00.vhdl -lib work ..\source\osc00.vhdl -lib work ..\source\packagediv00.vhdl -lib work ..\source\topdiv00.vhdl -lib work ..\source\shiftRL00.vhdl -lib work ..\..\topshiftRD00.vhdl -lib work ..\..\toprotIzq.vhd -lib work ..\..\toprotDer00.vhdl -lib work ..\..\barrelIzq.vhd -lib work ..\..\barrelDer.vhd -lib work ..\..\barrelrIzq.vhd -lib work ..\..\barrelrDer.vhd -lib work ..\source\packageshitfRL00.vhdl -lib work ..\source\topshiftRL00.vhdl -log ..\syntax.log -fileorder hdlorder.tcl -jobname "hdl_info_gen"
rc:0 success:1 runtime:0
file:..\synwork\shifters00_shifters00_hdl_.srs|io:o|time:0|size:0|exec:0|csum:
file:C:\lscc\diamond\3.10_x64\cae_library\synthesis\vhdl\machxo2.vhd|io:i|time:1493331104|size:73964|exec:0|csum:CFF92E93E4FE354031DBB4E0E47DD4A6
file:..\source\div00.vhdl|io:i|time:1550611157|size:2061|exec:0|csum:B9EC8F72302176F3EF60997FB69308A8
file:..\source\osc00.vhdl|io:i|time:1550532685|size:501|exec:0|csum:24065153F876BF4F35609D1F50606F51
file:..\source\packagediv00.vhdl|io:i|time:1550611073|size:337|exec:0|csum:CEEC647C41F1C41388FE6DC7197D7712
file:..\source\topdiv00.vhdl|io:i|time:1550611552|size:418|exec:0|csum:E1FEB281333D8E6B004925ED74158DF9
file:..\source\shiftRL00.vhdl|io:i|time:1550789957|size:697|exec:0|csum:2CDB1E17D481FB304BFE626312186C5E
file:..\..\topshiftRD00.vhdl|io:i|time:1550819234|size:665|exec:0|csum:4705EEFC41043032AE77CAC70638343E
file:..\..\toprotIzq.vhd|io:i|time:1550820150|size:673|exec:0|csum:2ACD6DCB10B90A55D895826461CE83E7
file:..\..\toprotDer00.vhdl|io:i|time:1550820236|size:677|exec:0|csum:5326158A78B6AB9335BAED63518D6238
file:..\..\barrelIzq.vhd|io:i|time:1551214947|size:970|exec:0|csum:8CF9F35503D665955B116D606FDDCBF2
file:..\..\barrelDer.vhd|io:i|time:1551214967|size:958|exec:0|csum:B09BEEA97ED709417BC2B5E713B59ED0
file:..\..\barrelrIzq.vhd|io:i|time:1551214983|size:967|exec:0|csum:8776A4FFCBE5E1E42F3F1AD0898F1282
file:..\..\barrelrDer.vhd|io:i|time:1551214993|size:967|exec:0|csum:1DC32873B41BD6DBD3821E636316DAAF
file:..\source\packageshitfRL00.vhdl|io:i|time:1550831655|size:1847|exec:0|csum:FEFCD4122CBD75EE464981C557DA4F78
file:..\source\topshiftRL00.vhdl|io:i|time:1550831963|size:1766|exec:0|csum:C1F66C28764E05011D609EC7F2F01543
file:..\syntax.log|io:o|time:1551214998|size:1045|exec:0|csum:
file:C:\lscc\diamond\3.10_x64\synpbase\bin64\c_vhdl.exe|io:i|time:1501913710|size:5913600|exec:1|csum:93E5DE52AE488E4DC33E43C149B8DA6C
