
synpwrap -msg -prj "lcd00_projectlcd00_synplify.tcl" -log "lcd00_projectlcd00.srf"
Copyright (C) 1992-2017 Lattice Semiconductor Corporation. All rights reserved.
Lattice Diamond Version 3.10.0.111.2
    <postMsg mid="2011000" type="Info"    dynamic="0" navigation="0"  />

==contents of lcd00_projectlcd00.srf
#Build: Synplify Pro (R) M-2017.03L-SP1-1, Build 086R, Aug  4 2017
#install: C:\lscc\diamond\3.10_x64\synpbase
#OS: Windows 7 6.1
#Hostname: VICTOR-PC

# Thu Apr  4 02:19:23 2019

#Implementation: projectlcd00

Synopsys HDL Compiler, version comp2017q2p1, Build 190R, built Aug  4 2017
@N|Running in 64-bit mode
Copyright (C) 1994-2017 Synopsys, Inc. This Synopsys software and all associated documentation are proprietary to Synopsys, Inc. and may only be used pursuant to the terms and conditions of a written license agreement with Synopsys, Inc. All other use, reproduction, modification, or distribution of the Synopsys software or the associated documentation is strictly prohibited.

Synopsys VHDL Compiler, version comp2017q2p1, Build 190R, built Aug  4 2017
@N|Running in 64-bit mode
Copyright (C) 1994-2017 Synopsys, Inc. This Synopsys software and all associated documentation are proprietary to Synopsys, Inc. and may only be used pursuant to the terms and conditions of a written license agreement with Synopsys, Inc. All other use, reproduction, modification, or distribution of the Synopsys software or the associated documentation is strictly prohibited.

@N: CD720 :"C:\lscc\diamond\3.10_x64\synpbase\lib\vhd\std.vhd":123:18:123:21|Setting time resolution to ps
@N:"D:\Sexto_Semestre\Arquitectura_Computadora\projectMachXO2\lcd00\toplcd00.vhd":10:7:10:14|Top entity is set to toplcd00.
File C:\lscc\diamond\3.10_x64\synpbase\lib\cpld\lattice.vhd changed - recompiling
File D:\Sexto_Semestre\Arquitectura_Computadora\projectMachXO2\lcd00\projectlcd00\source\div00.vhdl changed - recompiling
File D:\Sexto_Semestre\Arquitectura_Computadora\projectMachXO2\lcd00\projectlcd00\source\packagediv00.vhdl changed - recompiling
File D:\Sexto_Semestre\Arquitectura_Computadora\projectMachXO2\lcd00\lcdContData00.vhd changed - recompiling
File D:\Sexto_Semestre\Arquitectura_Computadora\projectMachXO2\lcd00\lcdData00.vhd changed - recompiling
File D:\Sexto_Semestre\Arquitectura_Computadora\projectMachXO2\lcd00\lcdmux00.vhd changed - recompiling
File D:\Sexto_Semestre\Arquitectura_Computadora\projectMachXO2\lcd00\packagelcd00.vhd changed - recompiling
File D:\Sexto_Semestre\Arquitectura_Computadora\projectMachXO2\lcd00\projectlcd00\source\topdiv00.vhdl changed - recompiling
File D:\Sexto_Semestre\Arquitectura_Computadora\projectMachXO2\lcd00\lcdContConfig00.vhd changed - recompiling
File D:\Sexto_Semestre\Arquitectura_Computadora\projectMachXO2\lcd00\lcdConfig00.vhd changed - recompiling
File D:\Sexto_Semestre\Arquitectura_Computadora\projectMachXO2\lcd00\toplcd00.vhd changed - recompiling
VHDL syntax check successful!
File D:\Sexto_Semestre\Arquitectura_Computadora\projectMachXO2\lcd00\lcdConfig00.vhd changed - recompiling
@N: CD630 :"D:\Sexto_Semestre\Arquitectura_Computadora\projectMachXO2\lcd00\toplcd00.vhd":10:7:10:14|Synthesizing work.toplcd00.toplcd0.
@N: CD630 :"D:\Sexto_Semestre\Arquitectura_Computadora\projectMachXO2\lcd00\lcdmux00.vhd":7:7:7:14|Synthesizing work.lcdmux00.lcdmux0.
Post processing for work.lcdmux00.lcdmux0
@N: CD630 :"D:\Sexto_Semestre\Arquitectura_Computadora\projectMachXO2\lcd00\lcdData00.vhd":7:7:7:15|Synthesizing work.lcddata00.lcddata0.
Post processing for work.lcddata00.lcddata0
@N: CL189 :"D:\Sexto_Semestre\Arquitectura_Computadora\projectMachXO2\lcd00\lcdData00.vhd":38:2:38:3|Register bit outWordd(7) is always 0.
@W: CL260 :"D:\Sexto_Semestre\Arquitectura_Computadora\projectMachXO2\lcd00\lcdData00.vhd":38:2:38:3|Pruning register bit 7 of outWordd(7 downto 0). If this is not the intended behavior, drive the input with valid values, or an input from the top level.
@N: CD630 :"D:\Sexto_Semestre\Arquitectura_Computadora\projectMachXO2\lcd00\lcdContData00.vhd":8:8:8:20|Synthesizing work.lcdcontdata00.lcdcontdata0.
@N: CD364 :"D:\Sexto_Semestre\Arquitectura_Computadora\projectMachXO2\lcd00\lcdContData00.vhd":36:6:36:14|Removing redundant assignment.
Post processing for work.lcdcontdata00.lcdcontdata0
@N: CD630 :"D:\Sexto_Semestre\Arquitectura_Computadora\projectMachXO2\lcd00\lcdConfig00.vhd":9:7:9:17|Synthesizing work.lcdconfig00.lcdconfig0.
Post processing for work.lcdconfig00.lcdconfig0
@N: CD630 :"D:\Sexto_Semestre\Arquitectura_Computadora\projectMachXO2\lcd00\lcdContConfig00.vhd":9:7:9:21|Synthesizing work.lcdcontconfig00.lcdcontconfig0.
@N: CD364 :"D:\Sexto_Semestre\Arquitectura_Computadora\projectMachXO2\lcd00\lcdContConfig00.vhd":35:7:35:15|Removing redundant assignment.
Post processing for work.lcdcontconfig00.lcdcontconfig0
@N: CD630 :"D:\Sexto_Semestre\Arquitectura_Computadora\projectMachXO2\lcd00\projectlcd00\source\topdiv00.vhdl":7:7:7:14|Synthesizing work.topdiv00.topdiv0.
@N: CD630 :"D:\Sexto_Semestre\Arquitectura_Computadora\projectMachXO2\lcd00\projectlcd00\source\div00.vhdl":9:7:9:11|Synthesizing work.div00.div0.
@N: CD364 :"D:\Sexto_Semestre\Arquitectura_Computadora\projectMachXO2\lcd00\projectlcd00\source\div00.vhdl":32:6:32:11|Removing redundant assignment.
@N: CD364 :"D:\Sexto_Semestre\Arquitectura_Computadora\projectMachXO2\lcd00\projectlcd00\source\div00.vhdl":40:6:40:11|Removing redundant assignment.
@N: CD364 :"D:\Sexto_Semestre\Arquitectura_Computadora\projectMachXO2\lcd00\projectlcd00\source\div00.vhdl":48:6:48:11|Removing redundant assignment.
@N: CD364 :"D:\Sexto_Semestre\Arquitectura_Computadora\projectMachXO2\lcd00\projectlcd00\source\div00.vhdl":56:6:56:11|Removing redundant assignment.
@N: CD364 :"D:\Sexto_Semestre\Arquitectura_Computadora\projectMachXO2\lcd00\projectlcd00\source\div00.vhdl":64:6:64:11|Removing redundant assignment.
@N: CD364 :"D:\Sexto_Semestre\Arquitectura_Computadora\projectMachXO2\lcd00\projectlcd00\source\div00.vhdl":72:6:72:11|Removing redundant assignment.
@N: CD364 :"D:\Sexto_Semestre\Arquitectura_Computadora\projectMachXO2\lcd00\projectlcd00\source\div00.vhdl":80:6:80:11|Removing redundant assignment.
@N: CD364 :"D:\Sexto_Semestre\Arquitectura_Computadora\projectMachXO2\lcd00\projectlcd00\source\div00.vhdl":88:6:88:11|Removing redundant assignment.
Post processing for work.div00.div0
@N: CD630 :"D:\Sexto_Semestre\Arquitectura_Computadora\projectMachXO2\lcd00\projectlcd00\source\osc00.vhdl":7:7:7:11|Synthesizing work.osc00.osc0.
@W: CD276 :"C:\lscc\diamond\3.10_x64\cae_library\synthesis\vhdl\machxo2.vhd":2297:8:2297:15|Map for port sedstdby of component osch not found
@N: CD630 :"C:\lscc\diamond\3.10_x64\cae_library\synthesis\vhdl\machxo2.vhd":2291:10:2291:13|Synthesizing work.osch.syn_black_box.
Post processing for work.osch.syn_black_box
Post processing for work.osc00.osc0
Post processing for work.topdiv00.topdiv0
Post processing for work.toplcd00.toplcd0
@W: CL138 :"D:\Sexto_Semestre\Arquitectura_Computadora\projectMachXO2\lcd00\lcdConfig00.vhd":27:4:27:5|Removing register 'rsc' because it is only assigned 0 or its original value.
@W: CL138 :"D:\Sexto_Semestre\Arquitectura_Computadora\projectMachXO2\lcd00\lcdConfig00.vhd":27:4:27:5|Removing register 'rwc' because it is only assigned 0 or its original value.
@N: CL189 :"D:\Sexto_Semestre\Arquitectura_Computadora\projectMachXO2\lcd00\lcdConfig00.vhd":27:4:27:5|Register bit outCommandc(6) is always 0.
@W: CL260 :"D:\Sexto_Semestre\Arquitectura_Computadora\projectMachXO2\lcd00\lcdConfig00.vhd":27:4:27:5|Pruning register bit 6 of outCommandc(7 downto 0). If this is not the intended behavior, drive the input with valid values, or an input from the top level.
@W: CL138 :"D:\Sexto_Semestre\Arquitectura_Computadora\projectMachXO2\lcd00\lcdContData00.vhd":28:2:28:3|Removing register 'RWcd' because it is only assigned 0 or its original value.
@N: CL189 :"D:\Sexto_Semestre\Arquitectura_Computadora\projectMachXO2\lcd00\lcdContData00.vhd":28:2:28:3|Register bit RScd is always 1.
@W: CL158 :"D:\Sexto_Semestre\Arquitectura_Computadora\projectMachXO2\lcd00\toplcd00.vhd":18:2:18:10|Inout outFlagd0 is unused

At c_vhdl Exit (Real Time elapsed 0h:00m:00s; CPU Time elapsed 0h:00m:00s; Memory used current: 76MB peak: 79MB)

Process took 0h:00m:01s realtime, 0h:00m:01s cputime

Process completed successfully.
# Thu Apr  4 02:19:25 2019

###########################################################]
Synopsys Netlist Linker, version comp2017q2p1, Build 190R, built Aug  4 2017
@N|Running in 64-bit mode
File D:\Sexto_Semestre\Arquitectura_Computadora\projectMachXO2\lcd00\projectlcd00\synwork\layer0.srs changed - recompiling

At syn_nfilter Exit (Real Time elapsed 0h:00m:00s; CPU Time elapsed 0h:00m:00s; Memory used current: 67MB peak: 68MB)

Process took 0h:00m:01s realtime, 0h:00m:01s cputime

Process completed successfully.
# Thu Apr  4 02:19:25 2019

###########################################################]
@END

At c_hdl Exit (Real Time elapsed 0h:00m:00s; CPU Time elapsed 0h:00m:00s; Memory used current: 3MB peak: 4MB)

Process took 0h:00m:01s realtime, 0h:00m:01s cputime

Process completed successfully.
# Thu Apr  4 02:19:25 2019

###########################################################]
Synopsys Netlist Linker, version comp2017q2p1, Build 190R, built Aug  4 2017
@N|Running in 64-bit mode
File D:\Sexto_Semestre\Arquitectura_Computadora\projectMachXO2\lcd00\projectlcd00\synwork\lcd00_projectlcd00_comp.srs changed - recompiling

At syn_nfilter Exit (Real Time elapsed 0h:00m:00s; CPU Time elapsed 0h:00m:00s; Memory used current: 67MB peak: 68MB)

Process took 0h:00m:01s realtime, 0h:00m:01s cputime

Process completed successfully.
# Thu Apr  4 02:19:26 2019

###########################################################]
Pre-mapping Report

# Thu Apr  4 02:19:27 2019

Synopsys Lattice Technology Pre-mapping, Version maplat, Build 1796R, Built Aug  4 2017 11:10:16
Copyright (C) 1994-2017 Synopsys, Inc. This Synopsys software and all associated documentation are proprietary to Synopsys, Inc. and may only be used pursuant to the terms and conditions of a written license agreement with Synopsys, Inc. All other use, reproduction, modification, or distribution of the Synopsys software or the associated documentation is strictly prohibited.
Product Version M-2017.03L-SP1-1

Mapper Startup Complete (Real Time elapsed 0h:00m:00s; CPU Time elapsed 0h:00m:00s; Memory used current: 99MB peak: 100MB)

@A: MF827 |No constraint file specified.
@L: D:\Sexto_Semestre\Arquitectura_Computadora\projectMachXO2\lcd00\projectlcd00\lcd00_projectlcd00_scck.rpt 
Printing clock  summary report in "D:\Sexto_Semestre\Arquitectura_Computadora\projectMachXO2\lcd00\projectlcd00\lcd00_projectlcd00_scck.rpt" file 
@N: MF248 |Running in 64-bit mode.
@N: MF666 |Clock conversion enabled. (Command "set_option -fix_gated_and_generated_clocks 1" in the project file.)

Design Input Complete (Real Time elapsed 0h:00m:00s; CPU Time elapsed 0h:00m:00s; Memory used current: 100MB peak: 102MB)


Mapper Initialization Complete (Real Time elapsed 0h:00m:00s; CPU Time elapsed 0h:00m:00s; Memory used current: 100MB peak: 102MB)


Start loading timing files (Real Time elapsed 0h:00m:00s; CPU Time elapsed 0h:00m:00s; Memory used current: 113MB peak: 113MB)


Finished loading timing files (Real Time elapsed 0h:00m:00s; CPU Time elapsed 0h:00m:00s; Memory used current: 113MB peak: 115MB)

@W: FX474 |User-specified initial value defined for some sequential elements which can prevent optimum synthesis results from being achieved. 
ICG Latch Removal Summary:
Number of ICG latches removed:	0
Number of ICG latches not removed:	0
syn_allowed_resources : blockrams=26  set on top level netlist toplcd00

Finished netlist restructuring (Real Time elapsed 0h:00m:00s; CPU Time elapsed 0h:00m:00s; Memory used current: 140MB peak: 142MB)



Clock Summary
******************

          Start                            Requested     Requested     Clock                                           Clock                   Clock
Level     Clock                            Frequency     Period        Type                                            Group                   Load 
----------------------------------------------------------------------------------------------------------------------------------------------------
0 -       osc00|osc_int_inferred_clock     2.1 MHz       480.769       inferred                                        Inferred_clkgroup_0     22   
1 .         div00|outdiv_derived_clock     2.1 MHz       480.769       derived (from osc00|osc_int_inferred_clock)     Inferred_clkgroup_0     30   
====================================================================================================================================================

@W: MT529 :"d:\sexto_semestre\arquitectura_computadora\projectmachxo2\lcd00\projectlcd00\source\div00.vhdl":24:2:24:3|Found inferred clock osc00|osc_int_inferred_clock which controls 22 sequential elements including LC00.OS01.sdiv[20:0]. This clock has no specified timing constraint which may prevent conversion of gated or generated clocks and may adversely impact design performance. 

Finished Pre Mapping Phase.

Starting constraint checker (Real Time elapsed 0h:00m:00s; CPU Time elapsed 0h:00m:00s; Memory used current: 140MB peak: 142MB)


Finished constraint checker preprocessing (Real Time elapsed 0h:00m:00s; CPU Time elapsed 0h:00m:00s; Memory used current: 140MB peak: 142MB)

None
None

Finished constraint checker (Real Time elapsed 0h:00m:01s; CPU Time elapsed 0h:00m:00s; Memory used current: 140MB peak: 142MB)

Pre-mapping successful!

At Mapper Exit (Real Time elapsed 0h:00m:01s; CPU Time elapsed 0h:00m:00s; Memory used current: 56MB peak: 142MB)

Process took 0h:00m:01s realtime, 0h:00m:01s cputime
# Thu Apr  4 02:19:28 2019

###########################################################]
Map & Optimize Report

# Thu Apr  4 02:19:28 2019

Synopsys Lattice Technology Mapper, Version maplat, Build 1796R, Built Aug  4 2017 11:10:16
Copyright (C) 1994-2017 Synopsys, Inc. This Synopsys software and all associated documentation are proprietary to Synopsys, Inc. and may only be used pursuant to the terms and conditions of a written license agreement with Synopsys, Inc. All other use, reproduction, modification, or distribution of the Synopsys software or the associated documentation is strictly prohibited.
Product Version M-2017.03L-SP1-1

Mapper Startup Complete (Real Time elapsed 0h:00m:00s; CPU Time elapsed 0h:00m:00s; Memory used current: 99MB peak: 100MB)

@N: MF248 |Running in 64-bit mode.
@N: MF666 |Clock conversion enabled. (Command "set_option -fix_gated_and_generated_clocks 1" in the project file.)

Design Input Complete (Real Time elapsed 0h:00m:00s; CPU Time elapsed 0h:00m:00s; Memory used current: 99MB peak: 100MB)


Mapper Initialization Complete (Real Time elapsed 0h:00m:00s; CPU Time elapsed 0h:00m:00s; Memory used current: 99MB peak: 100MB)


Start loading timing files (Real Time elapsed 0h:00m:00s; CPU Time elapsed 0h:00m:00s; Memory used current: 112MB peak: 112MB)


Finished loading timing files (Real Time elapsed 0h:00m:00s; CPU Time elapsed 0h:00m:00s; Memory used current: 112MB peak: 114MB)



Starting Optimization and Mapping (Real Time elapsed 0h:00m:00s; CPU Time elapsed 0h:00m:00s; Memory used current: 139MB peak: 142MB)


Available hyper_sources - for debug and ip models
	None Found

@W: FA239 :"d:\sexto_semestre\arquitectura_computadora\projectmachxo2\lcd00\lcddata00.vhd":44:16:44:23|ROM outWordd_2[6:5] (in view: work.lcdData00(lcddata0)) mapped in logic. To map to a technology ROM, apply attribute syn_romstyle on this instance.
@W: FA239 :"d:\sexto_semestre\arquitectura_computadora\projectmachxo2\lcd00\lcddata00.vhd":44:16:44:23|ROM outWordd_2[3:0] (in view: work.lcdData00(lcddata0)) mapped in logic. To map to a technology ROM, apply attribute syn_romstyle on this instance.
@W: FA239 :"d:\sexto_semestre\arquitectura_computadora\projectmachxo2\lcd00\lcddata00.vhd":44:16:44:23|ROM outWordd_2[6:5] (in view: work.lcdData00(lcddata0)) mapped in logic. To map to a technology ROM, apply attribute syn_romstyle on this instance.
@N: MO106 :"d:\sexto_semestre\arquitectura_computadora\projectmachxo2\lcd00\lcddata00.vhd":44:16:44:23|Found ROM .delname. (in view: work.lcdData00(lcddata0)) with 32 words by 2 bits.
@W: FA239 :"d:\sexto_semestre\arquitectura_computadora\projectmachxo2\lcd00\lcddata00.vhd":44:16:44:23|ROM outWordd_2[3:0] (in view: work.lcdData00(lcddata0)) mapped in logic. To map to a technology ROM, apply attribute syn_romstyle on this instance.
@N: MO106 :"d:\sexto_semestre\arquitectura_computadora\projectmachxo2\lcd00\lcddata00.vhd":44:16:44:23|Found ROM .delname. (in view: work.lcdData00(lcddata0)) with 32 words by 4 bits.

Finished RTL optimizations (Real Time elapsed 0h:00m:00s; CPU Time elapsed 0h:00m:00s; Memory used current: 140MB peak: 142MB)


Starting factoring (Real Time elapsed 0h:00m:00s; CPU Time elapsed 0h:00m:00s; Memory used current: 140MB peak: 142MB)


Finished factoring (Real Time elapsed 0h:00m:00s; CPU Time elapsed 0h:00m:00s; Memory used current: 141MB peak: 142MB)


Starting gated-clock and generated-clock conversion (Real Time elapsed 0h:00m:00s; CPU Time elapsed 0h:00m:00s; Memory used current: 141MB peak: 142MB)


Finished gated-clock and generated-clock conversion (Real Time elapsed 0h:00m:00s; CPU Time elapsed 0h:00m:00s; Memory used current: 141MB peak: 142MB)


Finished generic timing optimizations - Pass 1 (Real Time elapsed 0h:00m:00s; CPU Time elapsed 0h:00m:00s; Memory used current: 142MB peak: 142MB)


Starting Early Timing Optimization (Real Time elapsed 0h:00m:00s; CPU Time elapsed 0h:00m:00s; Memory used current: 142MB peak: 143MB)


Finished Early Timing Optimization (Real Time elapsed 0h:00m:00s; CPU Time elapsed 0h:00m:00s; Memory used current: 142MB peak: 143MB)


Finished generic timing optimizations - Pass 2 (Real Time elapsed 0h:00m:00s; CPU Time elapsed 0h:00m:00s; Memory used current: 142MB peak: 143MB)


Finished preparing to map (Real Time elapsed 0h:00m:00s; CPU Time elapsed 0h:00m:00s; Memory used current: 142MB peak: 143MB)


Finished technology mapping (Real Time elapsed 0h:00m:01s; CPU Time elapsed 0h:00m:01s; Memory used current: 146MB peak: 147MB)

Pass		 CPU time		Worst Slack		Luts / Registers
------------------------------------------------------------
   1		0h:00m:01s		   466.90ns		 113 /        52

Finished technology timing optimizations and critical path resynthesis (Real Time elapsed 0h:00m:01s; CPU Time elapsed 0h:00m:01s; Memory used current: 146MB peak: 147MB)

@N: FX164 |The option to pack registers in the IOB has not been specified. Please set syn_useioff attribute.  
@A: BN291 :"d:\sexto_semestre\arquitectura_computadora\projectmachxo2\lcd00\lcdcontconfig00.vhd":24:2:24:3|Boundary register LC01.outcontcc_4_.fb (in view: work.toplcd00(toplcd0)) is packed into a complex cell. To disable register packing, set syn_keep=1 on the net between the register and the complex cell. 
@A: BN291 :"d:\sexto_semestre\arquitectura_computadora\projectmachxo2\lcd00\lcdcontconfig00.vhd":24:2:24:3|Boundary register LC01.outcontcc_3_.fb (in view: work.toplcd00(toplcd0)) is packed into a complex cell. To disable register packing, set syn_keep=1 on the net between the register and the complex cell. 
@A: BN291 :"d:\sexto_semestre\arquitectura_computadora\projectmachxo2\lcd00\lcdcontconfig00.vhd":24:2:24:3|Boundary register LC01.outcontcc_2_.fb (in view: work.toplcd00(toplcd0)) is packed into a complex cell. To disable register packing, set syn_keep=1 on the net between the register and the complex cell. 
@A: BN291 :"d:\sexto_semestre\arquitectura_computadora\projectmachxo2\lcd00\lcdcontconfig00.vhd":24:2:24:3|Boundary register LC01.outcontcc_1_.fb (in view: work.toplcd00(toplcd0)) is packed into a complex cell. To disable register packing, set syn_keep=1 on the net between the register and the complex cell. 
@A: BN291 :"d:\sexto_semestre\arquitectura_computadora\projectmachxo2\lcd00\lcdcontconfig00.vhd":24:2:24:3|Boundary register LC01.outcontcc_0_.fb (in view: work.toplcd00(toplcd0)) is packed into a complex cell. To disable register packing, set syn_keep=1 on the net between the register and the complex cell. 
@A: BN291 :"d:\sexto_semestre\arquitectura_computadora\projectmachxo2\lcd00\lcdcontdata00.vhd":28:2:28:3|Boundary register LC03.outcontcd_4_.fb (in view: work.toplcd00(toplcd0)) is packed into a complex cell. To disable register packing, set syn_keep=1 on the net between the register and the complex cell. 
@A: BN291 :"d:\sexto_semestre\arquitectura_computadora\projectmachxo2\lcd00\lcdcontdata00.vhd":28:2:28:3|Boundary register LC03.outcontcd_3_.fb (in view: work.toplcd00(toplcd0)) is packed into a complex cell. To disable register packing, set syn_keep=1 on the net between the register and the complex cell. 
@A: BN291 :"d:\sexto_semestre\arquitectura_computadora\projectmachxo2\lcd00\lcdcontdata00.vhd":28:2:28:3|Boundary register LC03.outcontcd_2_.fb (in view: work.toplcd00(toplcd0)) is packed into a complex cell. To disable register packing, set syn_keep=1 on the net between the register and the complex cell. 
@A: BN291 :"d:\sexto_semestre\arquitectura_computadora\projectmachxo2\lcd00\lcdcontdata00.vhd":28:2:28:3|Boundary register LC03.outcontcd_1_.fb (in view: work.toplcd00(toplcd0)) is packed into a complex cell. To disable register packing, set syn_keep=1 on the net between the register and the complex cell. 
@A: BN291 :"d:\sexto_semestre\arquitectura_computadora\projectmachxo2\lcd00\lcdcontdata00.vhd":28:2:28:3|Boundary register LC03.outcontcd_0_.fb (in view: work.toplcd00(toplcd0)) is packed into a complex cell. To disable register packing, set syn_keep=1 on the net between the register and the complex cell. 
@A: BN291 :"d:\sexto_semestre\arquitectura_computadora\projectmachxo2\lcd00\lcdcontdata00.vhd":28:2:28:3|Boundary register LC03.outFlagcd.fb (in view: work.toplcd00(toplcd0)) is packed into a complex cell. To disable register packing, set syn_keep=1 on the net between the register and the complex cell. 
@A: BN291 :"d:\sexto_semestre\arquitectura_computadora\projectmachxo2\lcd00\lcdconfig00.vhd":27:4:27:5|Boundary register LC02.outFlagC.fb (in view: work.toplcd00(toplcd0)) is packed into a complex cell. To disable register packing, set syn_keep=1 on the net between the register and the complex cell. 

Finished restoring hierarchy (Real Time elapsed 0h:00m:01s; CPU Time elapsed 0h:00m:01s; Memory used current: 146MB peak: 147MB)

@N: MT611 :|Automatically generated clock div00|outdiv_derived_clock is not used and is being removed


@S |Clock Optimization Summary


#### START OF CLOCK OPTIMIZATION REPORT #####[

0 non-gated/non-generated clock tree(s) driving 0 clock pin(s) of sequential element(s)
1 gated/generated clock tree(s) driving 52 clock pin(s) of sequential element(s)
0 instances converted, 52 sequential instances remain driven by gated/generated clocks

=================================================================================================== Gated/Generated Clocks ===================================================================================================
Clock Tree ID     Driving Element        Drive Element Type     Fanout     Sample Instance      Explanation                                                                                                                   
------------------------------------------------------------------------------------------------------------------------------------------------------------------------------------------------------------------------------
@K:CKID0001       LC00.OS00.OSCInst0     OSCH                   52         LC03_outFlagcdio     Gating structure creates improper gating logic. See the Gated Clocks description in the user guide for conversion requirements
==============================================================================================================================================================================================================================


##### END OF CLOCK OPTIMIZATION REPORT ######]


Start Writing Netlists (Real Time elapsed 0h:00m:01s; CPU Time elapsed 0h:00m:01s; Memory used current: 113MB peak: 147MB)

Writing Analyst data base D:\Sexto_Semestre\Arquitectura_Computadora\projectMachXO2\lcd00\projectlcd00\synwork\lcd00_projectlcd00_m.srm

Finished Writing Netlist Databases (Real Time elapsed 0h:00m:01s; CPU Time elapsed 0h:00m:01s; Memory used current: 145MB peak: 147MB)

Writing EDIF Netlist and constraint files
@N: FX1056 |Writing EDF file: D:\Sexto_Semestre\Arquitectura_Computadora\projectMachXO2\lcd00\projectlcd00\lcd00_projectlcd00.edi
M-2017.03L-SP1-1
@N: BW106 |Synplicity Constraint File capacitance units using default value of 1pF 

Finished Writing EDIF Netlist and constraint files (Real Time elapsed 0h:00m:02s; CPU Time elapsed 0h:00m:02s; Memory used current: 149MB peak: 151MB)


Start final timing analysis (Real Time elapsed 0h:00m:02s; CPU Time elapsed 0h:00m:02s; Memory used current: 150MB peak: 151MB)

@W: MT420 |Found inferred clock osc00|osc_int_inferred_clock with period 480.77ns. Please declare a user-defined clock on object "n:LC00.OS00.osc_int"


##### START OF TIMING REPORT #####[
# Timing Report written on Thu Apr  4 02:19:30 2019
#


Top view:               toplcd00
Requested Frequency:    2.1 MHz
Wire load mode:         top
Paths requested:        5
Constraint File(s):    
@N: MT320 |This timing report is an estimate of place and route data. For final timing results, use the FPGA vendor place and route report.

@N: MT322 |Clock constraints include only register-to-register paths associated with each individual clock.



Performance Summary
*******************


Worst slack in design: 466.547

                                 Requested     Estimated     Requested     Estimated                 Clock        Clock              
Starting Clock                   Frequency     Frequency     Period        Period        Slack       Type         Group              
-------------------------------------------------------------------------------------------------------------------------------------
osc00|osc_int_inferred_clock     2.1 MHz       70.3 MHz      480.769       14.223        466.547     inferred     Inferred_clkgroup_0
=====================================================================================================================================





Clock Relationships
*******************

Clocks                                                      |    rise  to  rise     |    fall  to  fall   |    rise  to  fall   |    fall  to  rise 
----------------------------------------------------------------------------------------------------------------------------------------------------
Starting                      Ending                        |  constraint  slack    |  constraint  slack  |  constraint  slack  |  constraint  slack
----------------------------------------------------------------------------------------------------------------------------------------------------
osc00|osc_int_inferred_clock  osc00|osc_int_inferred_clock  |  480.769     466.547  |  No paths    -      |  No paths    -      |  No paths    -    
====================================================================================================================================================
 Note: 'No paths' indicates there are no paths in the design for that pair of clock edges.
       'Diff grp' indicates that paths exist but the starting clock and ending clock are in different clock groups.



Interface Information 
*********************

No IO constraint found



====================================
Detailed Report for Clock: osc00|osc_int_inferred_clock
====================================



Starting Points with Worst Slack
********************************

                       Starting                                                          Arrival            
Instance               Reference                        Type        Pin     Net          Time        Slack  
                       Clock                                                                                
------------------------------------------------------------------------------------------------------------
LC00.OS01.sdiv[0]      osc00|osc_int_inferred_clock     FD1S3IX     Q       sdiv[0]      1.044       466.547
LC00.OS01.sdiv[1]      osc00|osc_int_inferred_clock     FD1S3IX     Q       sdiv[1]      1.044       466.547
LC00.OS01.sdiv[2]      osc00|osc_int_inferred_clock     FD1S3IX     Q       sdiv[2]      1.044       466.547
LC00.OS01.sdiv[3]      osc00|osc_int_inferred_clock     FD1S3IX     Q       sdiv[3]      1.044       466.547
LC00.OS01.sdiv[4]      osc00|osc_int_inferred_clock     FD1S3IX     Q       sdiv[4]      1.044       466.547
LC00.OS01.sdiv[5]      osc00|osc_int_inferred_clock     FD1S3IX     Q       sdiv[5]      1.044       466.547
LC00.OS01.sdiv[6]      osc00|osc_int_inferred_clock     FD1S3IX     Q       sdiv[6]      1.044       466.547
LC00.OS01.sdiv[7]      osc00|osc_int_inferred_clock     FD1S3IX     Q       sdiv[7]      1.044       466.547
LC00.OS01.sdiv[17]     osc00|osc_int_inferred_clock     FD1S3IX     Q       sdiv[17]     1.148       467.396
LC00.OS01.sdiv[15]     osc00|osc_int_inferred_clock     FD1S3IX     Q       sdiv[15]     1.108       467.435
============================================================================================================


Ending Points with Worst Slack
******************************

                       Starting                                                              Required            
Instance               Reference                        Type        Pin     Net              Time         Slack  
                       Clock                                                                                     
-----------------------------------------------------------------------------------------------------------------
LC00.OS01.sdiv[19]     osc00|osc_int_inferred_clock     FD1S3IX     D       un1_sdiv[20]     480.664      466.547
LC00.OS01.sdiv[20]     osc00|osc_int_inferred_clock     FD1S3IX     D       un1_sdiv[21]     480.664      466.547
LC00.OS01.sdiv[17]     osc00|osc_int_inferred_clock     FD1S3IX     D       un1_sdiv[18]     480.664      466.690
LC00.OS01.sdiv[18]     osc00|osc_int_inferred_clock     FD1S3IX     D       un1_sdiv[19]     480.664      466.690
LC00.OS01.sdiv[15]     osc00|osc_int_inferred_clock     FD1S3IX     D       un1_sdiv[16]     480.664      466.832
LC00.OS01.sdiv[16]     osc00|osc_int_inferred_clock     FD1S3IX     D       un1_sdiv[17]     480.664      466.832
LC00.OS01.sdiv[13]     osc00|osc_int_inferred_clock     FD1S3IX     D       un1_sdiv[14]     480.664      466.975
LC00.OS01.sdiv[14]     osc00|osc_int_inferred_clock     FD1S3IX     D       un1_sdiv[15]     480.664      466.975
LC00.OS01.sdiv[11]     osc00|osc_int_inferred_clock     FD1S3IX     D       un1_sdiv[12]     480.664      467.118
LC00.OS01.sdiv[12]     osc00|osc_int_inferred_clock     FD1S3IX     D       un1_sdiv[13]     480.664      467.118
=================================================================================================================



Worst Path Information
***********************


Path information for path number 1: 
      Requested Period:                      480.769
    - Setup time:                            0.106
    + Clock delay at ending point:           0.000 (ideal)
    = Required time:                         480.664

    - Propagation time:                      14.117
    - Clock delay at starting point:         0.000 (ideal)
    = Slack (critical) :                     466.547

    Number of logic level(s):                19
    Starting point:                          LC00.OS01.sdiv[0] / Q
    Ending point:                            LC00.OS01.sdiv[20] / D
    The start point is clocked by            osc00|osc_int_inferred_clock [rising] on pin CK
    The end   point is clocked by            osc00|osc_int_inferred_clock [rising] on pin CK

Instance / Net                                        Pin      Pin               Arrival     No. of    
Name                                     Type         Name     Dir     Delay     Time        Fan Out(s)
-------------------------------------------------------------------------------------------------------
LC00.OS01.sdiv[0]                        FD1S3IX      Q        Out     1.044     1.044       -         
sdiv[0]                                  Net          -        -       -         -           2         
LC00.OS01.outdiv_0_sqmuxa_7_i_a2_1_6     ORCALUT4     A        In      0.000     1.044       -         
LC00.OS01.outdiv_0_sqmuxa_7_i_a2_1_6     ORCALUT4     Z        Out     1.017     2.061       -         
outdiv_0_sqmuxa_7_i_a2_1_6               Net          -        -       -         -           1         
LC00.OS01.outdiv_0_sqmuxa_7_i_a2_1       ORCALUT4     B        In      0.000     2.061       -         
LC00.OS01.outdiv_0_sqmuxa_7_i_a2_1       ORCALUT4     Z        Out     1.089     3.149       -         
N_84                                     Net          -        -       -         -           2         
LC00.OS01.outdiv_0_sqmuxa_6_i_a2_0       ORCALUT4     C        In      0.000     3.149       -         
LC00.OS01.outdiv_0_sqmuxa_6_i_a2_0       ORCALUT4     Z        Out     1.089     4.238       -         
N_87                                     Net          -        -       -         -           2         
LC00.OS01.outdiv_0_sqmuxa_3_i_a2         ORCALUT4     C        In      0.000     4.238       -         
LC00.OS01.outdiv_0_sqmuxa_3_i_a2         ORCALUT4     Z        Out     1.153     5.391       -         
N_88                                     Net          -        -       -         -           3         
LC00.OS01.outdiv_0_sqmuxa_i_a2           ORCALUT4     C        In      0.000     5.391       -         
LC00.OS01.outdiv_0_sqmuxa_i_a2           ORCALUT4     Z        Out     1.153     6.544       -         
N_92                                     Net          -        -       -         -           3         
LC00.OS01.outdiv_0_sqmuxa_1_i            ORCALUT4     D        In      0.000     6.544       -         
LC00.OS01.outdiv_0_sqmuxa_1_i            ORCALUT4     Z        Out     1.089     7.633       -         
N_20                                     Net          -        -       -         -           2         
LC00.OS01.un1_sdiv69_5                   ORCALUT4     C        In      0.000     7.633       -         
LC00.OS01.un1_sdiv69_5                   ORCALUT4     Z        Out     1.089     8.721       -         
un1_sdiv69_5                             Net          -        -       -         -           2         
LC00.OS01.un1_sdiv69_i                   ORCALUT4     D        In      0.000     8.721       -         
LC00.OS01.un1_sdiv69_i                   ORCALUT4     Z        Out     1.017     9.738       -         
un1_sdiv69_i                             Net          -        -       -         -           1         
LC00.OS01.un1_sdiv_cry_0_0               CCU2D        B0       In      0.000     9.738       -         
LC00.OS01.un1_sdiv_cry_0_0               CCU2D        COUT     Out     1.544     11.283      -         
un1_sdiv_cry_0                           Net          -        -       -         -           1         
LC00.OS01.un1_sdiv_cry_1_0               CCU2D        CIN      In      0.000     11.283      -         
LC00.OS01.un1_sdiv_cry_1_0               CCU2D        COUT     Out     0.143     11.425      -         
un1_sdiv_cry_2                           Net          -        -       -         -           1         
LC00.OS01.un1_sdiv_cry_3_0               CCU2D        CIN      In      0.000     11.425      -         
LC00.OS01.un1_sdiv_cry_3_0               CCU2D        COUT     Out     0.143     11.568      -         
un1_sdiv_cry_4                           Net          -        -       -         -           1         
LC00.OS01.un1_sdiv_cry_5_0               CCU2D        CIN      In      0.000     11.568      -         
LC00.OS01.un1_sdiv_cry_5_0               CCU2D        COUT     Out     0.143     11.711      -         
un1_sdiv_cry_6                           Net          -        -       -         -           1         
LC00.OS01.un1_sdiv_cry_7_0               CCU2D        CIN      In      0.000     11.711      -         
LC00.OS01.un1_sdiv_cry_7_0               CCU2D        COUT     Out     0.143     11.854      -         
un1_sdiv_cry_8                           Net          -        -       -         -           1         
LC00.OS01.un1_sdiv_cry_9_0               CCU2D        CIN      In      0.000     11.854      -         
LC00.OS01.un1_sdiv_cry_9_0               CCU2D        COUT     Out     0.143     11.997      -         
un1_sdiv_cry_10                          Net          -        -       -         -           1         
LC00.OS01.un1_sdiv_cry_11_0              CCU2D        CIN      In      0.000     11.997      -         
LC00.OS01.un1_sdiv_cry_11_0              CCU2D        COUT     Out     0.143     12.139      -         
un1_sdiv_cry_12                          Net          -        -       -         -           1         
LC00.OS01.un1_sdiv_cry_13_0              CCU2D        CIN      In      0.000     12.139      -         
LC00.OS01.un1_sdiv_cry_13_0              CCU2D        COUT     Out     0.143     12.282      -         
un1_sdiv_cry_14                          Net          -        -       -         -           1         
LC00.OS01.un1_sdiv_cry_15_0              CCU2D        CIN      In      0.000     12.282      -         
LC00.OS01.un1_sdiv_cry_15_0              CCU2D        COUT     Out     0.143     12.425      -         
un1_sdiv_cry_16                          Net          -        -       -         -           1         
LC00.OS01.un1_sdiv_cry_17_0              CCU2D        CIN      In      0.000     12.425      -         
LC00.OS01.un1_sdiv_cry_17_0              CCU2D        COUT     Out     0.143     12.568      -         
un1_sdiv_cry_18                          Net          -        -       -         -           1         
LC00.OS01.un1_sdiv_cry_19_0              CCU2D        CIN      In      0.000     12.568      -         
LC00.OS01.un1_sdiv_cry_19_0              CCU2D        S1       Out     1.549     14.117      -         
un1_sdiv[21]                             Net          -        -       -         -           1         
LC00.OS01.sdiv[20]                       FD1S3IX      D        In      0.000     14.117      -         
=======================================================================================================



##### END OF TIMING REPORT #####]

Timing exceptions that could not be applied
None

Finished final timing analysis (Real Time elapsed 0h:00m:02s; CPU Time elapsed 0h:00m:02s; Memory used current: 150MB peak: 151MB)


Finished timing report (Real Time elapsed 0h:00m:02s; CPU Time elapsed 0h:00m:02s; Memory used current: 150MB peak: 151MB)

---------------------------------------
Resource Usage Report
Part: lcmxo2_7000he-5

Register bits: 52 of 6864 (1%)
PIC Latch:       0
I/O cells:       42


Details:
CCU2D:          11
FD1P3AX:        9
FD1P3IX:        19
FD1S3AX:        2
FD1S3IX:        21
GSR:            1
IB:             6
OB:             36
OFS1P3IX:       1
ORCALUT4:       111
OSCH:           1
PUR:            1
VHI:            9
VLO:            9
Mapper successful!

At Mapper Exit (Real Time elapsed 0h:00m:02s; CPU Time elapsed 0h:00m:02s; Memory used current: 33MB peak: 151MB)

Process took 0h:00m:02s realtime, 0h:00m:02s cputime
# Thu Apr  4 02:19:31 2019

###########################################################]


Synthesis exit by 0.

edif2ngd  -l "MachXO2" -d LCMXO2-7000HE -path "D:/Sexto_Semestre/Arquitectura_Computadora/projectMachXO2/lcd00/projectlcd00" -path "D:/Sexto_Semestre/Arquitectura_Computadora/projectMachXO2/lcd00"   "D:/Sexto_Semestre/Arquitectura_Computadora/projectMachXO2/lcd00/projectlcd00/lcd00_projectlcd00.edi" "lcd00_projectlcd00.ngo"   
edif2ngd:  version Diamond (64-bit) 3.10.0.111.2

Copyright (c) 1991-1994 by NeoCAD Inc. All rights reserved.
Copyright (c) 1995 AT&T Corp.   All rights reserved.
Copyright (c) 1995-2001 Lucent Technologies Inc.  All rights reserved.
Copyright (c) 2001 Agere Systems   All rights reserved.
Copyright (c) 2002-2017 Lattice Semiconductor Corporation,  All rights reserved.
Writing the design to lcd00_projectlcd00.ngo...

Total CPU Time: 0 secs  

Total REAL Time: 0 secs  


ngdbuild  -a "MachXO2" -d LCMXO2-7000HE  -p "C:/lscc/diamond/3.10_x64/ispfpga/xo2c00/data"  -p "D:/Sexto_Semestre/Arquitectura_Computadora/projectMachXO2/lcd00/projectlcd00" -p "D:/Sexto_Semestre/Arquitectura_Computadora/projectMachXO2/lcd00"  "lcd00_projectlcd00.ngo" "lcd00_projectlcd00.ngd"  	
ngdbuild:  version Diamond (64-bit) 3.10.0.111.2

Copyright (c) 1991-1994 by NeoCAD Inc. All rights reserved.
Copyright (c) 1995 AT&T Corp.   All rights reserved.
Copyright (c) 1995-2001 Lucent Technologies Inc.  All rights reserved.
Copyright (c) 2001 Agere Systems   All rights reserved.
Copyright (c) 2002-2017 Lattice Semiconductor Corporation,  All rights reserved.
Reading 'lcd00_projectlcd00.ngo' ...
Loading NGL library 'C:/lscc/diamond/3.10_x64/ispfpga/xo2c00a/data/xo2alib.ngl'...
Loading NGL library 'C:/lscc/diamond/3.10_x64/ispfpga/xo2c00/data/xo2clib.ngl'...
Loading NGL library 'C:/lscc/diamond/3.10_x64/ispfpga/mg5g00/data/mg5glib.ngl'...
Loading NGL library 'C:/lscc/diamond/3.10_x64/ispfpga/or5g00/data/orc5glib.ngl'...


Running DRC...

    <postMsg mid="1166052" type="Warning" dynamic="2" navigation="1" arg0="logical" arg1="LC00/OS00/OSCInst0_SEDSTDBY" arg2="LC00/OS00/OSCInst0_SEDSTDBY"  />
    <postMsg mid="1166052" type="Warning" dynamic="2" navigation="1" arg0="logical" arg1="outFlagd0" arg2="outFlagd0"  />
    <postMsg mid="1163101" type="Warning" dynamic="1" navigation="0" arg0="2"  />

Design Results:
    236 blocks expanded
Complete the first expansion.
Writing 'lcd00_projectlcd00.ngd' ...
Total CPU Time: 0 secs  

Total REAL Time: 0 secs  


map -a "MachXO2" -p LCMXO2-7000HE -t TQFP144 -s 5 -oc Commercial   "lcd00_projectlcd00.ngd" -o "lcd00_projectlcd00_map.ncd" -pr "lcd00_projectlcd00.prf" -mp "lcd00_projectlcd00.mrp" -lpf "D:/Sexto_Semestre/Arquitectura_Computadora/projectMachXO2/lcd00/projectlcd00/lcd00_projectlcd00_synplify.lpf" -lpf "D:/Sexto_Semestre/Arquitectura_Computadora/projectMachXO2/lcd00/lcd00.lpf" -c 0            
map:  version Diamond (64-bit) 3.10.0.111.2

Copyright (c) 1991-1994 by NeoCAD Inc. All rights reserved.
Copyright (c) 1995 AT&T Corp.   All rights reserved.
Copyright (c) 1995-2001 Lucent Technologies Inc.  All rights reserved.
Copyright (c) 2001 Agere Systems   All rights reserved.
Copyright (c) 2002-2017 Lattice Semiconductor Corporation,  All rights reserved.
   Process the file: lcd00_projectlcd00.ngd
   Picdevice="LCMXO2-7000HE"

   Pictype="TQFP144"

   Picspeed=5

   Remove unused logic

   Do not produce over sized NCDs.

Part used: LCMXO2-7000HETQFP144, Performance used: 5.

    <postMsg mid="1100683" type="Warning" dynamic="3" navigation="2" arg0="D:/Sexto_Semestre/Arquitectura_Computadora/projectMachXO2/lcd00/lcd00.lpf(42): In &quot;LOCATE COMP &quot;outRW0&quot; SITE &quot;93&quot; ;&quot;: " arg1="LOC" arg2="93" arg3="D:/Sexto_Semestre/Arquitectura_Computadora/projectMachXO2/lcd00/lcd00.lpf" arg4="42"  />
    <postMsg mid="1100683" type="Warning" dynamic="3" navigation="2" arg0="D:/Sexto_Semestre/Arquitectura_Computadora/projectMachXO2/lcd00/lcd00.lpf(43): In &quot;LOCATE COMP &quot;outRS0&quot; SITE &quot;95&quot; ;&quot;: " arg1="LOC" arg2="95" arg3="D:/Sexto_Semestre/Arquitectura_Computadora/projectMachXO2/lcd00/lcd00.lpf" arg4="43"  />
    <postMsg mid="1100683" type="Warning" dynamic="3" navigation="2" arg0="D:/Sexto_Semestre/Arquitectura_Computadora/projectMachXO2/lcd00/lcd00.lpf(44): In &quot;LOCATE COMP &quot;outEN0&quot; SITE &quot;96&quot; ;&quot;: " arg1="LOC" arg2="96" arg3="D:/Sexto_Semestre/Arquitectura_Computadora/projectMachXO2/lcd00/lcd00.lpf" arg4="44"  />
    <postMsg mid="1104062" type="Warning" dynamic="2" navigation="0" arg0="" arg1="3 semantic errors"  />
Loading device for application map from file 'xo2c7000.nph' in environment: C:/lscc/diamond/3.10_x64/ispfpga.
Package Status:                     Final          Version 1.39.

Running general design DRC...

Removing unused logic...

Optimizing...

    <postMsg mid="51001046" type="Warning" dynamic="1" navigation="0" arg0="outFlagd0"  />



Design Summary:
   Number of registers:     52 out of  7209 (1%)
      PFU registers:           51 out of  6864 (1%)
      PIO registers:            1 out of   345 (0%)
   Number of SLICEs:        67 out of  3432 (2%)
      SLICEs as Logic/ROM:     67 out of  3432 (2%)
      SLICEs as RAM:            0 out of  2574 (0%)
      SLICEs as Carry:         11 out of  3432 (0%)
   Number of LUT4s:        134 out of  6864 (2%)
      Number used as logic LUTs:        112
      Number used as distributed RAM:     0
      Number used as ripple logic:       22
      Number used as shift registers:     0
   Number of PIO sites used: 42 + 4(JTAG) out of 115 (40%)
   Number of block RAMs:  0 out of 26 (0%)
   Number of GSRs:  0 out of 1 (0%)
   EFB used :       No
   JTAG used :      No
   Readback used :  No
   Oscillator used :  Yes
   Startup used :   No
   POR :            On
   Bandgap :        On
   Number of Power Controller:  0 out of 1 (0%)
   Number of Dynamic Bank Controller (BCINRD):  0 out of 6 (0%)
   Number of Dynamic Bank Controller (BCLVDSO):  0 out of 1 (0%)
   Number of DCCA:  0 out of 8 (0%)
   Number of DCMA:  0 out of 2 (0%)
   Number of PLLs:  0 out of 2 (0%)
   Number of DQSDLLs:  0 out of 2 (0%)
   Number of CLKDIVC:  0 out of 4 (0%)
   Number of ECLKSYNCA:  0 out of 4 (0%)
   Number of ECLKBRIDGECS:  0 out of 2 (0%)
   Notes:-
      1. Total number of LUT4s = (Number of logic LUT4s) + 2*(Number of distributed RAMs) + 2*(Number of ripple logic)
      2. Number of logic LUT4s does not include count of distributed RAM and ripple logic.
   Number of clocks:  1
     Net LC00.sclk_0: 32 loads, 32 rising, 0 falling (Driver: LC00/OS00/OSCInst0 )
   Number of Clock Enables:  7
     Net pcd.un2_outcontcd_1_RNIJ0FQ1: 1 loads, 0 LSLICEs
     Net LC04/outWordd_1_cnv[0]: 4 loads, 4 LSLICEs
     Net un1_outdiv_0_sqmuxa_1_4_RNI2RUN: 7 loads, 7 LSLICEs
     Net LC03/ENcd_RNO: 1 loads, 1 LSLICEs
     Net LC02/un1_resetc_1_0_m4_RNIMN1A1: 4 loads, 4 LSLICEs
     Net LC02/outCommandc_1_RNO[7]: 1 loads, 1 LSLICEs
     Net LC02/ENc_RNO: 1 loads, 1 LSLICEs
   Number of LSRs:  5
     Net G_24: 4 loads, 3 LSLICEs
     Net LC04/outWordd_1_37: 4 loads, 4 LSLICEs
     Net G_19: 4 loads, 4 LSLICEs
     Net LC02/outCommandc_1_RNO_0[7]: 1 loads, 1 LSLICEs
     Net LC00/OS01/un1_sdiv69_RNIQ1301: 11 loads, 11 LSLICEs
   Number of nets driven by tri-state buffers:  0
   Top 10 highest fanout non-clock nets:
     Net reset0_c: 29 loads
     Net un1_outdiv_0_sqmuxa_1_4_RNI2RUN: 18 loads
     Net outContcd0_c[2]: 15 loads
     Net outFlagc0_c: 15 loads
     Net outContcc0_c[0]: 13 loads
     Net outContcc0_c[2]: 13 loads
     Net outContcc0_c[3]: 13 loads
     Net outContcd0_c[4]: 12 loads
     Net outContcc0_c[1]: 11 loads
     Net outContcd0_c[0]: 11 loads
    <postMsg mid="51001230" type="Warning" dynamic="1" navigation="0" arg0="D:/Sexto_Semestre/Arquitectura_Computadora/projectMachXO2/lcd00/lcd00.lpf"  />
 

   Number of warnings:  6
   Number of errors:    0



Total CPU Time: 0 secs  
Total REAL Time: 0 secs  
Peak Memory Usage: 56 MB

Dumping design to file lcd00_projectlcd00_map.ncd.

mpartrce -p "lcd00_projectlcd00.p2t" -f "lcd00_projectlcd00.p3t" -tf "lcd00_projectlcd00.pt" "lcd00_projectlcd00_map.ncd" "lcd00_projectlcd00.ncd"

---- MParTrce Tool ----
Removing old design directory at request of -rem command line option to this program.
Running par. Please wait . . .

Lattice Place and Route Report for Design "lcd00_projectlcd00_map.ncd"
Thu Apr 04 02:19:35 2019

PAR: Place And Route Diamond (64-bit) 3.10.0.111.2.
Command Line: par -w -l 5 -i 6 -t 1 -c 0 -e 0 -gui -msgset D:/Sexto_Semestre/Arquitectura_Computadora/projectMachXO2/lcd00/promote.xml -exp parUseNBR=1:parCDP=0:parCDR=0:parPathBased=OFF lcd00_projectlcd00_map.ncd lcd00_projectlcd00.dir/5_1.ncd lcd00_projectlcd00.prf
Preference file: lcd00_projectlcd00.prf.
Placement level-cost: 5-1.
Routing Iterations: 6

Loading design for application par from file lcd00_projectlcd00_map.ncd.
Design name: toplcd00
NCD version: 3.3
Vendor:      LATTICE
Device:      LCMXO2-7000HE
Package:     TQFP144
Performance: 5
Loading device for application par from file 'xo2c7000.nph' in environment: C:/lscc/diamond/3.10_x64/ispfpga.
Package Status:                     Final          Version 1.39.
Performance Hardware Data Status:   Final          Version 34.4.
License checked out.


Ignore Preference Error(s):  True
Device utilization summary:

   PIO (prelim)   42+4(JTAG)/336     14% used
                  42+4(JTAG)/115     40% bonded
   IOLOGIC            1/336          <1% used

   SLICE             67/3432          1% used

   OSC                1/1           100% used


Number of Signals: 202
Number of Connections: 579

Pin Constraint Summary:
   42 out of 42 pins locked (100% locked).

The following 1 signal is selected to use the primary clock routing resources:
    LC00.sclk_0 (driver: LC00/OS00/OSCInst0, clk load #: 32)


The following 1 signal is selected to use the secondary clock routing resources:
    LC00/OS01/un1_sdiv69_RNIQ1301 (driver: LC00/OS01/SLICE_39, clk load #: 0, sr load #: 11, ce load #: 0)

No signal is selected as Global Set/Reset.
Starting Placer Phase 0.
........
Finished Placer Phase 0.  REAL time: 2 secs 

Starting Placer Phase 1.
...................
Placer score = 62635.
Finished Placer Phase 1.  REAL time: 6 secs 

Starting Placer Phase 2.
.
Placer score =  62615
Finished Placer Phase 2.  REAL time: 6 secs 


------------------ Clock Report ------------------

Global Clock Resources:
  CLK_PIN    : 0 out of 8 (0%)
  PLL        : 0 out of 2 (0%)
  DCM        : 0 out of 2 (0%)
  DCC        : 0 out of 8 (0%)

Quadrants All (TL, TR, BL, BR) - Global Clocks:
  PRIMARY "LC00.sclk_0" from OSC on comp "LC00/OS00/OSCInst0" on site "OSC", clk load = 32
  SECONDARY "LC00/OS01/un1_sdiv69_RNIQ1301" from F0 on comp "LC00/OS01/SLICE_39" on site "R14C20D", clk load = 0, ce load = 0, sr load = 11

  PRIMARY  : 1 out of 8 (12%)
  SECONDARY: 1 out of 8 (12%)

Edge Clocks:
  No edge clock selected.

--------------- End of Clock Report ---------------


I/O Usage Summary (final):
   42 + 4(JTAG) out of 336 (13.7%) PIO sites used.
   42 + 4(JTAG) out of 115 (40.0%) bonded PIO sites used.
   Number of PIO comps: 42; differential: 0.
   Number of Vref pins used: 0.

I/O Bank Usage Summary:
+----------+----------------+------------+-----------+
| I/O Bank | Usage          | Bank Vccio | Bank Vref |
+----------+----------------+------------+-----------+
| 0        | 14 / 28 ( 50%) | 2.5V       | -         |
| 1        | 11 / 29 ( 37%) | 2.5V       | -         |
| 2        | 6 / 29 ( 20%)  | 2.5V       | -         |
| 3        | 0 / 9 (  0%)   | -          | -         |
| 4        | 6 / 10 ( 60%)  | 2.5V       | -         |
| 5        | 5 / 10 ( 50%)  | 2.5V       | -         |
+----------+----------------+------------+-----------+

Total placer CPU time: 6 secs 

Dumping design to file lcd00_projectlcd00.dir/5_1.ncd.

0 connections routed; 579 unrouted.
Starting router resource preassignment

Completed router resource preassignment. Real time: 10 secs 

Start NBR router at 02:19:45 04/04/19

*****************************************************************
Info: NBR allows conflicts(one node used by more than one signal)
      in the earlier iterations. In each iteration, it tries to  
      solve the conflicts while keeping the critical connections 
      routed as short as possible. The routing process is said to
      be completed when no conflicts exist and all connections   
      are routed.                                                
Note: NBR uses a different method to calculate timing slacks. The
      worst slack and total negative slack may not be the same as
      that in TRCE report. You should always run TRCE to verify  
      your design.                                               
*****************************************************************

Start NBR special constraint process at 02:19:45 04/04/19

Start NBR section for initial routing at 02:19:45 04/04/19
Level 4, iteration 1
22(0.01%) conflicts; 0(0.00%) untouched conn; 0 (nbr) score; 
Estimated worst slack/total negative slack<setup>: 464.219ns/0.000ns; real time: 11 secs 

Info: Initial congestion level at 75% usage is 0
Info: Initial congestion area  at 75% usage is 0 (0.00%)

Start NBR section for normal routing at 02:19:46 04/04/19
Level 4, iteration 1
9(0.00%) conflicts; 0(0.00%) untouched conn; 0 (nbr) score; 
Estimated worst slack/total negative slack<setup>: 463.769ns/0.000ns; real time: 11 secs 
Level 4, iteration 2
4(0.00%) conflicts; 0(0.00%) untouched conn; 0 (nbr) score; 
Estimated worst slack/total negative slack<setup>: 463.769ns/0.000ns; real time: 11 secs 
Level 4, iteration 3
4(0.00%) conflicts; 0(0.00%) untouched conn; 0 (nbr) score; 
Estimated worst slack/total negative slack<setup>: 463.769ns/0.000ns; real time: 11 secs 
Level 4, iteration 4
1(0.00%) conflict; 0(0.00%) untouched conn; 0 (nbr) score; 
Estimated worst slack/total negative slack<setup>: 463.769ns/0.000ns; real time: 11 secs 
Level 4, iteration 5
1(0.00%) conflict; 0(0.00%) untouched conn; 0 (nbr) score; 
Estimated worst slack/total negative slack<setup>: 463.769ns/0.000ns; real time: 11 secs 
Level 4, iteration 6
0(0.00%) conflict; 0(0.00%) untouched conn; 0 (nbr) score; 
Estimated worst slack/total negative slack<setup>: 463.769ns/0.000ns; real time: 11 secs 

Start NBR section for setup/hold timing optimization with effort level 3 at 02:19:46 04/04/19

Start NBR section for re-routing at 02:19:46 04/04/19
Level 4, iteration 1
0(0.00%) conflict; 0(0.00%) untouched conn; 0 (nbr) score; 
Estimated worst slack/total negative slack<setup>: 463.769ns/0.000ns; real time: 11 secs 

Start NBR section for post-routing at 02:19:46 04/04/19

End NBR router with 0 unrouted connection

NBR Summary
-----------
  Number of unrouted connections : 0 (0.00%)
  Number of connections with timing violations : 0 (0.00%)
  Estimated worst slack<setup> : 463.769ns
  Timing score<setup> : 0
-----------
Notes: The timing info is calculated for SETUP only and all PAR_ADJs are ignored.



Total CPU time 11 secs 
Total REAL time: 12 secs 
Completely routed.
End of route.  579 routed (100.00%); 0 unrouted.

Hold time timing score: 0, hold timing errors: 0

Timing score: 0 

Dumping design to file lcd00_projectlcd00.dir/5_1.ncd.


PAR_SUMMARY::Run status = Success
PAR_SUMMARY::Number of unrouted conns = 0
PAR_SUMMARY::Worst  slack<setup/<ns>> = 463.769
PAR_SUMMARY::Timing score<setup/<ns>> = 0.000
PAR_SUMMARY::Worst  slack<hold /<ns>> = 0.379
PAR_SUMMARY::Timing score<hold /<ns>> = 0.000
PAR_SUMMARY::Number of errors = 0

Total CPU  time to completion: 11 secs 
Total REAL time to completion: 12 secs 

par done!

Copyright (c) 1991-1994 by NeoCAD Inc. All rights reserved.
Copyright (c) 1995 AT&T Corp.   All rights reserved.
Copyright (c) 1995-2001 Lucent Technologies Inc.  All rights reserved.
Copyright (c) 2001 Agere Systems   All rights reserved.
Copyright (c) 2002-2017 Lattice Semiconductor Corporation,  All rights reserved.
Exiting par with exit code 0
Exiting mpartrce with exit code 0

bitgen -f "lcd00_projectlcd00.t2b" -w "lcd00_projectlcd00.ncd" -jedec "lcd00_projectlcd00.prf"


BITGEN: Bitstream Generator Diamond (64-bit) 3.10.0.111.2
Copyright (c) 1991-1994 by NeoCAD Inc. All rights reserved.
Copyright (c) 1995 AT&T Corp.   All rights reserved.
Copyright (c) 1995-2001 Lucent Technologies Inc.  All rights reserved.
Copyright (c) 2001 Agere Systems   All rights reserved.
Copyright (c) 2002-2017 Lattice Semiconductor Corporation,  All rights reserved.


Loading design for application Bitgen from file lcd00_projectlcd00.ncd.
Design name: toplcd00
NCD version: 3.3
Vendor:      LATTICE
Device:      LCMXO2-7000HE
Package:     TQFP144
Performance: 5
Loading device for application Bitgen from file 'xo2c7000.nph' in environment: C:/lscc/diamond/3.10_x64/ispfpga.
Package Status:                     Final          Version 1.39.
Performance Hardware Data Status:   Final          Version 34.4.

Running DRC.
DRC detected 0 errors and 0 warnings.
Reading Preference File from lcd00_projectlcd00.prf.

Preference Summary:
+---------------------------------+---------------------------------+
|  Preference                     |  Current Setting                |
+---------------------------------+---------------------------------+
|                         RamCfg  |                        Reset**  |
+---------------------------------+---------------------------------+
|                     MCCLK_FREQ  |                         2.08**  |
+---------------------------------+---------------------------------+
|                  CONFIG_SECURE  |                          OFF**  |
+---------------------------------+---------------------------------+
|                          INBUF  |                           ON**  |
+---------------------------------+---------------------------------+
|                      JTAG_PORT  |                       ENABLE**  |
+---------------------------------+---------------------------------+
|                       SDM_PORT  |                      DISABLE**  |
+---------------------------------+---------------------------------+
|                 SLAVE_SPI_PORT  |                      DISABLE**  |
+---------------------------------+---------------------------------+
|                MASTER_SPI_PORT  |                      DISABLE**  |
+---------------------------------+---------------------------------+
|                       I2C_PORT  |                      DISABLE**  |
+---------------------------------+---------------------------------+
|        MUX_CONFIGURATION_PORTS  |                      DISABLE**  |
+---------------------------------+---------------------------------+
|                  CONFIGURATION  |                          CFG**  |
+---------------------------------+---------------------------------+
|                COMPRESS_CONFIG  |                           ON**  |
+---------------------------------+---------------------------------+
|                        MY_ASSP  |                          OFF**  |
+---------------------------------+---------------------------------+
|               ONE_TIME_PROGRAM  |                          OFF**  |
+---------------------------------+---------------------------------+
|                 ENABLE_TRANSFR  |                      DISABLE**  |
+---------------------------------+---------------------------------+
|                  SHAREDEBRINIT  |                      DISABLE**  |
+---------------------------------+---------------------------------+
|            BACKGROUND_RECONFIG  |                          OFF**  |
+---------------------------------+---------------------------------+
 *  Default setting.
 ** The specified setting matches the default setting.


Creating bit map...
 
Bitstream Status: Final           Version 1.94.
 
Saving bit stream in "lcd00_projectlcd00.jed".
 
===========
UFM Summary.
===========
UFM Size:        2046 Pages (128*2046 Bits).
UFM Utilization: General Purpose Flash Memory.
 
Available General Purpose Flash Memory: 2046 Pages (Page 0 to Page 2045).
Initialized UFM Pages:                     0 Page.
 
