Running in Lattice mode

Starting:    C:\lscc\diamond\3.10_x64\synpbase\bin64\mbin\synbatch.exe
Install:     C:\lscc\diamond\3.10_x64\synpbase
Hostname:    VICTOR-PC
Date:        Thu Apr  4 02:19:23 2019
Version:     M-2017.03L-SP1-1

Arguments:   -product synplify_pro -batch lcd00_projectlcd00_synplify.tcl
ProductType: synplify_pro




log file: "D:\Sexto_Semestre\Arquitectura_Computadora\projectMachXO2\lcd00\projectlcd00\lcd00_projectlcd00.srr"
Running: hdl_info_gen in foreground

Generating HDL info...

hdl_info_gen completed
# Thu Apr  4 02:19:23 2019

Return Code: 0
Run Time:00h:00m:00s
Copied D:\Sexto_Semestre\Arquitectura_Computadora\projectMachXO2\lcd00\projectlcd00\lcd00_projectlcd00.srr to D:\Sexto_Semestre\Arquitectura_Computadora\projectMachXO2\lcd00\projectlcd00\lcd00_projectlcd00.srf
log file: "D:\Sexto_Semestre\Arquitectura_Computadora\projectMachXO2\lcd00\projectlcd00\lcd00_projectlcd00.srr"
Running: projectlcd00 in foreground

Running proj_1|projectlcd00

Running: compile (Compile) on proj_1|projectlcd00
# Thu Apr  4 02:19:23 2019

Running: compile_flow (Compile Process) on proj_1|projectlcd00
# Thu Apr  4 02:19:23 2019

Running: compiler (Compile Input) on proj_1|projectlcd00
# Thu Apr  4 02:19:23 2019
Copied D:\Sexto_Semestre\Arquitectura_Computadora\projectMachXO2\lcd00\projectlcd00\synwork\lcd00_projectlcd00_comp.srs to D:\Sexto_Semestre\Arquitectura_Computadora\projectMachXO2\lcd00\projectlcd00\lcd00_projectlcd00.srs

compiler completed
# Thu Apr  4 02:19:26 2019

Return Code: 0
Run Time:00h:00m:03s

Running: multi_srs_gen (Multi-srs Generator) on proj_1|projectlcd00
# Thu Apr  4 02:19:26 2019

multi_srs_gen completed
# Thu Apr  4 02:19:26 2019

Return Code: 0
Run Time:00h:00m:00s
Copied D:\Sexto_Semestre\Arquitectura_Computadora\projectMachXO2\lcd00\projectlcd00\synwork\lcd00_projectlcd00_mult.srs to D:\Sexto_Semestre\Arquitectura_Computadora\projectMachXO2\lcd00\projectlcd00\lcd00_projectlcd00.srs
Copied D:\Sexto_Semestre\Arquitectura_Computadora\projectMachXO2\lcd00\projectlcd00\lcd00_projectlcd00.srr to D:\Sexto_Semestre\Arquitectura_Computadora\projectMachXO2\lcd00\projectlcd00\lcd00_projectlcd00.srf
Complete: Compile Process on proj_1|projectlcd00

Running: premap (Pre-mapping) on proj_1|projectlcd00
# Thu Apr  4 02:19:26 2019

premap completed with warnings
# Thu Apr  4 02:19:28 2019

Return Code: 1
Run Time:00h:00m:02s
Complete: Compile on proj_1|projectlcd00

Running: map (Map) on proj_1|projectlcd00
# Thu Apr  4 02:19:28 2019
License granted for 4 parallel jobs

Running: fpga_mapper (Map & Optimize) on proj_1|projectlcd00
# Thu Apr  4 02:19:28 2019
Copied D:\Sexto_Semestre\Arquitectura_Computadora\projectMachXO2\lcd00\projectlcd00\synwork\lcd00_projectlcd00_m.srm to D:\Sexto_Semestre\Arquitectura_Computadora\projectMachXO2\lcd00\projectlcd00\lcd00_projectlcd00.srm

fpga_mapper completed with warnings
# Thu Apr  4 02:19:31 2019

Return Code: 1
Run Time:00h:00m:03s
Complete: Map on proj_1|projectlcd00
Copied D:\Sexto_Semestre\Arquitectura_Computadora\projectMachXO2\lcd00\projectlcd00\lcd00_projectlcd00.srr to D:\Sexto_Semestre\Arquitectura_Computadora\projectMachXO2\lcd00\projectlcd00\lcd00_projectlcd00.srf
Complete: Logic Synthesis on proj_1|projectlcd00
TCL script complete: "lcd00_projectlcd00_synplify.tcl"
exit status=0
exit status=0
Save changes for project:
D:\Sexto_Semestre\Arquitectura_Computadora\projectMachXO2\lcd00\projectlcd00\proj_1.prj
batch mode default:no
