Running in Lattice mode

Starting:    C:\lscc\diamond\3.10_x64\synpbase\bin64\mbin\synbatch.exe
Install:     C:\lscc\diamond\3.10_x64\synpbase
Hostname:    VICTOR-PC
Date:        Mon May 13 03:35:13 2019
Version:     M-2017.03L-SP1-1

Arguments:   -product synplify_pro -batch lcd01_lcd01_synplify.tcl
ProductType: synplify_pro




log file: "D:\Sexto_Semestre\Arquitectura_Computadora\projectMachXO2\lcd01\lcd01\lcd01_lcd01.srr"
Running: hdl_info_gen in foreground

Generating HDL info...

hdl_info_gen completed
# Mon May 13 03:35:13 2019

Return Code: 0
Run Time:00h:00m:00s
Copied D:\Sexto_Semestre\Arquitectura_Computadora\projectMachXO2\lcd01\lcd01\lcd01_lcd01.srr to D:\Sexto_Semestre\Arquitectura_Computadora\projectMachXO2\lcd01\lcd01\lcd01_lcd01.srf
log file: "D:\Sexto_Semestre\Arquitectura_Computadora\projectMachXO2\lcd01\lcd01\lcd01_lcd01.srr"
Running: lcd01 in foreground

Running proj_1|lcd01

Running: compile (Compile) on proj_1|lcd01
# Mon May 13 03:35:13 2019

Running: compile_flow (Compile Process) on proj_1|lcd01
# Mon May 13 03:35:13 2019

Running: compiler (Compile Input) on proj_1|lcd01
# Mon May 13 03:35:13 2019
Copied D:\Sexto_Semestre\Arquitectura_Computadora\projectMachXO2\lcd01\lcd01\synwork\lcd01_lcd01_comp.srs to D:\Sexto_Semestre\Arquitectura_Computadora\projectMachXO2\lcd01\lcd01\lcd01_lcd01.srs

compiler completed
# Mon May 13 03:35:15 2019

Return Code: 0
Run Time:00h:00m:02s

Running: multi_srs_gen (Multi-srs Generator) on proj_1|lcd01
# Mon May 13 03:35:15 2019

multi_srs_gen completed
# Mon May 13 03:35:16 2019

Return Code: 0
Run Time:00h:00m:01s
Copied D:\Sexto_Semestre\Arquitectura_Computadora\projectMachXO2\lcd01\lcd01\synwork\lcd01_lcd01_mult.srs to D:\Sexto_Semestre\Arquitectura_Computadora\projectMachXO2\lcd01\lcd01\lcd01_lcd01.srs
Copied D:\Sexto_Semestre\Arquitectura_Computadora\projectMachXO2\lcd01\lcd01\lcd01_lcd01.srr to D:\Sexto_Semestre\Arquitectura_Computadora\projectMachXO2\lcd01\lcd01\lcd01_lcd01.srf
Complete: Compile Process on proj_1|lcd01

Running: premap (Pre-mapping) on proj_1|lcd01
# Mon May 13 03:35:16 2019

premap completed with warnings
# Mon May 13 03:35:17 2019

Return Code: 1
Run Time:00h:00m:01s
Complete: Compile on proj_1|lcd01

Running: map (Map) on proj_1|lcd01
# Mon May 13 03:35:17 2019
License granted for 4 parallel jobs

Running: fpga_mapper (Map & Optimize) on proj_1|lcd01
# Mon May 13 03:35:17 2019
Copied D:\Sexto_Semestre\Arquitectura_Computadora\projectMachXO2\lcd01\lcd01\synwork\lcd01_lcd01_m.srm to D:\Sexto_Semestre\Arquitectura_Computadora\projectMachXO2\lcd01\lcd01\lcd01_lcd01.srm

fpga_mapper completed with warnings
# Mon May 13 03:35:20 2019

Return Code: 1
Run Time:00h:00m:03s
Complete: Map on proj_1|lcd01
Copied D:\Sexto_Semestre\Arquitectura_Computadora\projectMachXO2\lcd01\lcd01\lcd01_lcd01.srr to D:\Sexto_Semestre\Arquitectura_Computadora\projectMachXO2\lcd01\lcd01\lcd01_lcd01.srf
Complete: Logic Synthesis on proj_1|lcd01
TCL script complete: "lcd01_lcd01_synplify.tcl"
exit status=0
exit status=0
Save changes for project:
D:\Sexto_Semestre\Arquitectura_Computadora\projectMachXO2\lcd01\lcd01\proj_1.prj
batch mode default:no
