
          Lattice Mapping Report File for Design Module 'topword00'


Design Information
------------------

Command line:   map -a MachXO2 -p LCMXO2-7000HE -t TQFP144 -s 4 -oc Commercial
     word00_word00.ngd -o word00_word00_map.ncd -pr word00_word00.prf -mp
     word00_word00.mrp -lpf D:/Sexto_Semestre/Arquitectura_Computadora/projectMa
     chXO2/word00/word00/word00_word00_synplify.lpf -lpf D:/Sexto_Semestre/Arqui
     tectura_Computadora/projectMachXO2/word00/word00.lpf -c 0 -gui 
Target Vendor:  LATTICE
Target Device:  LCMXO2-7000HETQFP144
Target Performance:   4
Mapper:  xo2c00,  version:  Diamond (64-bit) 3.10.0.111.2
Mapped on:  03/03/19  16:19:06

Design Summary
--------------

   Number of registers:     33 out of  7209 (0%)
      PFU registers:           33 out of  6864 (0%)
      PIO registers:            0 out of   345 (0%)
   Number of SLICEs:        41 out of  3432 (1%)
      SLICEs as Logic/ROM:     41 out of  3432 (1%)
      SLICEs as RAM:            0 out of  2574 (0%)
      SLICEs as Carry:         11 out of  3432 (0%)
   Number of LUT4s:         82 out of  6864 (1%)
      Number used as logic LUTs:         60
      Number used as distributed RAM:     0
      Number used as ripple logic:       22
      Number used as shift registers:     0
   Number of PIO sites used: 21 + 4(JTAG) out of 115 (22%)
   Number of block RAMs:  0 out of 26 (0%)
   Number of GSRs:  0 out of 1 (0%)
   EFB used :       No
   JTAG used :      No
   Readback used :  No
   Oscillator used :  Yes
   Startup used :   No
   POR :            On
   Bandgap :        On
   Number of Power Controller:  0 out of 1 (0%)
   Number of Dynamic Bank Controller (BCINRD):  0 out of 6 (0%)
   Number of Dynamic Bank Controller (BCLVDSO):  0 out of 1 (0%)
   Number of DCCA:  0 out of 8 (0%)
   Number of DCMA:  0 out of 2 (0%)
   Number of PLLs:  0 out of 2 (0%)
   Number of DQSDLLs:  0 out of 2 (0%)
   Number of CLKDIVC:  0 out of 4 (0%)
   Number of ECLKSYNCA:  0 out of 4 (0%)
   Number of ECLKBRIDGECS:  0 out of 2 (0%)
   Notes:-
      1. Total number of LUT4s = (Number of logic LUT4s) + 2*(Number of
     distributed RAMs) + 2*(Number of ripple logic)
      2. Number of logic LUT4s does not include count of distributed RAM and
     ripple logic.
   Number of clocks:  1
     Net WD00.sclk_0: 18 loads, 18 rising, 0 falling (Driver: WD00/OS00/OSCInst0
     )
   Number of Clock Enables:  1

                                    Page 1




Design:  topword00                                     Date:  03/03/19  16:19:06

Design Summary (cont)
---------------------
     Net un1_outdiv_0_sqmuxa_1_4_RNI6EB01: 6 loads, 6 LSLICEs
   Number of LSRs:  2
     Net un1_outdiv_0_sqmuxa_1_4_RNIDGFB1: 6 loads, 6 LSLICEs
     Net WD00/OS01/un1_sdiv69_4_RNIOL1U: 11 loads, 11 LSLICEs
   Number of nets driven by tri-state buffers:  0
   Top 10 highest fanout non-clock nets:
     Net WD00/OS01/un1_sdiv69_4_RNIOL1U: 11 loads
     Net outtransistor00_c[0]: 9 loads
     Net WD00/OS01/sdiv[20]: 8 loads
     Net cdiv00_c[4]: 7 loads
     Net outtransistor00_c[3]: 7 loads
     Net cdiv00_c[0]: 6 loads
     Net un1_outdiv_0_sqmuxa_1_4_RNI6EB01: 6 loads
     Net un1_outdiv_0_sqmuxa_1_4_RNIDGFB1: 6 loads
     Net WD00/OS01/sdiv[18]: 6 loads
     Net WD00/OS01/sdiv[19]: 6 loads




   Number of warnings:  0
   Number of errors:    0
     

Design Errors/Warnings
----------------------

   No errors or warnings present.

IO (PIO) Attributes
-------------------

+---------------------+-----------+-----------+------------+
| IO Name             | Direction | Levelmode | IO         |
|                     |           |  IO_TYPE  | Register   |
+---------------------+-----------+-----------+------------+
| outcoder00[0]       | OUTPUT    | LVCMOS25  |            |
+---------------------+-----------+-----------+------------+
| cdiv00[0]           | INPUT     | LVCMOS25  |            |
+---------------------+-----------+-----------+------------+
| outtransistor00[5]  | OUTPUT    | LVCMOS25  |            |
+---------------------+-----------+-----------+------------+
| outtransistor00[4]  | OUTPUT    | LVCMOS25  |            |
+---------------------+-----------+-----------+------------+
| outtransistor00[3]  | OUTPUT    | LVCMOS25  |            |
+---------------------+-----------+-----------+------------+
| outtransistor00[2]  | OUTPUT    | LVCMOS25  |            |
+---------------------+-----------+-----------+------------+
| outtransistor00[1]  | OUTPUT    | LVCMOS25  |            |
+---------------------+-----------+-----------+------------+
| outtransistor00[0]  | OUTPUT    | LVCMOS25  |            |
+---------------------+-----------+-----------+------------+
| clk00               | OUTPUT    | LVCMOS25  |            |
+---------------------+-----------+-----------+------------+
| outcoder00[7]       | OUTPUT    | LVCMOS25  |            |
+---------------------+-----------+-----------+------------+

                                    Page 2




Design:  topword00                                     Date:  03/03/19  16:19:06

IO (PIO) Attributes (cont)
--------------------------
| outcoder00[6]       | OUTPUT    | LVCMOS25  |            |
+---------------------+-----------+-----------+------------+
| outcoder00[5]       | OUTPUT    | LVCMOS25  |            |
+---------------------+-----------+-----------+------------+
| outcoder00[4]       | OUTPUT    | LVCMOS25  |            |
+---------------------+-----------+-----------+------------+
| outcoder00[3]       | OUTPUT    | LVCMOS25  |            |
+---------------------+-----------+-----------+------------+
| outcoder00[2]       | OUTPUT    | LVCMOS25  |            |
+---------------------+-----------+-----------+------------+
| outcoder00[1]       | OUTPUT    | LVCMOS25  |            |
+---------------------+-----------+-----------+------------+
| en                  | INPUT     | LVCMOS25  |            |
+---------------------+-----------+-----------+------------+
| cdiv00[4]           | INPUT     | LVCMOS25  |            |
+---------------------+-----------+-----------+------------+
| cdiv00[3]           | INPUT     | LVCMOS25  |            |
+---------------------+-----------+-----------+------------+
| cdiv00[2]           | INPUT     | LVCMOS25  |            |
+---------------------+-----------+-----------+------------+
| cdiv00[1]           | INPUT     | LVCMOS25  |            |
+---------------------+-----------+-----------+------------+

Removed logic
-------------

Block VCC undriven or does not drive anything - clipped.
Block GSR_INST undriven or does not drive anything - clipped.
Block GND undriven or does not drive anything - clipped.
Block WD00/GND undriven or does not drive anything - clipped.
Block WD00/VCC undriven or does not drive anything - clipped.
Block WD00/OS00/VCC undriven or does not drive anything - clipped.
Block WD00/OS01/VCC undriven or does not drive anything - clipped.
Block WD01/GND undriven or does not drive anything - clipped.
Block WD01/VCC undriven or does not drive anything - clipped.
Block WD02/VCC undriven or does not drive anything - clipped.
Block WD02/GND undriven or does not drive anything - clipped.
Signal WD00/OS00/GND undriven or does not drive anything - clipped.
Signal WD00/OS01/GND undriven or does not drive anything - clipped.
Signal VCC undriven or does not drive anything - clipped.
Signal WD00/OS00/OSCInst0_SEDSTDBY undriven or does not drive anything -
     clipped.
Signal WD00/OS01/un1_sdiv_cry_19_0_COUT undriven or does not drive anything -
     clipped.
Signal WD00/OS01/un1_sdiv_cry_0_0_S0 undriven or does not drive anything -
     clipped.
Signal WD00/OS01/N_1 undriven or does not drive anything - clipped.
Block WD00/OS00/GND was optimized away.
Block WD00/OS01/GND was optimized away.

Memory Usage
------------


     


                                    Page 3




Design:  topword00                                     Date:  03/03/19  16:19:06

OSC Summary
-----------

OSC 1:                                     Pin/Node Value
  OSC Instance Name:                                WD00/OS00/OSCInst0
  OSC Type:                                         OSCH
  STDBY Input:                                      NONE
  OSC Output:                              NODE     WD00.sclk_0
  OSC Nominal Frequency (MHz):                      2.08

ASIC Components
---------------

Instance Name: WD00/OS00/OSCInst0
         Type: OSCH

Run Time and Memory Usage
-------------------------

   Total CPU Time: 0 secs  
   Total REAL Time: 0 secs  
   Peak Memory Usage: 55 MB
        




































                                    Page 4


Copyright (c) 1991-1994 by NeoCAD Inc. All rights reserved.
     Copyright (c) 1995 AT&T Corp.   All rights reserved.
     Copyright (c) 1995-2001 Lucent Technologies Inc.  All rights reserved.
     Copyright (c) 2001 Agere Systems   All rights reserved.
     Copyright (c) 2002-2017 Lattice Semiconductor Corporation,  All rights
     reserved.
