
        Lattice Mapping Report File for Design Module 'pruebaDisplay'


Design Information
------------------

Command line:   map -a MachXO2 -p LCMXO2-7000HE -t TQFP144 -s 5 -oc Commercial
     pruebaDisplay_pruebaDisplay.ngd -o pruebaDisplay_pruebaDisplay_map.ncd -pr
     pruebaDisplay_pruebaDisplay.prf -mp pruebaDisplay_pruebaDisplay.mrp -lpf D:
     /Sexto_Semestre/Arquitectura_Computadora/projectMachXO2/prueba_Display/prue
     baDisplay/pruebaDisplay_pruebaDisplay_synplify.lpf -lpf D:/Sexto_Semestre/A
     rquitectura_Computadora/projectMachXO2/prueba_Display/pruebaDisplay.lpf -c
     0 -gui -msgset D:/Sexto_Semestre/Arquitectura_Computadora/projectMachXO2/pr
     ueba_Display/promote.xml 
Target Vendor:  LATTICE
Target Device:  LCMXO2-7000HETQFP144
Target Performance:   5
Mapper:  xo2c00,  version:  Diamond (64-bit) 3.10.0.111.2
Mapped on:  03/03/19  13:43:33

Design Summary
--------------

   Number of registers:      0 out of  7209 (0%)
      PFU registers:            0 out of  6864 (0%)
      PIO registers:            0 out of   345 (0%)
   Number of SLICEs:         2 out of  3432 (0%)
      SLICEs as Logic/ROM:      2 out of  3432 (0%)
      SLICEs as RAM:            0 out of  2574 (0%)
      SLICEs as Carry:          0 out of  3432 (0%)
   Number of LUT4s:          2 out of  6864 (0%)
      Number used as logic LUTs:          2
      Number used as distributed RAM:     0
      Number used as ripple logic:        0
      Number used as shift registers:     0
   Number of PIO sites used: 8 + 4(JTAG) out of 115 (10%)
   Number of block RAMs:  0 out of 26 (0%)
   Number of GSRs:  0 out of 1 (0%)
   EFB used :       No
   JTAG used :      No
   Readback used :  No
   Oscillator used :  No
   Startup used :   No
   POR :            On
   Bandgap :        On
   Number of Power Controller:  0 out of 1 (0%)
   Number of Dynamic Bank Controller (BCINRD):  0 out of 6 (0%)
   Number of Dynamic Bank Controller (BCLVDSO):  0 out of 1 (0%)
   Number of DCCA:  0 out of 8 (0%)
   Number of DCMA:  0 out of 2 (0%)
   Number of PLLs:  0 out of 2 (0%)
   Number of DQSDLLs:  0 out of 2 (0%)
   Number of CLKDIVC:  0 out of 4 (0%)
   Number of ECLKSYNCA:  0 out of 4 (0%)
   Number of ECLKBRIDGECS:  0 out of 2 (0%)
   Notes:-
      1. Total number of LUT4s = (Number of logic LUT4s) + 2*(Number of
     distributed RAMs) + 2*(Number of ripple logic)
      2. Number of logic LUT4s does not include count of distributed RAM and
     ripple logic.
   Number of clocks:  0

                                    Page 1




Design:  pruebaDisplay                                 Date:  03/03/19  13:43:33

Design Summary (cont)
---------------------
   Number of Clock Enables:  0
   Number of LSRs:  0
   Number of nets driven by tri-state buffers:  0
   Top 10 highest fanout non-clock nets:
     Net VCC: 1 loads




   Number of warnings:  0
   Number of errors:    0
     

Design Errors/Warnings
----------------------

   No errors or warnings present.

IO (PIO) Attributes
-------------------

+---------------------+-----------+-----------+------------+
| IO Name             | Direction | Levelmode | IO         |
|                     |           |  IO_TYPE  | Register   |
+---------------------+-----------+-----------+------------+
| A                   | OUTPUT    | LVCMOS25  |            |
+---------------------+-----------+-----------+------------+
| P                   | OUTPUT    | LVCMOS25  |            |
+---------------------+-----------+-----------+------------+
| G                   | OUTPUT    | LVCMOS25  |            |
+---------------------+-----------+-----------+------------+
| F                   | OUTPUT    | LVCMOS25  |            |
+---------------------+-----------+-----------+------------+
| E                   | OUTPUT    | LVCMOS25  |            |
+---------------------+-----------+-----------+------------+
| D                   | OUTPUT    | LVCMOS25  |            |
+---------------------+-----------+-----------+------------+
| C                   | OUTPUT    | LVCMOS25  |            |
+---------------------+-----------+-----------+------------+
| B                   | OUTPUT    | LVCMOS25  |            |
+---------------------+-----------+-----------+------------+

Removed logic
-------------

Block GSR_INST undriven or does not drive anything - clipped.

Memory Usage
------------


     





                                    Page 2




Design:  pruebaDisplay                                 Date:  03/03/19  13:43:33

Run Time and Memory Usage
-------------------------

   Total CPU Time: 0 secs  
   Total REAL Time: 0 secs  
   Peak Memory Usage: 54 MB
        




















































                                    Page 3


Copyright (c) 1991-1994 by NeoCAD Inc. All rights reserved.
     Copyright (c) 1995 AT&T Corp.   All rights reserved.
     Copyright (c) 1995-2001 Lucent Technologies Inc.  All rights reserved.
     Copyright (c) 2001 Agere Systems   All rights reserved.
     Copyright (c) 2002-2017 Lattice Semiconductor Corporation,  All rights
     reserved.
