
synpwrap -msg -prj "ram01_ram01_synplify.tcl" -log "ram01_ram01.srf"
Copyright (C) 1992-2017 Lattice Semiconductor Corporation. All rights reserved.
Lattice Diamond Version 3.10.0.111.2
    <postMsg mid="2011000" type="Info"    dynamic="0" navigation="0"  />

==contents of ram01_ram01.srf
#Build: Synplify Pro (R) M-2017.03L-SP1-1, Build 086R, Aug  4 2017
#install: C:\lscc\diamond\3.10_x64\synpbase
#OS: Windows 7 6.1
#Hostname: VICTOR-PC

# Sun Mar 24 19:08:06 2019

#Implementation: ram01

Synopsys HDL Compiler, version comp2017q2p1, Build 190R, built Aug  4 2017
@N|Running in 64-bit mode
Copyright (C) 1994-2017 Synopsys, Inc. This Synopsys software and all associated documentation are proprietary to Synopsys, Inc. and may only be used pursuant to the terms and conditions of a written license agreement with Synopsys, Inc. All other use, reproduction, modification, or distribution of the Synopsys software or the associated documentation is strictly prohibited.

Synopsys VHDL Compiler, version comp2017q2p1, Build 190R, built Aug  4 2017
@N|Running in 64-bit mode
Copyright (C) 1994-2017 Synopsys, Inc. This Synopsys software and all associated documentation are proprietary to Synopsys, Inc. and may only be used pursuant to the terms and conditions of a written license agreement with Synopsys, Inc. All other use, reproduction, modification, or distribution of the Synopsys software or the associated documentation is strictly prohibited.

@N: CD720 :"C:\lscc\diamond\3.10_x64\synpbase\lib\vhd\std.vhd":123:18:123:21|Setting time resolution to ps
@N:"D:\Sexto_Semestre\Arquitectura_Computadora\projectMachXO2\ram01\topram00.vhd":7:7:7:14|Top entity is set to topram00.
File C:\lscc\diamond\3.10_x64\synpbase\lib\cpld\lattice.vhd changed - recompiling
File D:\Sexto_Semestre\Arquitectura_Computadora\projectMachXO2\ram01\ram01\source\osc00.vhdl changed - recompiling
File D:\Sexto_Semestre\Arquitectura_Computadora\projectMachXO2\ram01\ram01\source\packagediv00.vhdl changed - recompiling
File D:\Sexto_Semestre\Arquitectura_Computadora\projectMachXO2\ram01\ram01\source\contring00.vhd changed - recompiling
File D:\Sexto_Semestre\Arquitectura_Computadora\projectMachXO2\ram01\ram01\source\coder00.vhdl changed - recompiling
File D:\Sexto_Semestre\Arquitectura_Computadora\projectMachXO2\ram01\ram00.vhd changed - recompiling
File D:\Sexto_Semestre\Arquitectura_Computadora\projectMachXO2\ram01\mux00.vhd changed - recompiling
File D:\Sexto_Semestre\Arquitectura_Computadora\projectMachXO2\ram01\contRead00.vhd changed - recompiling
File D:\Sexto_Semestre\Arquitectura_Computadora\projectMachXO2\ram01\packageram00.vhd changed - recompiling
File D:\Sexto_Semestre\Arquitectura_Computadora\projectMachXO2\ram01\ram01\source\topdiv00.vhdl changed - recompiling
File D:\Sexto_Semestre\Arquitectura_Computadora\projectMachXO2\ram01\topram00.vhd changed - recompiling
VHDL syntax check successful!
File D:\Sexto_Semestre\Arquitectura_Computadora\projectMachXO2\ram01\ram00.vhd changed - recompiling
File D:\Sexto_Semestre\Arquitectura_Computadora\projectMachXO2\ram01\contRead00.vhd changed - recompiling
@N: CD630 :"D:\Sexto_Semestre\Arquitectura_Computadora\projectMachXO2\ram01\topram00.vhd":7:7:7:14|Synthesizing work.topram00.topram0.
@N: CD630 :"D:\Sexto_Semestre\Arquitectura_Computadora\projectMachXO2\ram01\contRead00.vhd":8:7:8:16|Synthesizing work.contread00.contread0.
@N: CD364 :"D:\Sexto_Semestre\Arquitectura_Computadora\projectMachXO2\ram01\contRead00.vhd":33:6:33:14|Removing redundant assignment.
Post processing for work.contread00.contread0
@N: CD630 :"D:\Sexto_Semestre\Arquitectura_Computadora\projectMachXO2\ram01\mux00.vhd":6:7:6:11|Synthesizing work.mux00.mux0.
Post processing for work.mux00.mux0
@N: CD630 :"D:\Sexto_Semestre\Arquitectura_Computadora\projectMachXO2\ram01\ram00.vhd":8:7:8:11|Synthesizing work.ram00.ram0.
Post processing for work.ram00.ram0
@N: CL134 :"D:\Sexto_Semestre\Arquitectura_Computadora\projectMachXO2\ram01\ram00.vhd":22:8:22:14|Found RAM wordram, depth=64, width=8
@N: CD630 :"D:\Sexto_Semestre\Arquitectura_Computadora\projectMachXO2\ram01\ram01\source\coder00.vhdl":8:7:8:13|Synthesizing work.coder00.coder0.
@N: CD364 :"D:\Sexto_Semestre\Arquitectura_Computadora\projectMachXO2\ram01\ram01\source\coder00.vhdl":56:10:56:17|Removing redundant assignment.
@N: CD364 :"D:\Sexto_Semestre\Arquitectura_Computadora\projectMachXO2\ram01\ram01\source\coder00.vhdl":121:10:121:17|Removing redundant assignment.
@N: CD364 :"D:\Sexto_Semestre\Arquitectura_Computadora\projectMachXO2\ram01\ram01\source\coder00.vhdl":184:10:184:17|Removing redundant assignment.
@N: CD364 :"D:\Sexto_Semestre\Arquitectura_Computadora\projectMachXO2\ram01\ram01\source\coder00.vhdl":246:10:246:17|Removing redundant assignment.
Post processing for work.coder00.coder0
@N: CD630 :"D:\Sexto_Semestre\Arquitectura_Computadora\projectMachXO2\ram01\ram01\source\contring00.vhd":6:7:6:16|Synthesizing work.contring00.contring0.
Post processing for work.contring00.contring0
@W: CL279 :"D:\Sexto_Semestre\Arquitectura_Computadora\projectMachXO2\ram01\ram01\source\contring00.vhd":19:2:19:3|Pruning register bits 4 to 1 of scont(4 downto 0). If this is not the intended behavior, drive the inputs with valid values, or inputs from the top level.
@N: CD630 :"D:\Sexto_Semestre\Arquitectura_Computadora\projectMachXO2\ram01\ram01\source\topdiv00.vhdl":7:7:7:14|Synthesizing work.topdiv00.topdiv0.
@N: CD630 :"D:\Sexto_Semestre\Arquitectura_Computadora\projectMachXO2\ram01\ram01\source\div00.vhdl":9:7:9:11|Synthesizing work.div00.div0.
@N: CD364 :"D:\Sexto_Semestre\Arquitectura_Computadora\projectMachXO2\ram01\ram01\source\div00.vhdl":32:6:32:11|Removing redundant assignment.
@N: CD364 :"D:\Sexto_Semestre\Arquitectura_Computadora\projectMachXO2\ram01\ram01\source\div00.vhdl":40:6:40:11|Removing redundant assignment.
@N: CD364 :"D:\Sexto_Semestre\Arquitectura_Computadora\projectMachXO2\ram01\ram01\source\div00.vhdl":48:6:48:11|Removing redundant assignment.
@N: CD364 :"D:\Sexto_Semestre\Arquitectura_Computadora\projectMachXO2\ram01\ram01\source\div00.vhdl":56:6:56:11|Removing redundant assignment.
@N: CD364 :"D:\Sexto_Semestre\Arquitectura_Computadora\projectMachXO2\ram01\ram01\source\div00.vhdl":64:6:64:11|Removing redundant assignment.
@N: CD364 :"D:\Sexto_Semestre\Arquitectura_Computadora\projectMachXO2\ram01\ram01\source\div00.vhdl":72:6:72:11|Removing redundant assignment.
@N: CD364 :"D:\Sexto_Semestre\Arquitectura_Computadora\projectMachXO2\ram01\ram01\source\div00.vhdl":80:6:80:11|Removing redundant assignment.
@N: CD364 :"D:\Sexto_Semestre\Arquitectura_Computadora\projectMachXO2\ram01\ram01\source\div00.vhdl":88:6:88:11|Removing redundant assignment.
Post processing for work.div00.div0
@N: CD630 :"D:\Sexto_Semestre\Arquitectura_Computadora\projectMachXO2\ram01\ram01\source\osc00.vhdl":7:7:7:11|Synthesizing work.osc00.osc0.
@W: CD276 :"C:\lscc\diamond\3.10_x64\cae_library\synthesis\vhdl\machxo2.vhd":2297:8:2297:15|Map for port sedstdby of component osch not found
@N: CD630 :"C:\lscc\diamond\3.10_x64\cae_library\synthesis\vhdl\machxo2.vhd":2291:10:2291:13|Synthesizing work.osch.syn_black_box.
Post processing for work.osch.syn_black_box
Post processing for work.osc00.osc0
Post processing for work.topdiv00.topdiv0
Post processing for work.topram00.topram0
@N: CL189 :"D:\Sexto_Semestre\Arquitectura_Computadora\projectMachXO2\ram01\ram01\source\coder00.vhdl":30:2:30:3|Register bit vout(0) is always 1.
@W: CL260 :"D:\Sexto_Semestre\Arquitectura_Computadora\projectMachXO2\ram01\ram01\source\coder00.vhdl":30:2:30:3|Pruning register bit 0 of vout(7 downto 0). If this is not the intended behavior, drive the input with valid values, or an input from the top level.

At c_vhdl Exit (Real Time elapsed 0h:00m:00s; CPU Time elapsed 0h:00m:00s; Memory used current: 77MB peak: 80MB)

Process took 0h:00m:01s realtime, 0h:00m:01s cputime

Process completed successfully.
# Sun Mar 24 19:08:06 2019

###########################################################]
Synopsys Netlist Linker, version comp2017q2p1, Build 190R, built Aug  4 2017
@N|Running in 64-bit mode
File D:\Sexto_Semestre\Arquitectura_Computadora\projectMachXO2\ram01\ram01\synwork\layer0.srs changed - recompiling

At syn_nfilter Exit (Real Time elapsed 0h:00m:00s; CPU Time elapsed 0h:00m:00s; Memory used current: 67MB peak: 68MB)

Process took 0h:00m:01s realtime, 0h:00m:01s cputime

Process completed successfully.
# Sun Mar 24 19:08:07 2019

###########################################################]
@END

At c_hdl Exit (Real Time elapsed 0h:00m:00s; CPU Time elapsed 0h:00m:00s; Memory used current: 3MB peak: 4MB)

Process took 0h:00m:01s realtime, 0h:00m:01s cputime

Process completed successfully.
# Sun Mar 24 19:08:07 2019

###########################################################]
Synopsys Netlist Linker, version comp2017q2p1, Build 190R, built Aug  4 2017
@N|Running in 64-bit mode
File D:\Sexto_Semestre\Arquitectura_Computadora\projectMachXO2\ram01\ram01\synwork\ram01_ram01_comp.srs changed - recompiling

At syn_nfilter Exit (Real Time elapsed 0h:00m:00s; CPU Time elapsed 0h:00m:00s; Memory used current: 68MB peak: 68MB)

Process took 0h:00m:01s realtime, 0h:00m:01s cputime

Process completed successfully.
# Sun Mar 24 19:08:08 2019

###########################################################]
Pre-mapping Report

# Sun Mar 24 19:08:08 2019

Synopsys Lattice Technology Pre-mapping, Version maplat, Build 1796R, Built Aug  4 2017 11:10:16
Copyright (C) 1994-2017 Synopsys, Inc. This Synopsys software and all associated documentation are proprietary to Synopsys, Inc. and may only be used pursuant to the terms and conditions of a written license agreement with Synopsys, Inc. All other use, reproduction, modification, or distribution of the Synopsys software or the associated documentation is strictly prohibited.
Product Version M-2017.03L-SP1-1

Mapper Startup Complete (Real Time elapsed 0h:00m:00s; CPU Time elapsed 0h:00m:00s; Memory used current: 99MB peak: 100MB)

@A: MF827 |No constraint file specified.
@L: D:\Sexto_Semestre\Arquitectura_Computadora\projectMachXO2\ram01\ram01\ram01_ram01_scck.rpt 
Printing clock  summary report in "D:\Sexto_Semestre\Arquitectura_Computadora\projectMachXO2\ram01\ram01\ram01_ram01_scck.rpt" file 
@N: MF248 |Running in 64-bit mode.
@N: MF666 |Clock conversion enabled. (Command "set_option -fix_gated_and_generated_clocks 1" in the project file.)

Design Input Complete (Real Time elapsed 0h:00m:00s; CPU Time elapsed 0h:00m:00s; Memory used current: 100MB peak: 103MB)


Mapper Initialization Complete (Real Time elapsed 0h:00m:00s; CPU Time elapsed 0h:00m:00s; Memory used current: 100MB peak: 103MB)


Start loading timing files (Real Time elapsed 0h:00m:00s; CPU Time elapsed 0h:00m:00s; Memory used current: 112MB peak: 113MB)


Finished loading timing files (Real Time elapsed 0h:00m:00s; CPU Time elapsed 0h:00m:00s; Memory used current: 112MB peak: 115MB)

@W: FX474 |User-specified initial value defined for some sequential elements which can prevent optimum synthesis results from being achieved. 
ICG Latch Removal Summary:
Number of ICG latches removed:	0
Number of ICG latches not removed:	0
syn_allowed_resources : blockrams=26  set on top level netlist topram00

Finished netlist restructuring (Real Time elapsed 0h:00m:00s; CPU Time elapsed 0h:00m:00s; Memory used current: 140MB peak: 142MB)



Clock Summary
******************

          Start                            Requested     Requested     Clock                                           Clock                   Clock
Level     Clock                            Frequency     Period        Type                                            Group                   Load 
----------------------------------------------------------------------------------------------------------------------------------------------------
0 -       osc00|osc_int_inferred_clock     2.1 MHz       480.769       inferred                                        Inferred_clkgroup_0     22   
1 .         div00|outdiv_derived_clock     2.1 MHz       480.769       derived (from osc00|osc_int_inferred_clock)     Inferred_clkgroup_0     53   
====================================================================================================================================================

@W: MT529 :"d:\sexto_semestre\arquitectura_computadora\projectmachxo2\ram01\ram01\source\div00.vhdl":24:2:24:3|Found inferred clock osc00|osc_int_inferred_clock which controls 22 sequential elements including RA00.OS01.sdiv[20:0]. This clock has no specified timing constraint which may prevent conversion of gated or generated clocks and may adversely impact design performance. 

Finished Pre Mapping Phase.

Starting constraint checker (Real Time elapsed 0h:00m:00s; CPU Time elapsed 0h:00m:00s; Memory used current: 140MB peak: 142MB)


Finished constraint checker preprocessing (Real Time elapsed 0h:00m:00s; CPU Time elapsed 0h:00m:00s; Memory used current: 140MB peak: 142MB)

None
None

Finished constraint checker (Real Time elapsed 0h:00m:00s; CPU Time elapsed 0h:00m:00s; Memory used current: 140MB peak: 142MB)

Pre-mapping successful!

At Mapper Exit (Real Time elapsed 0h:00m:00s; CPU Time elapsed 0h:00m:00s; Memory used current: 56MB peak: 142MB)

Process took 0h:00m:01s realtime, 0h:00m:01s cputime
# Sun Mar 24 19:08:09 2019

###########################################################]
Map & Optimize Report

# Sun Mar 24 19:08:09 2019

Synopsys Lattice Technology Mapper, Version maplat, Build 1796R, Built Aug  4 2017 11:10:16
Copyright (C) 1994-2017 Synopsys, Inc. This Synopsys software and all associated documentation are proprietary to Synopsys, Inc. and may only be used pursuant to the terms and conditions of a written license agreement with Synopsys, Inc. All other use, reproduction, modification, or distribution of the Synopsys software or the associated documentation is strictly prohibited.
Product Version M-2017.03L-SP1-1

Mapper Startup Complete (Real Time elapsed 0h:00m:00s; CPU Time elapsed 0h:00m:00s; Memory used current: 99MB peak: 99MB)

@N: MF248 |Running in 64-bit mode.
@N: MF666 |Clock conversion enabled. (Command "set_option -fix_gated_and_generated_clocks 1" in the project file.)

Design Input Complete (Real Time elapsed 0h:00m:00s; CPU Time elapsed 0h:00m:00s; Memory used current: 98MB peak: 100MB)


Mapper Initialization Complete (Real Time elapsed 0h:00m:00s; CPU Time elapsed 0h:00m:00s; Memory used current: 98MB peak: 100MB)


Start loading timing files (Real Time elapsed 0h:00m:00s; CPU Time elapsed 0h:00m:00s; Memory used current: 111MB peak: 112MB)


Finished loading timing files (Real Time elapsed 0h:00m:00s; CPU Time elapsed 0h:00m:00s; Memory used current: 111MB peak: 114MB)



Starting Optimization and Mapping (Real Time elapsed 0h:00m:00s; CPU Time elapsed 0h:00m:00s; Memory used current: 139MB peak: 142MB)


Available hyper_sources - for debug and ip models
	None Found


Finished RTL optimizations (Real Time elapsed 0h:00m:00s; CPU Time elapsed 0h:00m:00s; Memory used current: 139MB peak: 142MB)


Starting factoring (Real Time elapsed 0h:00m:00s; CPU Time elapsed 0h:00m:00s; Memory used current: 140MB peak: 142MB)


Finished factoring (Real Time elapsed 0h:00m:00s; CPU Time elapsed 0h:00m:00s; Memory used current: 144MB peak: 145MB)


Starting gated-clock and generated-clock conversion (Real Time elapsed 0h:00m:00s; CPU Time elapsed 0h:00m:00s; Memory used current: 143MB peak: 145MB)


Finished gated-clock and generated-clock conversion (Real Time elapsed 0h:00m:00s; CPU Time elapsed 0h:00m:00s; Memory used current: 143MB peak: 145MB)


Finished generic timing optimizations - Pass 1 (Real Time elapsed 0h:00m:00s; CPU Time elapsed 0h:00m:00s; Memory used current: 145MB peak: 145MB)


Starting Early Timing Optimization (Real Time elapsed 0h:00m:00s; CPU Time elapsed 0h:00m:00s; Memory used current: 145MB peak: 146MB)


Finished Early Timing Optimization (Real Time elapsed 0h:00m:01s; CPU Time elapsed 0h:00m:01s; Memory used current: 145MB peak: 146MB)


Finished generic timing optimizations - Pass 2 (Real Time elapsed 0h:00m:01s; CPU Time elapsed 0h:00m:01s; Memory used current: 145MB peak: 146MB)


Finished preparing to map (Real Time elapsed 0h:00m:01s; CPU Time elapsed 0h:00m:01s; Memory used current: 145MB peak: 146MB)


Finished technology mapping (Real Time elapsed 0h:00m:01s; CPU Time elapsed 0h:00m:01s; Memory used current: 167MB peak: 169MB)

Pass		 CPU time		Worst Slack		Luts / Registers
------------------------------------------------------------
   1		0h:00m:01s		   469.00ns		 213 /        67

Finished technology timing optimizations and critical path resynthesis (Real Time elapsed 0h:00m:01s; CPU Time elapsed 0h:00m:01s; Memory used current: 167MB peak: 169MB)

@N: FX164 |The option to pack registers in the IOB has not been specified. Please set syn_useioff attribute.  
@N: FO126 :"d:\sexto_semestre\arquitectura_computadora\projectmachxo2\ram01\ram00.vhd":22:8:22:14|Generating RAM RA03.wordram[7:0]
@A: BN291 :"d:\sexto_semestre\arquitectura_computadora\projectmachxo2\ram01\ram01\source\contring00.vhd":19:2:19:3|Boundary register RA01.outr_4_.fb (in view: work.topram00(topram0)) is packed into a complex cell. To disable register packing, set syn_keep=1 on the net between the register and the complex cell. 
@A: BN291 :"d:\sexto_semestre\arquitectura_computadora\projectmachxo2\ram01\ram01\source\contring00.vhd":19:2:19:3|Boundary register RA01.outr_3_.fb (in view: work.topram00(topram0)) is packed into a complex cell. To disable register packing, set syn_keep=1 on the net between the register and the complex cell. 
@A: BN291 :"d:\sexto_semestre\arquitectura_computadora\projectmachxo2\ram01\ram01\source\contring00.vhd":19:2:19:3|Boundary register RA01.outr_2_.fb (in view: work.topram00(topram0)) is packed into a complex cell. To disable register packing, set syn_keep=1 on the net between the register and the complex cell. 
@A: BN291 :"d:\sexto_semestre\arquitectura_computadora\projectmachxo2\ram01\ram01\source\contring00.vhd":19:2:19:3|Boundary register RA01.outr_1_.fb (in view: work.topram00(topram0)) is packed into a complex cell. To disable register packing, set syn_keep=1 on the net between the register and the complex cell. 
@A: BN291 :"d:\sexto_semestre\arquitectura_computadora\projectmachxo2\ram01\ram01\source\contring00.vhd":19:2:19:3|Boundary register RA01.outr_0_.fb (in view: work.topram00(topram0)) is packed into a complex cell. To disable register packing, set syn_keep=1 on the net between the register and the complex cell. 
@A: BN291 :"d:\sexto_semestre\arquitectura_computadora\projectmachxo2\ram01\ram01\source\coder00.vhdl":30:2:30:3|Boundary register RA02.outcontc_0_.fb (in view: work.topram00(topram0)) is packed into a complex cell. To disable register packing, set syn_keep=1 on the net between the register and the complex cell. 
@A: BN291 :"d:\sexto_semestre\arquitectura_computadora\projectmachxo2\ram01\ram01\source\coder00.vhdl":30:2:30:3|Boundary register RA02.outcontc_1_.fb (in view: work.topram00(topram0)) is packed into a complex cell. To disable register packing, set syn_keep=1 on the net between the register and the complex cell. 
@A: BN291 :"d:\sexto_semestre\arquitectura_computadora\projectmachxo2\ram01\ram01\source\coder00.vhdl":30:2:30:3|Boundary register RA02.outcontc_2_.fb (in view: work.topram00(topram0)) is packed into a complex cell. To disable register packing, set syn_keep=1 on the net between the register and the complex cell. 
@A: BN291 :"d:\sexto_semestre\arquitectura_computadora\projectmachxo2\ram01\ram01\source\coder00.vhdl":30:2:30:3|Boundary register RA02.outcontc_3_.fb (in view: work.topram00(topram0)) is packed into a complex cell. To disable register packing, set syn_keep=1 on the net between the register and the complex cell. 
@A: BN291 :"d:\sexto_semestre\arquitectura_computadora\projectmachxo2\ram01\ram01\source\coder00.vhdl":30:2:30:3|Boundary register RA02.outcontc_4_.fb (in view: work.topram00(topram0)) is packed into a complex cell. To disable register packing, set syn_keep=1 on the net between the register and the complex cell. 
@A: BN291 :"d:\sexto_semestre\arquitectura_computadora\projectmachxo2\ram01\ram01\source\coder00.vhdl":30:2:30:3|Boundary register RA02.outcoderc_7_.fb (in view: work.topram00(topram0)) is packed into a complex cell. To disable register packing, set syn_keep=1 on the net between the register and the complex cell. 
@A: BN291 :"d:\sexto_semestre\arquitectura_computadora\projectmachxo2\ram01\ram01\source\coder00.vhdl":30:2:30:3|Boundary register RA02.outcoderc_6_.fb (in view: work.topram00(topram0)) is packed into a complex cell. To disable register packing, set syn_keep=1 on the net between the register and the complex cell. 
@A: BN291 :"d:\sexto_semestre\arquitectura_computadora\projectmachxo2\ram01\ram01\source\coder00.vhdl":30:2:30:3|Boundary register RA02.outcoderc_5_.fb (in view: work.topram00(topram0)) is packed into a complex cell. To disable register packing, set syn_keep=1 on the net between the register and the complex cell. 
@A: BN291 :"d:\sexto_semestre\arquitectura_computadora\projectmachxo2\ram01\ram01\source\coder00.vhdl":30:2:30:3|Boundary register RA02.outcoderc_4_.fb (in view: work.topram00(topram0)) is packed into a complex cell. To disable register packing, set syn_keep=1 on the net between the register and the complex cell. 
@A: BN291 :"d:\sexto_semestre\arquitectura_computadora\projectmachxo2\ram01\ram01\source\coder00.vhdl":30:2:30:3|Boundary register RA02.outcoderc_3_.fb (in view: work.topram00(topram0)) is packed into a complex cell. To disable register packing, set syn_keep=1 on the net between the register and the complex cell. 
@A: BN291 :"d:\sexto_semestre\arquitectura_computadora\projectmachxo2\ram01\ram01\source\coder00.vhdl":30:2:30:3|Boundary register RA02.outcoderc_2_.fb (in view: work.topram00(topram0)) is packed into a complex cell. To disable register packing, set syn_keep=1 on the net between the register and the complex cell. 
@A: BN291 :"d:\sexto_semestre\arquitectura_computadora\projectmachxo2\ram01\ram01\source\coder00.vhdl":30:2:30:3|Boundary register RA02.outcoderc_1_.fb (in view: work.topram00(topram0)) is packed into a complex cell. To disable register packing, set syn_keep=1 on the net between the register and the complex cell. 
@A: BN291 :"d:\sexto_semestre\arquitectura_computadora\projectmachxo2\ram01\ram01\source\coder00.vhdl":30:2:30:3|Boundary register RA02.outcoderc_0_.fb (in view: work.topram00(topram0)) is packed into a complex cell. To disable register packing, set syn_keep=1 on the net between the register and the complex cell. 

Finished restoring hierarchy (Real Time elapsed 0h:00m:01s; CPU Time elapsed 0h:00m:01s; Memory used current: 167MB peak: 169MB)



@S |Clock Optimization Summary


#### START OF CLOCK OPTIMIZATION REPORT #####[

0 non-gated/non-generated clock tree(s) driving 0 clock pin(s) of sequential element(s)
2 gated/generated clock tree(s) driving 70 clock pin(s) of sequential element(s)
0 instances converted, 70 sequential instances remain driven by gated/generated clocks

==================================================================================================== Gated/Generated Clocks =====================================================================================================
Clock Tree ID     Driving Element        Drive Element Type     Fanout     Sample Instance         Explanation                                                                                                                   
---------------------------------------------------------------------------------------------------------------------------------------------------------------------------------------------------------------------------------
@K:CKID0001       RA00.OS00.OSCInst0     OSCH                   66         RA02_outcodercio[0]     Gating structure creates improper gating logic. See the Gated Clocks description in the user guide for conversion requirements
@K:CKID0002       RA00.OS01.outdiv       FD1S3AX                4          RA03.wordram_ram        No gated clock conversion method for cell cell:LUCENT.DPR16X4C                                                                
=================================================================================================================================================================================================================================


##### END OF CLOCK OPTIMIZATION REPORT ######]


Start Writing Netlists (Real Time elapsed 0h:00m:01s; CPU Time elapsed 0h:00m:01s; Memory used current: 134MB peak: 169MB)

Writing Analyst data base D:\Sexto_Semestre\Arquitectura_Computadora\projectMachXO2\ram01\ram01\synwork\ram01_ram01_m.srm

Finished Writing Netlist Databases (Real Time elapsed 0h:00m:02s; CPU Time elapsed 0h:00m:02s; Memory used current: 166MB peak: 169MB)

Writing EDIF Netlist and constraint files
@N: FX1056 |Writing EDF file: D:\Sexto_Semestre\Arquitectura_Computadora\projectMachXO2\ram01\ram01\ram01_ram01.edi
M-2017.03L-SP1-1
@N: BW106 |Synplicity Constraint File capacitance units using default value of 1pF 

Finished Writing EDIF Netlist and constraint files (Real Time elapsed 0h:00m:02s; CPU Time elapsed 0h:00m:02s; Memory used current: 171MB peak: 172MB)


Start final timing analysis (Real Time elapsed 0h:00m:02s; CPU Time elapsed 0h:00m:02s; Memory used current: 171MB peak: 172MB)

@N: MT615 |Found clock div00|outdiv_derived_clock with period 480.77ns 
@W: MT420 |Found inferred clock osc00|osc_int_inferred_clock with period 480.77ns. Please declare a user-defined clock on object "n:RA00.OS00.osc_int"


##### START OF TIMING REPORT #####[
# Timing Report written on Sun Mar 24 19:08:12 2019
#


Top view:               topram00
Requested Frequency:    2.1 MHz
Wire load mode:         top
Paths requested:        5
Constraint File(s):    
@N: MT320 |This timing report is an estimate of place and route data. For final timing results, use the FPGA vendor place and route report.

@N: MT322 |Clock constraints include only register-to-register paths associated with each individual clock.



Performance Summary
*******************


Worst slack in design: 467.596

                                 Requested     Estimated     Requested     Estimated                 Clock                                           Clock              
Starting Clock                   Frequency     Frequency     Period        Period        Slack       Type                                            Group              
------------------------------------------------------------------------------------------------------------------------------------------------------------------------
div00|outdiv_derived_clock       2.1 MHz       440.8 MHz     480.769       2.269         479.269     derived (from osc00|osc_int_inferred_clock)     Inferred_clkgroup_0
osc00|osc_int_inferred_clock     2.1 MHz       75.9 MHz      480.769       13.174        467.596     inferred                                        Inferred_clkgroup_0
========================================================================================================================================================================





Clock Relationships
*******************

Clocks                                                      |    rise  to  rise     |    fall  to  fall   |    rise  to  fall   |    fall  to  rise 
----------------------------------------------------------------------------------------------------------------------------------------------------
Starting                      Ending                        |  constraint  slack    |  constraint  slack  |  constraint  slack  |  constraint  slack
----------------------------------------------------------------------------------------------------------------------------------------------------
osc00|osc_int_inferred_clock  osc00|osc_int_inferred_clock  |  480.769     467.596  |  No paths    -      |  No paths    -      |  No paths    -    
osc00|osc_int_inferred_clock  div00|outdiv_derived_clock    |  480.769     478.501  |  No paths    -      |  No paths    -      |  No paths    -    
div00|outdiv_derived_clock    osc00|osc_int_inferred_clock  |  480.769     479.269  |  No paths    -      |  No paths    -      |  No paths    -    
====================================================================================================================================================
 Note: 'No paths' indicates there are no paths in the design for that pair of clock edges.
       'Diff grp' indicates that paths exist but the starting clock and ending clock are in different clock groups.



Interface Information 
*********************

No IO constraint found



====================================
Detailed Report for Clock: div00|outdiv_derived_clock
====================================



Starting Points with Worst Slack
********************************

                       Starting                                                               Arrival            
Instance               Reference                      Type         Pin     Net                Time        Slack  
                       Clock                                                                                     
-----------------------------------------------------------------------------------------------------------------
RA03.wordram_ram       div00|outdiv_derived_clock     DPR16X4C     DO3     wordram_ram_2      0.972       479.269
RA03.wordram_ram_0     div00|outdiv_derived_clock     DPR16X4C     DO3     wordram_ram_6      0.972       479.269
RA03.wordram_ram_1     div00|outdiv_derived_clock     DPR16X4C     DO3     wordram_ram_10     0.972       479.269
RA03.wordram_ram_2     div00|outdiv_derived_clock     DPR16X4C     DO3     wordram_ram_14     0.972       479.269
=================================================================================================================


Ending Points with Worst Slack
******************************

                      Starting                                                          Required            
Instance              Reference                      Type        Pin     Net            Time         Slack  
                      Clock                                                                                 
------------------------------------------------------------------------------------------------------------
RA03.outwordra[3]     div00|outdiv_derived_clock     FD1P3JX     D       wordram[3]     480.858      479.269
RA03.outwordra[7]     div00|outdiv_derived_clock     FD1P3JX     D       wordram[7]     480.858      479.269
============================================================================================================



Worst Path Information
***********************


Path information for path number 1: 
      Requested Period:                      480.769
    - Setup time:                            -0.089
    + Clock delay at ending point:           0.000 (ideal)
    = Required time:                         480.858

    - Propagation time:                      1.589
    - Clock delay at starting point:         0.000 (ideal)
    = Slack (non-critical) :                 479.269

    Number of logic level(s):                1
    Starting point:                          RA03.wordram_ram / DO3
    Ending point:                            RA03.outwordra[3] / D
    The start point is clocked by            div00|outdiv_derived_clock [rising] on pin WCK
    The end   point is clocked by            osc00|osc_int_inferred_clock [rising] on pin CK

Instance / Net                         Pin      Pin               Arrival     No. of    
Name                      Type         Name     Dir     Delay     Time        Fan Out(s)
----------------------------------------------------------------------------------------
RA03.wordram_ram          DPR16X4C     DO3      Out     0.972     0.972       -         
wordram_ram_2             Net          -        -       -         -           1         
RA03.outwordra_RNO[3]     ORCALUT4     A        In      0.000     0.972       -         
RA03.outwordra_RNO[3]     ORCALUT4     Z        Out     0.617     1.589       -         
wordram[3]                Net          -        -       -         -           1         
RA03.outwordra[3]         FD1P3JX      D        In      0.000     1.589       -         
========================================================================================




====================================
Detailed Report for Clock: osc00|osc_int_inferred_clock
====================================



Starting Points with Worst Slack
********************************

                       Starting                                                          Arrival            
Instance               Reference                        Type        Pin     Net          Time        Slack  
                       Clock                                                                                
------------------------------------------------------------------------------------------------------------
RA00.OS01.sdiv[0]      osc00|osc_int_inferred_clock     FD1S3IX     Q       sdiv[0]      1.044       467.596
RA00.OS01.sdiv[1]      osc00|osc_int_inferred_clock     FD1S3IX     Q       sdiv[1]      1.044       467.596
RA00.OS01.sdiv[4]      osc00|osc_int_inferred_clock     FD1S3IX     Q       sdiv[4]      1.044       467.596
RA00.OS01.sdiv[5]      osc00|osc_int_inferred_clock     FD1S3IX     Q       sdiv[5]      1.044       467.596
RA00.OS01.sdiv[6]      osc00|osc_int_inferred_clock     FD1S3IX     Q       sdiv[6]      1.044       467.596
RA00.OS01.sdiv[7]      osc00|osc_int_inferred_clock     FD1S3IX     Q       sdiv[7]      1.044       467.596
RA00.OS01.sdiv[8]      osc00|osc_int_inferred_clock     FD1S3IX     Q       sdiv[8]      1.108       468.588
RA00.OS01.sdiv[9]      osc00|osc_int_inferred_clock     FD1S3IX     Q       sdiv[9]      1.108       468.588
RA00.OS01.sdiv[10]     osc00|osc_int_inferred_clock     FD1S3IX     Q       sdiv[10]     1.108       468.588
RA00.OS01.sdiv[11]     osc00|osc_int_inferred_clock     FD1S3IX     Q       sdiv[11]     1.108       468.588
============================================================================================================


Ending Points with Worst Slack
******************************

                       Starting                                                              Required            
Instance               Reference                        Type        Pin     Net              Time         Slack  
                       Clock                                                                                     
-----------------------------------------------------------------------------------------------------------------
RA00.OS01.sdiv[19]     osc00|osc_int_inferred_clock     FD1S3IX     D       un1_sdiv[20]     480.664      467.596
RA00.OS01.sdiv[20]     osc00|osc_int_inferred_clock     FD1S3IX     D       un1_sdiv[21]     480.664      467.596
RA00.OS01.sdiv[17]     osc00|osc_int_inferred_clock     FD1S3IX     D       un1_sdiv[18]     480.664      467.738
RA00.OS01.sdiv[18]     osc00|osc_int_inferred_clock     FD1S3IX     D       un1_sdiv[19]     480.664      467.738
RA00.OS01.sdiv[15]     osc00|osc_int_inferred_clock     FD1S3IX     D       un1_sdiv[16]     480.664      467.881
RA00.OS01.sdiv[16]     osc00|osc_int_inferred_clock     FD1S3IX     D       un1_sdiv[17]     480.664      467.881
RA00.OS01.sdiv[13]     osc00|osc_int_inferred_clock     FD1S3IX     D       un1_sdiv[14]     480.664      468.024
RA00.OS01.sdiv[14]     osc00|osc_int_inferred_clock     FD1S3IX     D       un1_sdiv[15]     480.664      468.024
RA00.OS01.sdiv[11]     osc00|osc_int_inferred_clock     FD1S3IX     D       un1_sdiv[12]     480.664      468.167
RA00.OS01.sdiv[12]     osc00|osc_int_inferred_clock     FD1S3IX     D       un1_sdiv[13]     480.664      468.167
=================================================================================================================



Worst Path Information
***********************


Path information for path number 1: 
      Requested Period:                      480.769
    - Setup time:                            0.106
    + Clock delay at ending point:           0.000 (ideal)
    = Required time:                         480.664

    - Propagation time:                      13.068
    - Clock delay at starting point:         0.000 (ideal)
    = Slack (critical) :                     467.595

    Number of logic level(s):                18
    Starting point:                          RA00.OS01.sdiv[0] / Q
    Ending point:                            RA00.OS01.sdiv[20] / D
    The start point is clocked by            osc00|osc_int_inferred_clock [rising] on pin CK
    The end   point is clocked by            osc00|osc_int_inferred_clock [rising] on pin CK

Instance / Net                                       Pin      Pin               Arrival     No. of    
Name                                    Type         Name     Dir     Delay     Time        Fan Out(s)
------------------------------------------------------------------------------------------------------
RA00.OS01.sdiv[0]                       FD1S3IX      Q        Out     1.044     1.044       -         
sdiv[0]                                 Net          -        -       -         -           2         
RA00.OS01.pdiv\.sdiv57lto9_i_a2_8_3     ORCALUT4     A        In      0.000     1.044       -         
RA00.OS01.pdiv\.sdiv57lto9_i_a2_8_3     ORCALUT4     Z        Out     1.017     2.061       -         
sdiv57lto9_i_a2_8_3                     Net          -        -       -         -           1         
RA00.OS01.pdiv\.sdiv57lto9_i_a2_8       ORCALUT4     A        In      0.000     2.061       -         
RA00.OS01.pdiv\.sdiv57lto9_i_a2_8       ORCALUT4     Z        Out     1.193     3.253       -         
N_21_8                                  Net          -        -       -         -           4         
RA00.OS01.pdiv\.sdiv15lto18_i_a2_17     ORCALUT4     B        In      0.000     3.253       -         
RA00.OS01.pdiv\.sdiv15lto18_i_a2_17     ORCALUT4     Z        Out     1.153     4.406       -         
N_3_18                                  Net          -        -       -         -           3         
RA00.OS01.un1_sdiv69_4_1_1              ORCALUT4     A        In      0.000     4.406       -         
RA00.OS01.un1_sdiv69_4_1_1              ORCALUT4     Z        Out     1.017     5.423       -         
un1_sdiv69_4_1_1                        Net          -        -       -         -           1         
RA00.OS01.un1_sdiv69_4_1                ORCALUT4     D        In      0.000     5.423       -         
RA00.OS01.un1_sdiv69_4_1                ORCALUT4     Z        Out     1.017     6.440       -         
un1_sdiv69_4_1                          Net          -        -       -         -           1         
RA00.OS01.un1_sdiv69_4                  ORCALUT4     D        In      0.000     6.440       -         
RA00.OS01.un1_sdiv69_4                  ORCALUT4     Z        Out     1.233     7.673       -         
un1_sdiv69_4                            Net          -        -       -         -           6         
RA00.OS01.un1_sdiv69_i                  ORCALUT4     B        In      0.000     7.673       -         
RA00.OS01.un1_sdiv69_i                  ORCALUT4     Z        Out     1.017     8.689       -         
un1_sdiv69_i                            Net          -        -       -         -           1         
RA00.OS01.un1_sdiv_cry_0_0              CCU2D        B0       In      0.000     8.689       -         
RA00.OS01.un1_sdiv_cry_0_0              CCU2D        COUT     Out     1.544     10.234      -         
un1_sdiv_cry_0                          Net          -        -       -         -           1         
RA00.OS01.un1_sdiv_cry_1_0              CCU2D        CIN      In      0.000     10.234      -         
RA00.OS01.un1_sdiv_cry_1_0              CCU2D        COUT     Out     0.143     10.377      -         
un1_sdiv_cry_2                          Net          -        -       -         -           1         
RA00.OS01.un1_sdiv_cry_3_0              CCU2D        CIN      In      0.000     10.377      -         
RA00.OS01.un1_sdiv_cry_3_0              CCU2D        COUT     Out     0.143     10.520      -         
un1_sdiv_cry_4                          Net          -        -       -         -           1         
RA00.OS01.un1_sdiv_cry_5_0              CCU2D        CIN      In      0.000     10.520      -         
RA00.OS01.un1_sdiv_cry_5_0              CCU2D        COUT     Out     0.143     10.662      -         
un1_sdiv_cry_6                          Net          -        -       -         -           1         
RA00.OS01.un1_sdiv_cry_7_0              CCU2D        CIN      In      0.000     10.662      -         
RA00.OS01.un1_sdiv_cry_7_0              CCU2D        COUT     Out     0.143     10.805      -         
un1_sdiv_cry_8                          Net          -        -       -         -           1         
RA00.OS01.un1_sdiv_cry_9_0              CCU2D        CIN      In      0.000     10.805      -         
RA00.OS01.un1_sdiv_cry_9_0              CCU2D        COUT     Out     0.143     10.948      -         
un1_sdiv_cry_10                         Net          -        -       -         -           1         
RA00.OS01.un1_sdiv_cry_11_0             CCU2D        CIN      In      0.000     10.948      -         
RA00.OS01.un1_sdiv_cry_11_0             CCU2D        COUT     Out     0.143     11.091      -         
un1_sdiv_cry_12                         Net          -        -       -         -           1         
RA00.OS01.un1_sdiv_cry_13_0             CCU2D        CIN      In      0.000     11.091      -         
RA00.OS01.un1_sdiv_cry_13_0             CCU2D        COUT     Out     0.143     11.233      -         
un1_sdiv_cry_14                         Net          -        -       -         -           1         
RA00.OS01.un1_sdiv_cry_15_0             CCU2D        CIN      In      0.000     11.233      -         
RA00.OS01.un1_sdiv_cry_15_0             CCU2D        COUT     Out     0.143     11.376      -         
un1_sdiv_cry_16                         Net          -        -       -         -           1         
RA00.OS01.un1_sdiv_cry_17_0             CCU2D        CIN      In      0.000     11.376      -         
RA00.OS01.un1_sdiv_cry_17_0             CCU2D        COUT     Out     0.143     11.519      -         
un1_sdiv_cry_18                         Net          -        -       -         -           1         
RA00.OS01.un1_sdiv_cry_19_0             CCU2D        CIN      In      0.000     11.519      -         
RA00.OS01.un1_sdiv_cry_19_0             CCU2D        S1       Out     1.549     13.068      -         
un1_sdiv[21]                            Net          -        -       -         -           1         
RA00.OS01.sdiv[20]                      FD1S3IX      D        In      0.000     13.068      -         
======================================================================================================



##### END OF TIMING REPORT #####]

Timing exceptions that could not be applied
None

Finished final timing analysis (Real Time elapsed 0h:00m:02s; CPU Time elapsed 0h:00m:02s; Memory used current: 171MB peak: 172MB)


Finished timing report (Real Time elapsed 0h:00m:02s; CPU Time elapsed 0h:00m:02s; Memory used current: 171MB peak: 172MB)

---------------------------------------
Resource Usage Report
Part: lcmxo2_7000he-5

Register bits: 66 of 6864 (1%)
PIC Latch:       0
I/O cells:       46


Details:
CCU2D:          15
DPR16X4C:       4
FD1P3AX:        17
FD1P3IX:        17
FD1P3JX:        8
FD1S3AX:        1
FD1S3IX:        21
FD1S3JX:        1
GSR:            1
IB:             11
IFS1P3IX:       1
OB:             35
ORCALUT4:       214
OSCH:           1
PUR:            1
VHI:            9
VLO:            9
Mapper successful!

At Mapper Exit (Real Time elapsed 0h:00m:03s; CPU Time elapsed 0h:00m:03s; Memory used current: 32MB peak: 172MB)

Process took 0h:00m:03s realtime, 0h:00m:03s cputime
# Sun Mar 24 19:08:12 2019

###########################################################]


Synthesis exit by 0.

edif2ngd  -l "MachXO2" -d LCMXO2-7000HE -path "D:/Sexto_Semestre/Arquitectura_Computadora/projectMachXO2/ram01/ram01" -path "D:/Sexto_Semestre/Arquitectura_Computadora/projectMachXO2/ram01"   "D:/Sexto_Semestre/Arquitectura_Computadora/projectMachXO2/ram01/ram01/ram01_ram01.edi" "ram01_ram01.ngo"   
edif2ngd:  version Diamond (64-bit) 3.10.0.111.2

Copyright (c) 1991-1994 by NeoCAD Inc. All rights reserved.
Copyright (c) 1995 AT&T Corp.   All rights reserved.
Copyright (c) 1995-2001 Lucent Technologies Inc.  All rights reserved.
Copyright (c) 2001 Agere Systems   All rights reserved.
Copyright (c) 2002-2017 Lattice Semiconductor Corporation,  All rights reserved.
Writing the design to ram01_ram01.ngo...

Total CPU Time: 0 secs  

Total REAL Time: 0 secs  


ngdbuild  -a "MachXO2" -d LCMXO2-7000HE  -p "C:/lscc/diamond/3.10_x64/ispfpga/xo2c00/data"  -p "D:/Sexto_Semestre/Arquitectura_Computadora/projectMachXO2/ram01/ram01" -p "D:/Sexto_Semestre/Arquitectura_Computadora/projectMachXO2/ram01"  "ram01_ram01.ngo" "ram01_ram01.ngd"  	
ngdbuild:  version Diamond (64-bit) 3.10.0.111.2

Copyright (c) 1991-1994 by NeoCAD Inc. All rights reserved.
Copyright (c) 1995 AT&T Corp.   All rights reserved.
Copyright (c) 1995-2001 Lucent Technologies Inc.  All rights reserved.
Copyright (c) 2001 Agere Systems   All rights reserved.
Copyright (c) 2002-2017 Lattice Semiconductor Corporation,  All rights reserved.
Reading 'ram01_ram01.ngo' ...
Loading NGL library 'C:/lscc/diamond/3.10_x64/ispfpga/xo2c00a/data/xo2alib.ngl'...
Loading NGL library 'C:/lscc/diamond/3.10_x64/ispfpga/xo2c00/data/xo2clib.ngl'...
Loading NGL library 'C:/lscc/diamond/3.10_x64/ispfpga/mg5g00/data/mg5glib.ngl'...
Loading NGL library 'C:/lscc/diamond/3.10_x64/ispfpga/or5g00/data/orc5glib.ngl'...


Running DRC...

    <postMsg mid="1166052" type="Warning" dynamic="2" navigation="1" arg0="logical" arg1="RA00/OS00/OSCInst0_SEDSTDBY" arg2="RA00/OS00/OSCInst0_SEDSTDBY"  />
    <postMsg mid="1163101" type="Warning" dynamic="1" navigation="0" arg0="1"  />

Design Results:
    365 blocks expanded
Complete the first expansion.
Writing 'ram01_ram01.ngd' ...
Total CPU Time: 0 secs  

Total REAL Time: 0 secs  


map -a "MachXO2" -p LCMXO2-7000HE -t TQFP144 -s 5 -oc Commercial   "ram01_ram01.ngd" -o "ram01_ram01_map.ncd" -pr "ram01_ram01.prf" -mp "ram01_ram01.mrp" -lpf "D:/Sexto_Semestre/Arquitectura_Computadora/projectMachXO2/ram01/ram01/ram01_ram01_synplify.lpf" -lpf "D:/Sexto_Semestre/Arquitectura_Computadora/projectMachXO2/ram01/ram01.lpf" -c 0            
map:  version Diamond (64-bit) 3.10.0.111.2

Copyright (c) 1991-1994 by NeoCAD Inc. All rights reserved.
Copyright (c) 1995 AT&T Corp.   All rights reserved.
Copyright (c) 1995-2001 Lucent Technologies Inc.  All rights reserved.
Copyright (c) 2001 Agere Systems   All rights reserved.
Copyright (c) 2002-2017 Lattice Semiconductor Corporation,  All rights reserved.
   Process the file: ram01_ram01.ngd
   Picdevice="LCMXO2-7000HE"

   Pictype="TQFP144"

   Picspeed=5

   Remove unused logic

   Do not produce over sized NCDs.

Part used: LCMXO2-7000HETQFP144, Performance used: 5.

Loading device for application map from file 'xo2c7000.nph' in environment: C:/lscc/diamond/3.10_x64/ispfpga.
Package Status:                     Final          Version 1.39.

Running general design DRC...

Removing unused logic...

Optimizing...




Design Summary:
   Number of registers:     66 out of  7209 (1%)
      PFU registers:           65 out of  6864 (1%)
      PIO registers:            1 out of   345 (0%)
   Number of SLICEs:       135 out of  3432 (4%)
      SLICEs as Logic/ROM:    123 out of  3432 (4%)
      SLICEs as RAM:           12 out of  2574 (0%)
      SLICEs as Carry:         15 out of  3432 (0%)
   Number of LUT4s:        269 out of  6864 (4%)
      Number used as logic LUTs:        215
      Number used as distributed RAM:    24
      Number used as ripple logic:       30
      Number used as shift registers:     0
   Number of PIO sites used: 46 + 4(JTAG) out of 115 (43%)
   Number of block RAMs:  0 out of 26 (0%)
   Number of GSRs:  0 out of 1 (0%)
   EFB used :       No
   JTAG used :      No
   Readback used :  No
   Oscillator used :  Yes
   Startup used :   No
   POR :            On
   Bandgap :        On
   Number of Power Controller:  0 out of 1 (0%)
   Number of Dynamic Bank Controller (BCINRD):  0 out of 6 (0%)
   Number of Dynamic Bank Controller (BCLVDSO):  0 out of 1 (0%)
   Number of DCCA:  0 out of 8 (0%)
   Number of DCMA:  0 out of 2 (0%)
   Number of PLLs:  0 out of 2 (0%)
   Number of DQSDLLs:  0 out of 2 (0%)
   Number of CLKDIVC:  0 out of 4 (0%)
   Number of ECLKSYNCA:  0 out of 4 (0%)
   Number of ECLKBRIDGECS:  0 out of 2 (0%)
   Notes:-
      1. Total number of LUT4s = (Number of logic LUT4s) + 2*(Number of distributed RAMs) + 2*(Number of ripple logic)
      2. Number of logic LUT4s does not include count of distributed RAM and ripple logic.
   Number of clocks:  2
     Net RA00.OS01.outdiv_i: 8 loads, 8 rising, 0 falling (Driver: RA00/OS01/outdiv )
     Net RA00.sclk_0: 38 loads, 38 rising, 0 falling (Driver: RA00/OS00/OSCInst0 )
   Number of Clock Enables:  5
     Net pcoder.outFlagc_15_f0_0_o2_1_RNIO2GO1: 5 loads, 4 LSLICEs
     Net un1_outdiv_0_sqmuxa_1_2_RNIOC8O: 11 loads, 11 LSLICEs
     Net RA03/outwordra_cnv[0]: 4 loads, 4 LSLICEs
     Net RA02/un1_rwc_1_0_o2_RNI35J11: 4 loads, 4 LSLICEs
     Net RA02/outFlagc_RNO: 1 loads, 1 LSLICEs
   Number of LSRs:  5
     Net un1_outdiv_0_sqmuxa_1_2_RNISLCF1: 5 loads, 4 LSLICEs
     Net RA03/outwordra_38: 4 loads, 4 LSLICEs
     Net un1_outdiv_0_sqmuxa_1_2_RNIF3A01: 6 loads, 6 LSLICEs
     Net RA01/fb: 1 loads, 1 LSLICEs
     Net RA00/OS01/un1_sdiv61_RNI5A1M1: 11 loads, 11 LSLICEs
   Number of nets driven by tri-state buffers:  0
   Top 10 highest fanout non-clock nets:
     Net rw0_c: 42 loads
     Net en0_c: 31 loads
     Net inkey0_c[1]: 25 loads
     Net outcontR0_c[1]: 21 loads
     Net outcontR0_c[0]: 20 loads
     Net outcontR0_c[2]: 20 loads
     Net outcontR0_c[3]: 20 loads
     Net outr0_c[2]: 18 loads
     Net outr0_c[0]: 17 loads
     Net un1_outdiv_0_sqmuxa_1_2_RNIOC8O: 17 loads
 

   Number of warnings:  0
   Number of errors:    0



Total CPU Time: 0 secs  
Total REAL Time: 0 secs  
Peak Memory Usage: 57 MB

Dumping design to file ram01_ram01_map.ncd.

mpartrce -p "ram01_ram01.p2t" -f "ram01_ram01.p3t" -tf "ram01_ram01.pt" "ram01_ram01_map.ncd" "ram01_ram01.ncd"

---- MParTrce Tool ----
Removing old design directory at request of -rem command line option to this program.
Running par. Please wait . . .

Lattice Place and Route Report for Design "ram01_ram01_map.ncd"
Sun Mar 24 19:08:15 2019

PAR: Place And Route Diamond (64-bit) 3.10.0.111.2.
Command Line: par -w -l 5 -i 6 -t 1 -c 0 -e 0 -gui -exp parUseNBR=1:parCDP=0:parCDR=0:parPathBased=OFF ram01_ram01_map.ncd ram01_ram01.dir/5_1.ncd ram01_ram01.prf
Preference file: ram01_ram01.prf.
Placement level-cost: 5-1.
Routing Iterations: 6

Loading design for application par from file ram01_ram01_map.ncd.
Design name: topram00
NCD version: 3.3
Vendor:      LATTICE
Device:      LCMXO2-7000HE
Package:     TQFP144
Performance: 5
Loading device for application par from file 'xo2c7000.nph' in environment: C:/lscc/diamond/3.10_x64/ispfpga.
Package Status:                     Final          Version 1.39.
Performance Hardware Data Status:   Final          Version 34.4.
License checked out.


Ignore Preference Error(s):  True
Device utilization summary:

   PIO (prelim)   46+4(JTAG)/336     15% used
                  46+4(JTAG)/115     43% bonded
   IOLOGIC            1/336          <1% used

   SLICE            135/3432          3% used

   OSC                1/1           100% used


Number of Signals: 376
Number of Connections: 1155

Pin Constraint Summary:
   46 out of 46 pins locked (100% locked).

The following 1 signal is selected to use the primary clock routing resources:
    RA00.sclk_0 (driver: RA00/OS00/OSCInst0, clk load #: 38)


The following 3 signals are selected to use the secondary clock routing resources:
    RA00.OS01.outdiv_i (driver: RA00/OS01/SLICE_27, clk load #: 8, sr load #: 0, ce load #: 0)
    un1_outdiv_0_sqmuxa_1_2_RNIOC8O (driver: SLICE_65, clk load #: 0, sr load #: 0, ce load #: 11)
    RA00/OS01/un1_sdiv61_RNI5A1M1 (driver: RA00/OS01/SLICE_62, clk load #: 0, sr load #: 11, ce load #: 0)

No signal is selected as Global Set/Reset.
Starting Placer Phase 0.
.........
Finished Placer Phase 0.  REAL time: 2 secs 

Starting Placer Phase 1.
...................
Placer score = 93702.
Finished Placer Phase 1.  REAL time: 7 secs 

Starting Placer Phase 2.
.
Placer score =  93648
Finished Placer Phase 2.  REAL time: 7 secs 


------------------ Clock Report ------------------

Global Clock Resources:
  CLK_PIN    : 0 out of 8 (0%)
  PLL        : 0 out of 2 (0%)
  DCM        : 0 out of 2 (0%)
  DCC        : 0 out of 8 (0%)

Quadrants All (TL, TR, BL, BR) - Global Clocks:
  PRIMARY "RA00.sclk_0" from OSC on comp "RA00/OS00/OSCInst0" on site "OSC", clk load = 38
  SECONDARY "RA00.OS01.outdiv_i" from Q0 on comp "RA00/OS01/SLICE_27" on site "R21C18A", clk load = 8, ce load = 0, sr load = 0
  SECONDARY "un1_outdiv_0_sqmuxa_1_2_RNIOC8O" from F1 on comp "SLICE_65" on site "R14C18C", clk load = 0, ce load = 11, sr load = 0
  SECONDARY "RA00/OS01/un1_sdiv61_RNI5A1M1" from F0 on comp "RA00/OS01/SLICE_62" on site "R21C20B", clk load = 0, ce load = 0, sr load = 11

  PRIMARY  : 1 out of 8 (12%)
  SECONDARY: 3 out of 8 (37%)

Edge Clocks:
  No edge clock selected.

--------------- End of Clock Report ---------------


I/O Usage Summary (final):
   46 + 4(JTAG) out of 336 (14.9%) PIO sites used.
   46 + 4(JTAG) out of 115 (43.5%) bonded PIO sites used.
   Number of PIO comps: 46; differential: 0.
   Number of Vref pins used: 0.

I/O Bank Usage Summary:
+----------+----------------+------------+-----------+
| I/O Bank | Usage          | Bank Vccio | Bank Vref |
+----------+----------------+------------+-----------+
| 0        | 15 / 28 ( 53%) | 2.5V       | -         |
| 1        | 8 / 29 ( 27%)  | 2.5V       | -         |
| 2        | 7 / 29 ( 24%)  | 2.5V       | -         |
| 3        | 6 / 9 ( 66%)   | 2.5V       | -         |
| 4        | 5 / 10 ( 50%)  | 2.5V       | -         |
| 5        | 5 / 10 ( 50%)  | 2.5V       | -         |
+----------+----------------+------------+-----------+

Total placer CPU time: 6 secs 

Dumping design to file ram01_ram01.dir/5_1.ncd.

0 connections routed; 1155 unrouted.
Starting router resource preassignment

Completed router resource preassignment. Real time: 10 secs 

Start NBR router at 19:08:26 03/24/19

*****************************************************************
Info: NBR allows conflicts(one node used by more than one signal)
      in the earlier iterations. In each iteration, it tries to  
      solve the conflicts while keeping the critical connections 
      routed as short as possible. The routing process is said to
      be completed when no conflicts exist and all connections   
      are routed.                                                
Note: NBR uses a different method to calculate timing slacks. The
      worst slack and total negative slack may not be the same as
      that in TRCE report. You should always run TRCE to verify  
      your design.                                               
*****************************************************************

Start NBR special constraint process at 19:08:26 03/24/19

Start NBR section for initial routing at 19:08:26 03/24/19
Level 4, iteration 1
37(0.01%) conflicts; 0(0.00%) untouched conn; 0 (nbr) score; 
Estimated worst slack/total negative slack<setup>: 464.041ns/0.000ns; real time: 11 secs 

Info: Initial congestion level at 75% usage is 0
Info: Initial congestion area  at 75% usage is 0 (0.00%)

Start NBR section for normal routing at 19:08:26 03/24/19
Level 4, iteration 1
12(0.00%) conflicts; 0(0.00%) untouched conn; 0 (nbr) score; 
Estimated worst slack/total negative slack<setup>: 463.811ns/0.000ns; real time: 11 secs 
Level 4, iteration 2
7(0.00%) conflicts; 0(0.00%) untouched conn; 0 (nbr) score; 
Estimated worst slack/total negative slack<setup>: 463.811ns/0.000ns; real time: 11 secs 
Level 4, iteration 3
2(0.00%) conflicts; 0(0.00%) untouched conn; 0 (nbr) score; 
Estimated worst slack/total negative slack<setup>: 463.811ns/0.000ns; real time: 11 secs 
Level 4, iteration 4
0(0.00%) conflict; 0(0.00%) untouched conn; 0 (nbr) score; 
Estimated worst slack/total negative slack<setup>: 463.811ns/0.000ns; real time: 11 secs 

Start NBR section for setup/hold timing optimization with effort level 3 at 19:08:26 03/24/19

Start NBR section for re-routing at 19:08:27 03/24/19
Level 4, iteration 1
0(0.00%) conflict; 0(0.00%) untouched conn; 0 (nbr) score; 
Estimated worst slack/total negative slack<setup>: 463.811ns/0.000ns; real time: 12 secs 

Start NBR section for post-routing at 19:08:27 03/24/19

End NBR router with 0 unrouted connection

NBR Summary
-----------
  Number of unrouted connections : 0 (0.00%)
  Number of connections with timing violations : 0 (0.00%)
  Estimated worst slack<setup> : 463.811ns
  Timing score<setup> : 0
-----------
Notes: The timing info is calculated for SETUP only and all PAR_ADJs are ignored.



Total CPU time 11 secs 
Total REAL time: 12 secs 
Completely routed.
End of route.  1155 routed (100.00%); 0 unrouted.

Hold time timing score: 0, hold timing errors: 0

Timing score: 0 

Dumping design to file ram01_ram01.dir/5_1.ncd.


PAR_SUMMARY::Run status = Success
PAR_SUMMARY::Number of unrouted conns = 0
PAR_SUMMARY::Worst  slack<setup/<ns>> = 463.811
PAR_SUMMARY::Timing score<setup/<ns>> = 0.000
PAR_SUMMARY::Worst  slack<hold /<ns>> = 0.306
PAR_SUMMARY::Timing score<hold /<ns>> = 0.000
PAR_SUMMARY::Number of errors = 0

Total CPU  time to completion: 12 secs 
Total REAL time to completion: 12 secs 

par done!

Copyright (c) 1991-1994 by NeoCAD Inc. All rights reserved.
Copyright (c) 1995 AT&T Corp.   All rights reserved.
Copyright (c) 1995-2001 Lucent Technologies Inc.  All rights reserved.
Copyright (c) 2001 Agere Systems   All rights reserved.
Copyright (c) 2002-2017 Lattice Semiconductor Corporation,  All rights reserved.
Exiting par with exit code 0
Exiting mpartrce with exit code 0

bitgen -f "ram01_ram01.t2b" -w "ram01_ram01.ncd" -jedec "ram01_ram01.prf"


BITGEN: Bitstream Generator Diamond (64-bit) 3.10.0.111.2
Copyright (c) 1991-1994 by NeoCAD Inc. All rights reserved.
Copyright (c) 1995 AT&T Corp.   All rights reserved.
Copyright (c) 1995-2001 Lucent Technologies Inc.  All rights reserved.
Copyright (c) 2001 Agere Systems   All rights reserved.
Copyright (c) 2002-2017 Lattice Semiconductor Corporation,  All rights reserved.


Loading design for application Bitgen from file ram01_ram01.ncd.
Design name: topram00
NCD version: 3.3
Vendor:      LATTICE
Device:      LCMXO2-7000HE
Package:     TQFP144
Performance: 5
Loading device for application Bitgen from file 'xo2c7000.nph' in environment: C:/lscc/diamond/3.10_x64/ispfpga.
Package Status:                     Final          Version 1.39.
Performance Hardware Data Status:   Final          Version 34.4.

Running DRC.
DRC detected 0 errors and 0 warnings.
Reading Preference File from ram01_ram01.prf.

Preference Summary:
+---------------------------------+---------------------------------+
|  Preference                     |  Current Setting                |
+---------------------------------+---------------------------------+
|                         RamCfg  |                        Reset**  |
+---------------------------------+---------------------------------+
|                     MCCLK_FREQ  |                         2.08**  |
+---------------------------------+---------------------------------+
|                  CONFIG_SECURE  |                          OFF**  |
+---------------------------------+---------------------------------+
|                          INBUF  |                           ON**  |
+---------------------------------+---------------------------------+
|                      JTAG_PORT  |                       ENABLE**  |
+---------------------------------+---------------------------------+
|                       SDM_PORT  |                      DISABLE**  |
+---------------------------------+---------------------------------+
|                 SLAVE_SPI_PORT  |                      DISABLE**  |
+---------------------------------+---------------------------------+
|                MASTER_SPI_PORT  |                      DISABLE**  |
+---------------------------------+---------------------------------+
|                       I2C_PORT  |                      DISABLE**  |
+---------------------------------+---------------------------------+
|        MUX_CONFIGURATION_PORTS  |                      DISABLE**  |
+---------------------------------+---------------------------------+
|                  CONFIGURATION  |                          CFG**  |
+---------------------------------+---------------------------------+
|                COMPRESS_CONFIG  |                           ON**  |
+---------------------------------+---------------------------------+
|                        MY_ASSP  |                          OFF**  |
+---------------------------------+---------------------------------+
|               ONE_TIME_PROGRAM  |                          OFF**  |
+---------------------------------+---------------------------------+
|                 ENABLE_TRANSFR  |                      DISABLE**  |
+---------------------------------+---------------------------------+
|                  SHAREDEBRINIT  |                      DISABLE**  |
+---------------------------------+---------------------------------+
|            BACKGROUND_RECONFIG  |                          OFF**  |
+---------------------------------+---------------------------------+
 *  Default setting.
 ** The specified setting matches the default setting.


Creating bit map...
 
Bitstream Status: Final           Version 1.94.
 
Saving bit stream in "ram01_ram01.jed".
 
===========
UFM Summary.
===========
UFM Size:        2046 Pages (128*2046 Bits).
UFM Utilization: General Purpose Flash Memory.
 
Available General Purpose Flash Memory: 2046 Pages (Page 0 to Page 2045).
Initialized UFM Pages:                     0 Page.
 
